[2m2023-01-10T18:40:22.537157Z[0m [32m INFO[0m [2mztunnel[0m[2m:[0m running with config: Config {
    window_size: 4194304,
    connection_window_size: 4194304,
    frame_size: 1048576,
    socks5_addr: [::]:15080,
    admin_addr: [::]:15000,
    readiness_addr: [::]:15021,
    inbound_addr: [::]:15008,
    inbound_plaintext_addr: [::]:15006,
    outbound_addr: [::]:15001,
    local_node: Some(
        "ambient-worker",
    ),
    ca_address: Some(
        "https://istiod.istio-system.svc:15012",
    ),
    ca_root_cert: File(
        "./var/run/secrets/istio/root-cert.pem",
    ),
    xds_address: Some(
        "https://istiod.istio-system.svc:15012",
    ),
    xds_root_cert: File(
        "./var/run/secrets/istio/root-cert.pem",
    ),
    local_xds_config: None,
    xds_on_demand: false,
    fake_ca: false,
    auth: Token(
        "./var/run/secrets/tokens/istio-token",
    ),
    termination_grace_period: 5s,
    num_worker_threads: 2,
    proxy_args: "proxy ztunnel",
}
[2m2023-01-10T18:40:22.537291Z[0m [32m INFO[0m [2mztunnel::readiness[0m[2m:[0m Task 'workload manager' complete (986.608µs), still awaiting 2 tasks
[2m2023-01-10T18:40:22.537325Z[0m [32m INFO[0m [2mztunnel::proxy::inbound_passthrough[0m[2m:[0m listener established [3maddress[0m[2m=[0m[::]:15006 [3mcomponent[0m[2m=[0m"inbound plaintext" [3mtransparent[0m[2m=[0mtrue
[2m2023-01-10T18:40:22.537335Z[0m [32m INFO[0m [2mztunnel::proxy::inbound[0m[2m:[0m listener established [3maddress[0m[2m=[0m[::]:15008 [3mcomponent[0m[2m=[0m"inbound" [3mtransparent[0m[2m=[0mtrue
[2m2023-01-10T18:40:22.537341Z[0m [32m INFO[0m [2mztunnel::proxy::outbound[0m[2m:[0m listener established [3maddress[0m[2m=[0m[::]:15001 [3mcomponent[0m[2m=[0m"outbound" [3mtransparent[0m[2m=[0mtrue
[2m2023-01-10T18:40:22.537346Z[0m [32m INFO[0m [2mztunnel::proxy::socks5[0m[2m:[0m listener established [3maddress[0m[2m=[0m[::]:15080 [3mcomponent[0m[2m=[0m"socks5"
[2m2023-01-10T18:40:22.537350Z[0m [32m INFO[0m [2mztunnel::readiness[0m[2m:[0m Task 'proxy listeners' complete (1.046226ms), still awaiting 1 tasks
[2m2023-01-10T18:40:22.537355Z[0m [32m INFO[0m [2mztunnel::admin[0m[2m:[0m listener established [3maddress[0m[2m=[0m[::]:15000 [3mcomponent[0m[2m=[0m"admin"
[2m2023-01-10T18:40:22.537491Z[0m [32m INFO[0m [2mztunnel::readiness::server[0m[2m:[0m Serving readiness server at [::]:15021
[2m2023-01-10T18:40:22.538372Z[0m [33m WARN[0m [1mxds[0m[1m{[0m[3mid[0m[2m=[0m1[1m}[0m[2m:[0m [2mztunnel::xds::client[0m[2m:[0m XDS client error: gRPC connection error (The service is currently unavailable): error trying to connect: tcp connect error: Connection refused (os error 111), retrying in 20ms
[2m2023-01-10T18:40:23.570149Z[0m [32m INFO[0m [2mztunnel::xds::client[0m[2m:[0m sending initial request [3mresources[0m[2m=[0m0 [3mtype_url[0m[2m=[0m"type.googleapis.com/istio.workload.Workload"
[2m2023-01-10T18:40:23.572070Z[0m [32m INFO[0m [1mxds[0m[1m{[0m[3mid[0m[2m=[0m2[1m}[0m[2m:[0m [2mztunnel::xds::client[0m[2m:[0m Stream established
[2m2023-01-10T18:40:23.572086Z[0m [32m INFO[0m [1mxds[0m[1m{[0m[3mid[0m[2m=[0m2[1m}[0m[2m:[0m [2mztunnel::xds::client[0m[2m:[0m received response [3mtype_url[0m[2m=[0m"type.googleapis.com/istio.workload.Workload" [3msize[0m[2m=[0m9
[2m2023-01-10T18:40:23.572125Z[0m [32m INFO[0m [2mztunnel::readiness[0m[2m:[0m Task 'ads client' complete (1.035821675s), marking server ready
[2m2023-01-10T18:40:24.196888Z[0m [32m INFO[0m [1mxds[0m[1m{[0m[3mid[0m[2m=[0m2[1m}[0m[2m:[0m [2mztunnel::xds::client[0m[2m:[0m received response [3mtype_url[0m[2m=[0m"type.googleapis.com/istio.workload.Workload" [3msize[0m[2m=[0m1
[2m2023-01-10T18:40:24.480454Z[0m [32m INFO[0m [1mxds[0m[1m{[0m[3mid[0m[2m=[0m2[1m}[0m[2m:[0m [2mztunnel::xds::client[0m[2m:[0m received response [3mtype_url[0m[2m=[0m"type.googleapis.com/istio.workload.Workload" [3msize[0m[2m=[0m1
[2m2023-01-10T18:40:25.288494Z[0m [32m INFO[0m [1mxds[0m[1m{[0m[3mid[0m[2m=[0m2[1m}[0m[2m:[0m [2mztunnel::xds::client[0m[2m:[0m received response [3mtype_url[0m[2m=[0m"type.googleapis.com/istio.workload.Workload" [3msize[0m[2m=[0m1
[2m2023-01-10T18:40:27.367171Z[0m [32m INFO[0m [1mxds[0m[1m{[0m[3mid[0m[2m=[0m2[1m}[0m[2m:[0m [2mztunnel::xds::client[0m[2m:[0m received response [3mtype_url[0m[2m=[0m"type.googleapis.com/istio.workload.Workload" [3msize[0m[2m=[0m1
[2m2023-01-10T18:41:00.257919Z[0m [33m WARN[0m [1mxds[0m[1m{[0m[3mid[0m[2m=[0m2[1m}[0m[2m:[0m [2mztunnel::xds::client[0m[2m:[0m XDS client error: gRPC error (Unknown error): error reading a body from connection: broken pipe, retrying
[2m2023-01-10T18:41:00.258914Z[0m [33m WARN[0m [1mxds[0m[1m{[0m[3mid[0m[2m=[0m3[1m}[0m[2m:[0m [2mztunnel::xds::client[0m[2m:[0m XDS client error: gRPC connection error (The service is currently unavailable): error trying to connect: tcp connect error: Connection refused (os error 111), retrying in 20ms
[2m2023-01-10T18:41:00.280778Z[0m [33m WARN[0m [1mxds[0m[1m{[0m[3mid[0m[2m=[0m4[1m}[0m[2m:[0m [2mztunnel::xds::client[0m[2m:[0m XDS client error: gRPC connection error (The service is currently unavailable): error trying to connect: tcp connect error: Connection refused (os error 111), retrying in 40ms
[2m2023-01-10T18:41:00.322707Z[0m [33m WARN[0m [1mxds[0m[1m{[0m[3mid[0m[2m=[0m5[1m}[0m[2m:[0m [2mztunnel::xds::client[0m[2m:[0m XDS client error: gRPC connection error (The service is currently unavailable): error trying to connect: tcp connect error: Connection refused (os error 111), retrying in 80ms
[2m2023-01-10T18:41:00.404478Z[0m [33m WARN[0m [1mxds[0m[1m{[0m[3mid[0m[2m=[0m6[1m}[0m[2m:[0m [2mztunnel::xds::client[0m[2m:[0m XDS client error: gRPC connection error (The service is currently unavailable): error trying to connect: tcp connect error: Connection refused (os error 111), retrying in 160ms
[2m2023-01-10T18:41:00.570421Z[0m [32m INFO[0m [2mztunnel::xds::client[0m[2m:[0m sending initial request [3mresources[0m[2m=[0m13 [3mtype_url[0m[2m=[0m"type.googleapis.com/istio.workload.Workload"
[2m2023-01-10T18:41:00.617234Z[0m [32m INFO[0m [1mxds[0m[1m{[0m[3mid[0m[2m=[0m7[1m}[0m[2m:[0m [2mztunnel::xds::client[0m[2m:[0m Stream established
[2m2023-01-10T18:41:00.617263Z[0m [32m INFO[0m [1mxds[0m[1m{[0m[3mid[0m[2m=[0m7[1m}[0m[2m:[0m [2mztunnel::xds::client[0m[2m:[0m received response [3mtype_url[0m[2m=[0m"type.googleapis.com/istio.workload.Workload" [3msize[0m[2m=[0m13
[2m2023-01-10T18:41:01.359003Z[0m [32m INFO[0m [1mxds[0m[1m{[0m[3mid[0m[2m=[0m7[1m}[0m[2m:[0m [2mztunnel::xds::client[0m[2m:[0m received response [3mtype_url[0m[2m=[0m"type.googleapis.com/istio.workload.Workload" [3msize[0m[2m=[0m0
[2m2023-01-10T18:41:01.359028Z[0m [32m INFO[0m [1mxds[0m[1m{[0m[3mid[0m[2m=[0m7[1m}[0m[2m:[0m [2mztunnel::workload[0m[2m:[0m handling delete 10.244.1.8
[2m2023-01-10T18:41:10.361234Z[0m [32m INFO[0m [1mxds[0m[1m{[0m[3mid[0m[2m=[0m7[1m}[0m[2m:[0m [2mztunnel::xds::client[0m[2m:[0m received response [3mtype_url[0m[2m=[0m"type.googleapis.com/istio.workload.Workload" [3msize[0m[2m=[0m13
[2m2023-01-10T18:41:55.355411Z[0m [31mERROR[0m [2mztunnel::telemetry[0m[2m:[0m new log filter is debug
[2m2023-01-10T18:41:55.355441Z[0m [34mDEBUG[0m [2mhyper::proto::h1::io[0m[2m:[0m flushed 129 bytes
[2m2023-01-10T18:41:55.355482Z[0m [34mDEBUG[0m [2mhyper::proto::h1::conn[0m[2m:[0m read eof
[2m2023-01-10T18:41:57.946118Z[0m [34mDEBUG[0m [2mhyper::proto::h1::role[0m[2m:[0m setting h1 header read timeout timer
[2m2023-01-10T18:41:57.946171Z[0m [34mDEBUG[0m [2mhyper::proto::h1::io[0m[2m:[0m parsed 4 headers
[2m2023-01-10T18:41:57.946185Z[0m [34mDEBUG[0m [2mhyper::proto::h1::conn[0m[2m:[0m incoming body is empty
[2m2023-01-10T18:41:57.946331Z[0m [34mDEBUG[0m [2mhyper::proto::h1::io[0m[2m:[0m flushed 107 bytes
[2m2023-01-10T18:42:01.097035Z[0m [34mDEBUG[0m [2mhyper::proto::h1::role[0m[2m:[0m setting h1 header read timeout timer
[2m2023-01-10T18:42:01.097049Z[0m [34mDEBUG[0m [2mhyper::proto::h1::io[0m[2m:[0m parsed 3 headers
[2m2023-01-10T18:42:01.097050Z[0m [34mDEBUG[0m [2mhyper::proto::h1::conn[0m[2m:[0m incoming body is empty
[2m2023-01-10T18:42:01.097066Z[0m [31mERROR[0m [2mztunnel::telemetry[0m[2m:[0m new log filter is trace
[2m2023-01-10T18:42:01.097076Z[0m [35mTRACE[0m [1mencode_headers[0m[2m:[0m [2mhyper::proto::h1::role[0m[2m:[0m Server::encode status=200, body=Some(Known(27)), req_method=Some(POST)
[2m2023-01-10T18:42:01.097083Z[0m [35mTRACE[0m [2mhyper::proto::h1::io[0m[2m:[0m buffer.queue [3mself.len[0m[2m=[0m102 [3mbuf.len[0m[2m=[0m27
[2m2023-01-10T18:42:01.097100Z[0m [34mDEBUG[0m [2mhyper::proto::h1::io[0m[2m:[0m flushed 129 bytes
[2m2023-01-10T18:42:01.097102Z[0m [35mTRACE[0m [2mhyper::proto::h1::conn[0m[2m:[0m maybe_notify; read_from_io blocked
[2m2023-01-10T18:42:01.097104Z[0m [35mTRACE[0m [2mhyper::proto::h1::conn[0m[2m:[0m flushed({role=server}): State { reading: Init, writing: Init, keep_alive: Idle, allow_half_close: true }
[2m2023-01-10T18:42:01.097143Z[0m [35mTRACE[0m [2mhyper::proto::h1::conn[0m[2m:[0m Conn::read_head
[2m2023-01-10T18:42:01.097146Z[0m [35mTRACE[0m [2mhyper::proto::h1::io[0m[2m:[0m received 0 bytes
[2m2023-01-10T18:42:01.097148Z[0m [35mTRACE[0m [2mhyper::proto::h1::io[0m[2m:[0m parse eof
[2m2023-01-10T18:42:01.097150Z[0m [35mTRACE[0m [2mhyper::proto::h1::conn[0m[2m:[0m State::close_read()
[2m2023-01-10T18:42:01.097151Z[0m [34mDEBUG[0m [2mhyper::proto::h1::conn[0m[2m:[0m read eof
[2m2023-01-10T18:42:01.097153Z[0m [35mTRACE[0m [2mhyper::proto::h1::conn[0m[2m:[0m State::close_write()
[2m2023-01-10T18:42:01.097154Z[0m [35mTRACE[0m [2mhyper::proto::h1::conn[0m[2m:[0m State::close_read()
[2m2023-01-10T18:42:01.097156Z[0m [35mTRACE[0m [2mhyper::proto::h1::conn[0m[2m:[0m State::close_write()
[2m2023-01-10T18:42:01.097157Z[0m [35mTRACE[0m [2mhyper::proto::h1::conn[0m[2m:[0m flushed({role=server}): State { reading: Closed, writing: Closed, keep_alive: Disabled, allow_half_close: true }
[2m2023-01-10T18:42:01.097173Z[0m [35mTRACE[0m [2mhyper::proto::h1::conn[0m[2m:[0m shut down IO complete
[2m2023-01-10T18:42:07.945090Z[0m [35mTRACE[0m [2mhyper::proto::h1::conn[0m[2m:[0m Conn::read_head
[2m2023-01-10T18:42:07.945103Z[0m [35mTRACE[0m [2mhyper::proto::h1::io[0m[2m:[0m received 117 bytes
[2m2023-01-10T18:42:07.945118Z[0m [34mDEBUG[0m [1mparse_headers[0m[2m:[0m [2mhyper::proto::h1::role[0m[2m:[0m setting h1 header read timeout timer
[2m2023-01-10T18:42:07.945123Z[0m [35mTRACE[0m [1mparse_headers[0m[2m:[0m [2mhyper::proto::h1::role[0m[2m:[0m Request.parse [3mbytes[0m[2m=[0m117
[2m2023-01-10T18:42:07.945127Z[0m [35mTRACE[0m [1mparse_headers[0m[2m:[0m [2mhyper::proto::h1::role[0m[2m:[0m Request.parse Complete(117)
[2m2023-01-10T18:42:07.945135Z[0m [34mDEBUG[0m [2mhyper::proto::h1::io[0m[2m:[0m parsed 4 headers
[2m2023-01-10T18:42:07.945138Z[0m [34mDEBUG[0m [2mhyper::proto::h1::conn[0m[2m:[0m incoming body is empty
[2m2023-01-10T18:42:07.945140Z[0m [35mTRACE[0m [2mhyper::proto::h1::conn[0m[2m:[0m remote disabling keep-alive
[2m2023-01-10T18:42:07.945148Z[0m [35mTRACE[0m [1mencode_headers[0m[2m:[0m [2mhyper::proto::h1::role[0m[2m:[0m Server::encode status=200, body=Some(Known(6)), req_method=Some(GET)
[2m2023-01-10T18:42:07.945153Z[0m [35mTRACE[0m [2mhyper::proto::h1::io[0m[2m:[0m buffer.queue [3mself.len[0m[2m=[0m101 [3mbuf.len[0m[2m=[0m6
[2m2023-01-10T18:42:07.945182Z[0m [34mDEBUG[0m [2mhyper::proto::h1::io[0m[2m:[0m flushed 107 bytes
[2m2023-01-10T18:42:07.945184Z[0m [35mTRACE[0m [2mhyper::proto::h1::conn[0m[2m:[0m State::close()
[2m2023-01-10T18:42:07.945186Z[0m [35mTRACE[0m [2mhyper::proto::h1::conn[0m[2m:[0m flushed({role=server}): State { reading: Closed, writing: Closed, keep_alive: Disabled, allow_half_close: true }
[2m2023-01-10T18:42:07.945194Z[0m [35mTRACE[0m [2mhyper::proto::h1::conn[0m[2m:[0m shut down IO complete
[2m2023-01-10T18:42:10.363327Z[0m [35mTRACE[0m [1mpoll[0m[2m:[0m [2mh2::proto::connection[0m[2m:[0m [3mconnection.state[0m[2m=[0mOpen
[2m2023-01-10T18:42:10.363392Z[0m [35mTRACE[0m [1mpoll[0m[2m:[0m[1mFramedRead::poll_next[0m[2m:[0m [2mh2::codec::framed_read[0m[2m:[0m poll
[2m2023-01-10T18:42:10.363434Z[0m [35mTRACE[0m [1mpoll[0m[2m:[0m[1mFramedRead::poll_next[0m[2m:[0m [2mtokio_util::codec::framed_impl[0m[2m:[0m attempting to decode a frame
[2m2023-01-10T18:42:10.363464Z[0m [35mTRACE[0m [1mpoll[0m[2m:[0m[1mFramedRead::poll_next[0m[2m:[0m [2mtokio_util::codec::framed_impl[0m[2m:[0m frame decoded from buffer
[2m2023-01-10T18:42:10.363474Z[0m [35mTRACE[0m [1mpoll[0m[2m:[0m[1mFramedRead::poll_next[0m[2m:[0m [2mh2::codec::framed_read[0m[2m:[0m [3mread.bytes[0m[2m=[0m17
[2m2023-01-10T18:42:10.363502Z[0m [35mTRACE[0m [1mpoll[0m[2m:[0m[1mFramedRead::poll_next[0m[2m:[0m[1mFramedRead::decode_frame[0m[1m{[0m[3moffset[0m[2m=[0m17[1m}[0m[2m:[0m [2mh2::codec::framed_read[0m[2m:[0m decoding frame from 17B
[2m2023-01-10T18:42:10.363518Z[0m [35mTRACE[0m [1mpoll[0m[2m:[0m[1mFramedRead::poll_next[0m[2m:[0m[1mFramedRead::decode_frame[0m[1m{[0m[3moffset[0m[2m=[0m17[1m}[0m[2m:[0m [2mh2::codec::framed_read[0m[2m:[0m [3mframe.kind[0m[2m=[0mPing
[2m2023-01-10T18:42:10.363537Z[0m [34mDEBUG[0m [1mpoll[0m[2m:[0m[1mFramedRead::poll_next[0m[2m:[0m [2mh2::codec::framed_read[0m[2m:[0m received [3mframe[0m[2m=[0mPing { ack: false, payload: [0, 0, 0, 0, 0, 0, 0, 0] }
[2m2023-01-10T18:42:10.363554Z[0m [35mTRACE[0m [1mpoll[0m[2m:[0m [2mh2::proto::connection[0m[2m:[0m recv PING [3mframe[0m[2m=[0mPing { ack: false, payload: [0, 0, 0, 0, 0, 0, 0, 0] }
[2m2023-01-10T18:42:10.363579Z[0m [34mDEBUG[0m [1mpoll[0m[2m:[0m[1mpoll_ready[0m[2m:[0m[1mFramedWrite::buffer[0m[1m{[0m[3mframe[0m[2m=[0mPing { ack: true, payload: [0, 0, 0, 0, 0, 0, 0, 0] }[1m}[0m[2m:[0m [2mh2::codec::framed_write[0m[2m:[0m send [3mframe[0m[2m=[0mPing { ack: true, payload: [0, 0, 0, 0, 0, 0, 0, 0] }
[2m2023-01-10T18:42:10.363593Z[0m [35mTRACE[0m [1mpoll[0m[2m:[0m[1mpoll_ready[0m[2m:[0m[1mFramedWrite::buffer[0m[1m{[0m[3mframe[0m[2m=[0mPing { ack: true, payload: [0, 0, 0, 0, 0, 0, 0, 0] }[1m}[0m[2m:[0m [2mh2::frame::ping[0m[2m:[0m encoding PING; ack=true len=8
[2m2023-01-10T18:42:10.363606Z[0m [35mTRACE[0m [1mpoll[0m[2m:[0m[1mpoll_ready[0m[2m:[0m[1mFramedWrite::buffer[0m[1m{[0m[3mframe[0m[2m=[0mPing { ack: true, payload: [0, 0, 0, 0, 0, 0, 0, 0] }[1m}[0m[2m:[0m [2mh2::codec::framed_write[0m[2m:[0m encoded ping [3mrem[0m[2m=[0m17
[2m2023-01-10T18:42:10.363625Z[0m [35mTRACE[0m [1mpoll[0m[2m:[0m[1mFramedRead::poll_next[0m[2m:[0m [2mh2::codec::framed_read[0m[2m:[0m poll
[2m2023-01-10T18:42:10.363637Z[0m [35mTRACE[0m [1mpoll[0m[2m:[0m[1mFramedRead::poll_next[0m[2m:[0m [2mtokio_util::codec::framed_impl[0m[2m:[0m attempting to decode a frame
[2m2023-01-10T18:42:10.363662Z[0m [35mTRACE[0m [1mpoll[0m[2m:[0m [2mh2::proto::streams::prioritize[0m[2m:[0m poll_complete
[2m2023-01-10T18:42:10.363674Z[0m [35mTRACE[0m [1mpoll[0m[2m:[0m [2mh2::proto::streams::prioritize[0m[2m:[0m schedule_pending_open
[2m2023-01-10T18:42:10.363688Z[0m [35mTRACE[0m [1mpoll[0m[2m:[0m[1mFramedWrite::flush[0m[2m:[0m [2mh2::codec::framed_write[0m[2m:[0m [3mqueued_data_frame[0m[2m=[0mfalse
[2m2023-01-10T18:42:10.363872Z[0m [35mTRACE[0m [1mpoll[0m[2m:[0m[1mFramedWrite::flush[0m[2m:[0m [2mh2::codec::framed_write[0m[2m:[0m flushing buffer
[2m2023-01-10T18:42:17.945010Z[0m [35mTRACE[0m [2mhyper::proto::h1::conn[0m[2m:[0m Conn::read_head
[2m2023-01-10T18:42:17.945023Z[0m [35mTRACE[0m [2mhyper::proto::h1::conn[0m[2m:[0m flushed({role=server}): State { reading: Init, writing: Init, keep_alive: Busy, allow_half_close: true }
[2m2023-01-10T18:42:17.945030Z[0m [35mTRACE[0m [2mhyper::proto::h1::conn[0m[2m:[0m Conn::read_head
[2m2023-01-10T18:42:17.945033Z[0m [35mTRACE[0m [2mhyper::proto::h1::io[0m[2m:[0m received 117 bytes
[2m2023-01-10T18:42:17.945040Z[0m [34mDEBUG[0m [1mparse_headers[0m[2m:[0m [2mhyper::proto::h1::role[0m[2m:[0m setting h1 header read timeout timer
[2m2023-01-10T18:42:17.945049Z[0m [35mTRACE[0m [1mparse_headers[0m[2m:[0m [2mhyper::proto::h1::role[0m[2m:[0m Request.parse [3mbytes[0m[2m=[0m117
[2m2023-01-10T18:42:17.945054Z[0m [35mTRACE[0m [1mparse_headers[0m[2m:[0m [2mhyper::proto::h1::role[0m[2m:[0m Request.parse Complete(117)
[2m2023-01-10T18:42:17.945067Z[0m [34mDEBUG[0m [2mhyper::proto::h1::io[0m[2m:[0m parsed 4 headers
[2m2023-01-10T18:42:17.945072Z[0m [34mDEBUG[0m [2mhyper::proto::h1::conn[0m[2m:[0m incoming body is empty
[2m2023-01-10T18:42:17.945074Z[0m [35mTRACE[0m [2mhyper::proto::h1::conn[0m[2m:[0m remote disabling keep-alive
[2m2023-01-10T18:42:17.945084Z[0m [35mTRACE[0m [1mencode_headers[0m[2m:[0m [2mhyper::proto::h1::role[0m[2m:[0m Server::encode status=200, body=Some(Known(6)), req_method=Some(GET)
[2m2023-01-10T18:42:17.945091Z[0m [35mTRACE[0m [2mhyper::proto::h1::io[0m[2m:[0m buffer.queue [3mself.len[0m[2m=[0m101 [3mbuf.len[0m[2m=[0m6
[2m2023-01-10T18:42:17.945121Z[0m [34mDEBUG[0m [2mhyper::proto::h1::io[0m[2m:[0m flushed 107 bytes
[2m2023-01-10T18:42:17.945125Z[0m [35mTRACE[0m [2mhyper::proto::h1::conn[0m[2m:[0m State::close()
[2m2023-01-10T18:42:17.945126Z[0m [35mTRACE[0m [2mhyper::proto::h1::conn[0m[2m:[0m flushed({role=server}): State { reading: Closed, writing: Closed, keep_alive: Disabled, allow_half_close: true }
[2m2023-01-10T18:42:17.945137Z[0m [35mTRACE[0m [2mhyper::proto::h1::conn[0m[2m:[0m shut down IO complete
[2m2023-01-10T18:42:20.392885Z[0m [35mTRACE[0m [1mpoll[0m[2m:[0m [2mh2::proto::connection[0m[2m:[0m [3mconnection.state[0m[2m=[0mOpen
[2m2023-01-10T18:42:20.392899Z[0m [35mTRACE[0m [1mpoll[0m[2m:[0m[1mFramedRead::poll_next[0m[2m:[0m [2mh2::codec::framed_read[0m[2m:[0m poll
[2m2023-01-10T18:42:20.392938Z[0m [35mTRACE[0m [1mpoll[0m[2m:[0m[1mFramedRead::poll_next[0m[2m:[0m [2mtokio_util::codec::framed_impl[0m[2m:[0m attempting to decode a frame
[2m2023-01-10T18:42:20.392942Z[0m [35mTRACE[0m [1mpoll[0m[2m:[0m[1mFramedRead::poll_next[0m[2m:[0m [2mtokio_util::codec::framed_impl[0m[2m:[0m frame decoded from buffer
[2m2023-01-10T18:42:20.392944Z[0m [35mTRACE[0m [1mpoll[0m[2m:[0m[1mFramedRead::poll_next[0m[2m:[0m [2mh2::codec::framed_read[0m[2m:[0m [3mread.bytes[0m[2m=[0m529
[2m2023-01-10T18:42:20.392949Z[0m [35mTRACE[0m [1mpoll[0m[2m:[0m[1mFramedRead::poll_next[0m[2m:[0m[1mFramedRead::decode_frame[0m[1m{[0m[3moffset[0m[2m=[0m529[1m}[0m[2m:[0m [2mh2::codec::framed_read[0m[2m:[0m decoding frame from 529B
[2m2023-01-10T18:42:20.392951Z[0m [35mTRACE[0m [1mpoll[0m[2m:[0m[1mFramedRead::poll_next[0m[2m:[0m[1mFramedRead::decode_frame[0m[1m{[0m[3moffset[0m[2m=[0m529[1m}[0m[2m:[0m [2mh2::codec::framed_read[0m[2m:[0m [3mframe.kind[0m[2m=[0mData
[2m2023-01-10T18:42:20.392955Z[0m [34mDEBUG[0m [1mpoll[0m[2m:[0m[1mFramedRead::poll_next[0m[2m:[0m [2mh2::codec::framed_read[0m[2m:[0m received [3mframe[0m[2m=[0mData { stream_id: StreamId(1) }
[2m2023-01-10T18:42:20.392961Z[0m [35mTRACE[0m [1mpoll[0m[2m:[0m [2mh2::proto::connection[0m[2m:[0m recv DATA [3mframe[0m[2m=[0mData { stream_id: StreamId(1) }
[2m2023-01-10T18:42:20.392965Z[0m [35mTRACE[0m [1mpoll[0m[2m:[0m [2mh2::proto::streams::recv[0m[2m:[0m recv_data; size=520; connection=5236778; stream=2091050
[2m2023-01-10T18:42:20.392968Z[0m [35mTRACE[0m [1mpoll[0m[2m:[0m [2mh2::proto::streams::flow_control[0m[2m:[0m send_data; sz=520; window=5236778; available=5242880
[2m2023-01-10T18:42:20.392971Z[0m [35mTRACE[0m [1mpoll[0m[2m:[0m [2mh2::proto::streams::flow_control[0m[2m:[0m send_data; sz=520; window=2091050; available=2097152
[2m2023-01-10T18:42:20.392973Z[0m [35mTRACE[0m [1mpoll[0m[2m:[0m [2mh2::proto::streams::counts[0m[2m:[0m transition_after; stream=StreamId(1); state=State { inner: Open { local: Streaming, remote: Streaming } }; is_closed=false; pending_send_empty=true; buffered_send_data=0; num_recv=0; num_send=1
[2m2023-01-10T18:42:20.392977Z[0m [35mTRACE[0m [1mpoll[0m[2m:[0m[1mFramedRead::poll_next[0m[2m:[0m [2mh2::codec::framed_read[0m[2m:[0m poll
[2m2023-01-10T18:42:20.392978Z[0m [35mTRACE[0m [1mpoll[0m[2m:[0m[1mFramedRead::poll_next[0m[2m:[0m [2mtokio_util::codec::framed_impl[0m[2m:[0m attempting to decode a frame
[2m2023-01-10T18:42:20.392985Z[0m [35mTRACE[0m [1mpoll[0m[2m:[0m [2mh2::proto::streams::prioritize[0m[2m:[0m poll_complete
[2m2023-01-10T18:42:20.392987Z[0m [35mTRACE[0m [1mpoll[0m[2m:[0m [2mh2::proto::streams::prioritize[0m[2m:[0m schedule_pending_open
[2m2023-01-10T18:42:20.392989Z[0m [35mTRACE[0m [1mpoll[0m[2m:[0m[1mFramedWrite::flush[0m[2m:[0m [2mh2::codec::framed_write[0m[2m:[0m flushing buffer
[2m2023-01-10T18:42:20.392999Z[0m [35mTRACE[0m [1mxds[0m[1m{[0m[3mid[0m[2m=[0m7[1m}[0m[2m:[0m [2mh2::proto::streams::recv[0m[2m:[0m release_capacity; size=520
[2m2023-01-10T18:42:20.393002Z[0m [35mTRACE[0m [1mxds[0m[1m{[0m[3mid[0m[2m=[0m7[1m}[0m[2m:[0m [2mh2::proto::streams::recv[0m[2m:[0m release_connection_capacity; size=520, connection in_flight_data=520
[2m2023-01-10T18:42:20.393010Z[0m [32m INFO[0m [1mxds[0m[1m{[0m[3mid[0m[2m=[0m7[1m}[0m[2m:[0m [2mztunnel::xds::client[0m[2m:[0m received response [3mtype_url[0m[2m=[0m"type.googleapis.com/istio.workload.Workload" [3msize[0m[2m=[0m1
[2m2023-01-10T18:42:20.393033Z[0m [34mDEBUG[0m [1mxds[0m[1m{[0m[3mid[0m[2m=[0m7[1m}[0m[2m:[0m [2mztunnel::xds::client[0m[2m:[0m sending response [3mtype_url[0m[2m=[0m"type.googleapis.com/istio.workload.Workload" [3mnonce[0m[2m=[0m"fcbd2e3b-c4ee-4c50-8658-239588f70d9e" [3mtype[0m[2m=[0mAck
[2m2023-01-10T18:42:20.393048Z[0m [34mDEBUG[0m [2mztunnel::xds::client[0m[2m:[0m sending request [3mtype_url[0m[2m=[0m"type.googleapis.com/istio.workload.Workload"
[2m2023-01-10T18:42:20.393054Z[0m [35mTRACE[0m [2mhyper::proto::h2[0m[2m:[0m send body chunk: 88 bytes, eos=false
[2m2023-01-10T18:42:20.393059Z[0m [35mTRACE[0m [1msend_data[0m[1m{[0m[3msz[0m[2m=[0m88 [3mrequested[0m[2m=[0m1[1m}[0m[2m:[0m [2mh2::proto::streams::prioritize[0m[2m:[0m [3mbuffered[0m[2m=[0m88
[2m2023-01-10T18:42:20.393064Z[0m [35mTRACE[0m [1msend_data[0m[1m{[0m[3msz[0m[2m=[0m88 [3mrequested[0m[2m=[0m1[1m}[0m[2m:[0m[1mtry_assign_capacity[0m[1m{[0m[3mstream.id[0m[2m=[0mStreamId(1)[1m}[0m[2m:[0m [2mh2::proto::streams::prioritize[0m[2m:[0m [3mrequested[0m[2m=[0m88 [3madditional[0m[2m=[0m87 [3mbuffered[0m[2m=[0m88 [3mwindow[0m[2m=[0m64809 [3mconn[0m[2m=[0m65534
[2m2023-01-10T18:42:20.393068Z[0m [35mTRACE[0m [1msend_data[0m[1m{[0m[3msz[0m[2m=[0m88 [3mrequested[0m[2m=[0m1[1m}[0m[2m:[0m[1mtry_assign_capacity[0m[1m{[0m[3mstream.id[0m[2m=[0mStreamId(1)[1m}[0m[2m:[0m [2mh2::proto::streams::prioritize[0m[2m:[0m assigning [3mcapacity[0m[2m=[0m87
[2m2023-01-10T18:42:20.393071Z[0m [35mTRACE[0m [1msend_data[0m[1m{[0m[3msz[0m[2m=[0m88 [3mrequested[0m[2m=[0m1[1m}[0m[2m:[0m[1mtry_assign_capacity[0m[1m{[0m[3mstream.id[0m[2m=[0mStreamId(1)[1m}[0m[2m:[0m [2mh2::proto::streams::stream[0m[2m:[0m   assigned capacity to stream; available=88; buffered=88; id=StreamId(1); max_buffer_size=1048576
[2m2023-01-10T18:42:20.393074Z[0m [35mTRACE[0m [1msend_data[0m[1m{[0m[3msz[0m[2m=[0m88 [3mrequested[0m[2m=[0m1[1m}[0m[2m:[0m[1mtry_assign_capacity[0m[1m{[0m[3mstream.id[0m[2m=[0mStreamId(1)[1m}[0m[2m:[0m [2mh2::proto::streams::prioritize[0m[2m:[0m [3mavailable[0m[2m=[0m88 [3mrequested[0m[2m=[0m88 [3mbuffered[0m[2m=[0m88 [3mhas_unavailable[0m[2m=[0mtrue
[2m2023-01-10T18:42:20.393079Z[0m [35mTRACE[0m [1msend_data[0m[1m{[0m[3msz[0m[2m=[0m88 [3mrequested[0m[2m=[0m1[1m}[0m[2m:[0m[1mtry_assign_capacity[0m[1m{[0m[3mstream.id[0m[2m=[0mStreamId(1)[1m}[0m[2m:[0m [2mh2::proto::streams::store[0m[2m:[0m Queue::push
[2m2023-01-10T18:42:20.393082Z[0m [35mTRACE[0m [1msend_data[0m[1m{[0m[3msz[0m[2m=[0m88 [3mrequested[0m[2m=[0m1[1m}[0m[2m:[0m[1mtry_assign_capacity[0m[1m{[0m[3mstream.id[0m[2m=[0mStreamId(1)[1m}[0m[2m:[0m [2mh2::proto::streams::store[0m[2m:[0m  -> first entry
[2m2023-01-10T18:42:20.393085Z[0m [35mTRACE[0m [1msend_data[0m[1m{[0m[3msz[0m[2m=[0m88 [3mrequested[0m[2m=[0m1[1m}[0m[2m:[0m [2mh2::proto::streams::prioritize[0m[2m:[0m [3mavailable[0m[2m=[0m88 [3mbuffered[0m[2m=[0m88
[2m2023-01-10T18:42:20.393091Z[0m [35mTRACE[0m [1msend_data[0m[1m{[0m[3msz[0m[2m=[0m88 [3mrequested[0m[2m=[0m1[1m}[0m[2m:[0m[1mPrioritize::queue_frame[0m[1m{[0m[3mstream.id[0m[2m=[0mStreamId(1)[1m}[0m[2m:[0m [2mh2::proto::streams::prioritize[0m[2m:[0m schedule_send [3mstream.id[0m[2m=[0mStreamId(1)
[2m2023-01-10T18:42:20.393093Z[0m [35mTRACE[0m [1msend_data[0m[1m{[0m[3msz[0m[2m=[0m88 [3mrequested[0m[2m=[0m1[1m}[0m[2m:[0m[1mPrioritize::queue_frame[0m[1m{[0m[3mstream.id[0m[2m=[0mStreamId(1)[1m}[0m[2m:[0m [2mh2::proto::streams::store[0m[2m:[0m Queue::push
[2m2023-01-10T18:42:20.393094Z[0m [35mTRACE[0m [1msend_data[0m[1m{[0m[3msz[0m[2m=[0m88 [3mrequested[0m[2m=[0m1[1m}[0m[2m:[0m[1mPrioritize::queue_frame[0m[1m{[0m[3mstream.id[0m[2m=[0mStreamId(1)[1m}[0m[2m:[0m [2mh2::proto::streams::store[0m[2m:[0m  -> already queued
[2m2023-01-10T18:42:20.393096Z[0m [35mTRACE[0m [2mh2::proto::streams::counts[0m[2m:[0m transition_after; stream=StreamId(1); state=State { inner: Open { local: Streaming, remote: Streaming } }; is_closed=false; pending_send_empty=false; buffered_send_data=88; num_recv=0; num_send=1
[2m2023-01-10T18:42:20.393101Z[0m [35mTRACE[0m [1mreserve_capacity[0m[1m{[0m[3mstream.id[0m[2m=[0mStreamId(1) [3mrequested[0m[2m=[0m1 [3meffective[0m[2m=[0m89 [3mcurr[0m[2m=[0m88[1m}[0m[2m:[0m[1mtry_assign_capacity[0m[1m{[0m[3mstream.id[0m[2m=[0mStreamId(1)[1m}[0m[2m:[0m [2mh2::proto::streams::prioritize[0m[2m:[0m [3mrequested[0m[2m=[0m89 [3madditional[0m[2m=[0m1 [3mbuffered[0m[2m=[0m88 [3mwindow[0m[2m=[0m64809 [3mconn[0m[2m=[0m65447
[2m2023-01-10T18:42:20.393106Z[0m [35mTRACE[0m [1mreserve_capacity[0m[1m{[0m[3mstream.id[0m[2m=[0mStreamId(1) [3mrequested[0m[2m=[0m1 [3meffective[0m[2m=[0m89 [3mcurr[0m[2m=[0m88[1m}[0m[2m:[0m[1mtry_assign_capacity[0m[1m{[0m[3mstream.id[0m[2m=[0mStreamId(1)[1m}[0m[2m:[0m [2mh2::proto::streams::prioritize[0m[2m:[0m assigning [3mcapacity[0m[2m=[0m1
[2m2023-01-10T18:42:20.393108Z[0m [35mTRACE[0m [1mreserve_capacity[0m[1m{[0m[3mstream.id[0m[2m=[0mStreamId(1) [3mrequested[0m[2m=[0m1 [3meffective[0m[2m=[0m89 [3mcurr[0m[2m=[0m88[1m}[0m[2m:[0m[1mtry_assign_capacity[0m[1m{[0m[3mstream.id[0m[2m=[0mStreamId(1)[1m}[0m[2m:[0m [2mh2::proto::streams::stream[0m[2m:[0m   assigned capacity to stream; available=89; buffered=88; id=StreamId(1); max_buffer_size=1048576
[2m2023-01-10T18:42:20.393109Z[0m [35mTRACE[0m [1mreserve_capacity[0m[1m{[0m[3mstream.id[0m[2m=[0mStreamId(1) [3mrequested[0m[2m=[0m1 [3meffective[0m[2m=[0m89 [3mcurr[0m[2m=[0m88[1m}[0m[2m:[0m[1mtry_assign_capacity[0m[1m{[0m[3mstream.id[0m[2m=[0mStreamId(1)[1m}[0m[2m:[0m [2mh2::proto::streams::stream[0m[2m:[0m   notifying task
[2m2023-01-10T18:42:20.393111Z[0m [35mTRACE[0m [1mreserve_capacity[0m[1m{[0m[3mstream.id[0m[2m=[0mStreamId(1) [3mrequested[0m[2m=[0m1 [3meffective[0m[2m=[0m89 [3mcurr[0m[2m=[0m88[1m}[0m[2m:[0m[1mtry_assign_capacity[0m[1m{[0m[3mstream.id[0m[2m=[0mStreamId(1)[1m}[0m[2m:[0m [2mh2::proto::streams::prioritize[0m[2m:[0m [3mavailable[0m[2m=[0m89 [3mrequested[0m[2m=[0m89 [3mbuffered[0m[2m=[0m88 [3mhas_unavailable[0m[2m=[0mtrue
[2m2023-01-10T18:42:20.393113Z[0m [35mTRACE[0m [1mreserve_capacity[0m[1m{[0m[3mstream.id[0m[2m=[0mStreamId(1) [3mrequested[0m[2m=[0m1 [3meffective[0m[2m=[0m89 [3mcurr[0m[2m=[0m88[1m}[0m[2m:[0m[1mtry_assign_capacity[0m[1m{[0m[3mstream.id[0m[2m=[0mStreamId(1)[1m}[0m[2m:[0m [2mh2::proto::streams::store[0m[2m:[0m Queue::push
[2m2023-01-10T18:42:20.393114Z[0m [35mTRACE[0m [1mreserve_capacity[0m[1m{[0m[3mstream.id[0m[2m=[0mStreamId(1) [3mrequested[0m[2m=[0m1 [3meffective[0m[2m=[0m89 [3mcurr[0m[2m=[0m88[1m}[0m[2m:[0m[1mtry_assign_capacity[0m[1m{[0m[3mstream.id[0m[2m=[0mStreamId(1)[1m}[0m[2m:[0m [2mh2::proto::streams::store[0m[2m:[0m  -> already queued
[2m2023-01-10T18:42:20.393118Z[0m [35mTRACE[0m [1mpoll[0m[2m:[0m [2mh2::proto::connection[0m[2m:[0m [3mconnection.state[0m[2m=[0mOpen
[2m2023-01-10T18:42:20.393121Z[0m [35mTRACE[0m [1mpoll[0m[2m:[0m[1mFramedRead::poll_next[0m[2m:[0m [2mh2::codec::framed_read[0m[2m:[0m poll
[2m2023-01-10T18:42:20.393126Z[0m [35mTRACE[0m [1mpoll[0m[2m:[0m [2mh2::proto::streams::prioritize[0m[2m:[0m poll_complete
[2m2023-01-10T18:42:20.393130Z[0m [35mTRACE[0m [1mpoll[0m[2m:[0m [2mh2::proto::streams::prioritize[0m[2m:[0m schedule_pending_open
[2m2023-01-10T18:42:20.393134Z[0m [35mTRACE[0m [1mpoll[0m[2m:[0m[1mpop_frame[0m[2m:[0m[1mpopped[0m[1m{[0m[3mstream.id[0m[2m=[0mStreamId(1) [3mstream.state[0m[2m=[0mState { inner: Open { local: Streaming, remote: Streaming } }[1m}[0m[2m:[0m [2mh2::proto::streams::prioritize[0m[2m:[0m [3mis_pending_reset[0m[2m=[0mfalse
[2m2023-01-10T18:42:20.393138Z[0m [35mTRACE[0m [1mpoll[0m[2m:[0m[1mpop_frame[0m[2m:[0m[1mpopped[0m[1m{[0m[3mstream.id[0m[2m=[0mStreamId(1) [3mstream.state[0m[2m=[0mState { inner: Open { local: Streaming, remote: Streaming } }[1m}[0m[2m:[0m [2mh2::proto::streams::prioritize[0m[2m:[0m data frame [3msz[0m[2m=[0m88 [3meos[0m[2m=[0mfalse [3mwindow[0m[2m=[0m89 [3mavailable[0m[2m=[0m89 [3mrequested[0m[2m=[0m89 [3mbuffered[0m[2m=[0m88
[2m2023-01-10T18:42:20.393144Z[0m [35mTRACE[0m [1mpoll[0m[2m:[0m[1mpop_frame[0m[2m:[0m[1mpopped[0m[1m{[0m[3mstream.id[0m[2m=[0mStreamId(1) [3mstream.state[0m[2m=[0mState { inner: Open { local: Streaming, remote: Streaming } }[1m}[0m[2m:[0m [2mh2::proto::streams::prioritize[0m[2m:[0m sending data frame [3mlen[0m[2m=[0m88
[2m2023-01-10T18:42:20.393149Z[0m [35mTRACE[0m [1mpoll[0m[2m:[0m[1mpop_frame[0m[2m:[0m[1mpopped[0m[1m{[0m[3mstream.id[0m[2m=[0mStreamId(1) [3mstream.state[0m[2m=[0mState { inner: Open { local: Streaming, remote: Streaming } }[1m}[0m[2m:[0m[1mupdating stream flow[0m[2m:[0m [2mh2::proto::streams::flow_control[0m[2m:[0m send_data; sz=88; window=64809; available=89
[2m2023-01-10T18:42:20.393153Z[0m [35mTRACE[0m [1mpoll[0m[2m:[0m[1mpop_frame[0m[2m:[0m[1mpopped[0m[1m{[0m[3mstream.id[0m[2m=[0mStreamId(1) [3mstream.state[0m[2m=[0mState { inner: Open { local: Streaming, remote: Streaming } }[1m}[0m[2m:[0m[1mupdating stream flow[0m[2m:[0m [2mh2::proto::streams::stream[0m[2m:[0m   notifying task
[2m2023-01-10T18:42:20.393156Z[0m [35mTRACE[0m [1mpoll[0m[2m:[0m[1mpop_frame[0m[2m:[0m[1mpopped[0m[1m{[0m[3mstream.id[0m[2m=[0mStreamId(1) [3mstream.state[0m[2m=[0mState { inner: Open { local: Streaming, remote: Streaming } }[1m}[0m[2m:[0m[1mupdating connection flow[0m[2m:[0m [2mh2::proto::streams::flow_control[0m[2m:[0m send_data; sz=88; window=65535; available=65534
[2m2023-01-10T18:42:20.393160Z[0m [35mTRACE[0m [1mpoll[0m[2m:[0m[1mpop_frame[0m[2m:[0m[1mpopped[0m[1m{[0m[3mstream.id[0m[2m=[0mStreamId(1) [3mstream.state[0m[2m=[0mState { inner: Open { local: Streaming, remote: Streaming } }[1m}[0m[2m:[0m [2mh2::proto::streams::prioritize[0m[2m:[0m pop_frame; frame=Data { stream_id: StreamId(1) }
[2m2023-01-10T18:42:20.393163Z[0m [35mTRACE[0m [1mpoll[0m[2m:[0m[1mpop_frame[0m[2m:[0m[1mpopped[0m[1m{[0m[3mstream.id[0m[2m=[0mStreamId(1) [3mstream.state[0m[2m=[0mState { inner: Open { local: Streaming, remote: Streaming } }[1m}[0m[2m:[0m [2mh2::proto::streams::counts[0m[2m:[0m transition_after; stream=StreamId(1); state=State { inner: Open { local: Streaming, remote: Streaming } }; is_closed=false; pending_send_empty=true; buffered_send_data=0; num_recv=0; num_send=1
[2m2023-01-10T18:42:20.393167Z[0m [35mTRACE[0m [1mpoll[0m[2m:[0m [2mh2::proto::streams::prioritize[0m[2m:[0m writing [3mframe[0m[2m=[0mData { stream_id: StreamId(1) }
[2m2023-01-10T18:42:20.393172Z[0m [34mDEBUG[0m [1mpoll[0m[2m:[0m[1mFramedWrite::buffer[0m[1m{[0m[3mframe[0m[2m=[0mData { stream_id: StreamId(1) }[1m}[0m[2m:[0m [2mh2::codec::framed_write[0m[2m:[0m send [3mframe[0m[2m=[0mData { stream_id: StreamId(1) }
[2m2023-01-10T18:42:20.393177Z[0m [35mTRACE[0m [1mpoll[0m[2m:[0m[1mtry_reclaim_frame[0m[2m:[0m [2mh2::proto::streams::prioritize[0m[2m:[0m reclaimed [3mframe[0m[2m=[0mData { stream_id: StreamId(1) } [3msz[0m[2m=[0m0
[2m2023-01-10T18:42:20.393184Z[0m [35mTRACE[0m [1mpoll[0m[2m:[0m [2mh2::proto::streams::prioritize[0m[2m:[0m schedule_pending_open
[2m2023-01-10T18:42:20.393187Z[0m [35mTRACE[0m [1mpoll[0m[2m:[0m[1mFramedWrite::flush[0m[2m:[0m [2mh2::codec::framed_write[0m[2m:[0m [3mqueued_data_frame[0m[2m=[0mfalse
[2m2023-01-10T18:42:20.393225Z[0m [35mTRACE[0m [1mpoll[0m[2m:[0m[1mFramedWrite::flush[0m[2m:[0m [2mh2::codec::framed_write[0m[2m:[0m flushing buffer
[2m2023-01-10T18:42:20.393273Z[0m [35mTRACE[0m [1mpoll[0m[2m:[0m [2mh2::proto::connection[0m[2m:[0m [3mconnection.state[0m[2m=[0mOpen
[2m2023-01-10T18:42:20.393280Z[0m [35mTRACE[0m [1mpoll[0m[2m:[0m[1mFramedRead::poll_next[0m[2m:[0m [2mh2::codec::framed_read[0m[2m:[0m poll
[2m2023-01-10T18:42:20.393288Z[0m [35mTRACE[0m [1mpoll[0m[2m:[0m[1mFramedRead::poll_next[0m[2m:[0m [2mtokio_util::codec::framed_impl[0m[2m:[0m attempting to decode a frame
[2m2023-01-10T18:42:20.393290Z[0m [35mTRACE[0m [1mpoll[0m[2m:[0m[1mFramedRead::poll_next[0m[2m:[0m [2mtokio_util::codec::framed_impl[0m[2m:[0m frame decoded from buffer
[2m2023-01-10T18:42:20.393292Z[0m [35mTRACE[0m [1mpoll[0m[2m:[0m[1mFramedRead::poll_next[0m[2m:[0m [2mh2::codec::framed_read[0m[2m:[0m [3mread.bytes[0m[2m=[0m13
[2m2023-01-10T18:42:20.393297Z[0m [35mTRACE[0m [1mpoll[0m[2m:[0m[1mFramedRead::poll_next[0m[2m:[0m[1mFramedRead::decode_frame[0m[1m{[0m[3moffset[0m[2m=[0m13[1m}[0m[2m:[0m [2mh2::codec::framed_read[0m[2m:[0m decoding frame from 13B
[2m2023-01-10T18:42:20.393299Z[0m [35mTRACE[0m [1mpoll[0m[2m:[0m[1mFramedRead::poll_next[0m[2m:[0m[1mFramedRead::decode_frame[0m[1m{[0m[3moffset[0m[2m=[0m13[1m}[0m[2m:[0m [2mh2::codec::framed_read[0m[2m:[0m [3mframe.kind[0m[2m=[0mWindowUpdate
[2m2023-01-10T18:42:20.393302Z[0m [34mDEBUG[0m [1mpoll[0m[2m:[0m[1mFramedRead::poll_next[0m[2m:[0m [2mh2::codec::framed_read[0m[2m:[0m received [3mframe[0m[2m=[0mWindowUpdate { stream_id: StreamId(0), size_increment: 88 }
[2m2023-01-10T18:42:20.393307Z[0m [35mTRACE[0m [1mpoll[0m[2m:[0m [2mh2::proto::connection[0m[2m:[0m recv WINDOW_UPDATE [3mframe[0m[2m=[0mWindowUpdate { stream_id: StreamId(0), size_increment: 88 }
[2m2023-01-10T18:42:20.393311Z[0m [35mTRACE[0m [1mpoll[0m[2m:[0m [2mh2::proto::streams::flow_control[0m[2m:[0m inc_window; sz=88; old=65447; new=65535
[2m2023-01-10T18:42:20.393318Z[0m [35mTRACE[0m [1mpoll[0m[2m:[0m[1mFramedRead::poll_next[0m[2m:[0m [2mh2::codec::framed_read[0m[2m:[0m poll
[2m2023-01-10T18:42:20.393320Z[0m [35mTRACE[0m [1mpoll[0m[2m:[0m[1mFramedRead::poll_next[0m[2m:[0m [2mtokio_util::codec::framed_impl[0m[2m:[0m attempting to decode a frame
[2m2023-01-10T18:42:20.393322Z[0m [35mTRACE[0m [1mpoll[0m[2m:[0m[1mFramedRead::poll_next[0m[2m:[0m [2mtokio_util::codec::framed_impl[0m[2m:[0m frame decoded from buffer
[2m2023-01-10T18:42:20.393324Z[0m [35mTRACE[0m [1mpoll[0m[2m:[0m[1mFramedRead::poll_next[0m[2m:[0m [2mh2::codec::framed_read[0m[2m:[0m [3mread.bytes[0m[2m=[0m17
[2m2023-01-10T18:42:20.393327Z[0m [35mTRACE[0m [1mpoll[0m[2m:[0m[1mFramedRead::poll_next[0m[2m:[0m[1mFramedRead::decode_frame[0m[1m{[0m[3moffset[0m[2m=[0m17[1m}[0m[2m:[0m [2mh2::codec::framed_read[0m[2m:[0m decoding frame from 17B
[2m2023-01-10T18:42:20.393329Z[0m [35mTRACE[0m [1mpoll[0m[2m:[0m[1mFramedRead::poll_next[0m[2m:[0m[1mFramedRead::decode_frame[0m[1m{[0m[3moffset[0m[2m=[0m17[1m}[0m[2m:[0m [2mh2::codec::framed_read[0m[2m:[0m [3mframe.kind[0m[2m=[0mPing
[2m2023-01-10T18:42:20.393333Z[0m [34mDEBUG[0m [1mpoll[0m[2m:[0m[1mFramedRead::poll_next[0m[2m:[0m [2mh2::codec::framed_read[0m[2m:[0m received [3mframe[0m[2m=[0mPing { ack: false, payload: [2, 4, 16, 16, 9, 14, 7, 7] }
[2m2023-01-10T18:42:20.393337Z[0m [35mTRACE[0m [1mpoll[0m[2m:[0m [2mh2::proto::connection[0m[2m:[0m recv PING [3mframe[0m[2m=[0mPing { ack: false, payload: [2, 4, 16, 16, 9, 14, 7, 7] }
[2m2023-01-10T18:42:20.393343Z[0m [34mDEBUG[0m [1mpoll[0m[2m:[0m[1mpoll_ready[0m[2m:[0m[1mFramedWrite::buffer[0m[1m{[0m[3mframe[0m[2m=[0mPing { ack: true, payload: [2, 4, 16, 16, 9, 14, 7, 7] }[1m}[0m[2m:[0m [2mh2::codec::framed_write[0m[2m:[0m send [3mframe[0m[2m=[0mPing { ack: true, payload: [2, 4, 16, 16, 9, 14, 7, 7] }
[2m2023-01-10T18:42:20.393347Z[0m [35mTRACE[0m [1mpoll[0m[2m:[0m[1mpoll_ready[0m[2m:[0m[1mFramedWrite::buffer[0m[1m{[0m[3mframe[0m[2m=[0mPing { ack: true, payload: [2, 4, 16, 16, 9, 14, 7, 7] }[1m}[0m[2m:[0m [2mh2::frame::ping[0m[2m:[0m encoding PING; ack=true len=8
[2m2023-01-10T18:42:20.393351Z[0m [35mTRACE[0m [1mpoll[0m[2m:[0m[1mpoll_ready[0m[2m:[0m[1mFramedWrite::buffer[0m[1m{[0m[3mframe[0m[2m=[0mPing { ack: true, payload: [2, 4, 16, 16, 9, 14, 7, 7] }[1m}[0m[2m:[0m [2mh2::codec::framed_write[0m[2m:[0m encoded ping [3mrem[0m[2m=[0m17
[2m2023-01-10T18:42:20.393355Z[0m [35mTRACE[0m [1mpoll[0m[2m:[0m[1mFramedRead::poll_next[0m[2m:[0m [2mh2::codec::framed_read[0m[2m:[0m poll
[2m2023-01-10T18:42:20.393358Z[0m [35mTRACE[0m [1mpoll[0m[2m:[0m[1mFramedRead::poll_next[0m[2m:[0m [2mtokio_util::codec::framed_impl[0m[2m:[0m attempting to decode a frame
[2m2023-01-10T18:42:20.393364Z[0m [35mTRACE[0m [1mpoll[0m[2m:[0m [2mh2::proto::streams::prioritize[0m[2m:[0m poll_complete
[2m2023-01-10T18:42:20.393366Z[0m [35mTRACE[0m [1mpoll[0m[2m:[0m [2mh2::proto::streams::prioritize[0m[2m:[0m schedule_pending_open
[2m2023-01-10T18:42:20.393369Z[0m [35mTRACE[0m [1mpoll[0m[2m:[0m[1mFramedWrite::flush[0m[2m:[0m [2mh2::codec::framed_write[0m[2m:[0m [3mqueued_data_frame[0m[2m=[0mfalse
[2m2023-01-10T18:42:20.393395Z[0m [35mTRACE[0m [1mpoll[0m[2m:[0m[1mFramedWrite::flush[0m[2m:[0m [2mh2::codec::framed_write[0m[2m:[0m flushing buffer
[2m2023-01-10T18:42:27.945752Z[0m [35mTRACE[0m [2mhyper::proto::h1::conn[0m[2m:[0m Conn::read_head
[2m2023-01-10T18:42:27.945794Z[0m [35mTRACE[0m [2mhyper::proto::h1::conn[0m[2m:[0m flushed({role=server}): State { reading: Init, writing: Init, keep_alive: Busy, allow_half_close: true }
[2m2023-01-10T18:42:27.945818Z[0m [35mTRACE[0m [2mhyper::proto::h1::conn[0m[2m:[0m Conn::read_head
[2m2023-01-10T18:42:27.945833Z[0m [35mTRACE[0m [2mhyper::proto::h1::io[0m[2m:[0m received 117 bytes
[2m2023-01-10T18:42:27.945851Z[0m [34mDEBUG[0m [1mparse_headers[0m[2m:[0m [2mhyper::proto::h1::role[0m[2m:[0m setting h1 header read timeout timer
[2m2023-01-10T18:42:27.945870Z[0m [35mTRACE[0m [1mparse_headers[0m[2m:[0m [2mhyper::proto::h1::role[0m[2m:[0m Request.parse [3mbytes[0m[2m=[0m117
[2m2023-01-10T18:42:27.945889Z[0m [35mTRACE[0m [1mparse_headers[0m[2m:[0m [2mhyper::proto::h1::role[0m[2m:[0m Request.parse Complete(117)
[2m2023-01-10T18:42:27.945991Z[0m [34mDEBUG[0m [2mhyper::proto::h1::io[0m[2m:[0m parsed 4 headers
[2m2023-01-10T18:42:27.946086Z[0m [34mDEBUG[0m [2mhyper::proto::h1::conn[0m[2m:[0m incoming body is empty
[2m2023-01-10T18:42:27.946096Z[0m [35mTRACE[0m [2mhyper::proto::h1::conn[0m[2m:[0m remote disabling keep-alive
[2m2023-01-10T18:42:27.946124Z[0m [35mTRACE[0m [1mencode_headers[0m[2m:[0m [2mhyper::proto::h1::role[0m[2m:[0m Server::encode status=200, body=Some(Known(6)), req_method=Some(GET)
[2m2023-01-10T18:42:27.946150Z[0m [35mTRACE[0m [2mhyper::proto::h1::io[0m[2m:[0m buffer.queue [3mself.len[0m[2m=[0m101 [3mbuf.len[0m[2m=[0m6
[2m2023-01-10T18:42:27.946280Z[0m [34mDEBUG[0m [2mhyper::proto::h1::io[0m[2m:[0m flushed 107 bytes
[2m2023-01-10T18:42:27.946292Z[0m [35mTRACE[0m [2mhyper::proto::h1::conn[0m[2m:[0m State::close()
[2m2023-01-10T18:42:27.946297Z[0m [35mTRACE[0m [2mhyper::proto::h1::conn[0m[2m:[0m flushed({role=server}): State { reading: Closed, writing: Closed, keep_alive: Disabled, allow_half_close: true }
[2m2023-01-10T18:42:27.946335Z[0m [35mTRACE[0m [2mhyper::proto::h1::conn[0m[2m:[0m shut down IO complete
[2m2023-01-10T18:42:30.571807Z[0m [35mTRACE[0m [2mhyper::client::pool[0m[2m:[0m idle interval checking for expired
[2m2023-01-10T18:42:30.571815Z[0m [35mTRACE[0m [2mhyper::client::pool[0m[2m:[0m idle interval evicting expired for ("https", istiod.istio-system.svc:15012)
[2m2023-01-10T18:42:30.571821Z[0m [35mTRACE[0m [2mhyper::proto::h2::client[0m[2m:[0m client::dispatch::Sender dropped
[2m2023-01-10T18:42:37.945628Z[0m [35mTRACE[0m [2mhyper::proto::h1::conn[0m[2m:[0m Conn::read_head
[2m2023-01-10T18:42:37.945801Z[0m [35mTRACE[0m [2mhyper::proto::h1::io[0m[2m:[0m received 117 bytes
[2m2023-01-10T18:42:37.945845Z[0m [34mDEBUG[0m [1mparse_headers[0m[2m:[0m [2mhyper::proto::h1::role[0m[2m:[0m setting h1 header read timeout timer
[2m2023-01-10T18:42:37.945867Z[0m [35mTRACE[0m [1mparse_headers[0m[2m:[0m [2mhyper::proto::h1::role[0m[2m:[0m Request.parse [3mbytes[0m[2m=[0m117
[2m2023-01-10T18:42:37.945887Z[0m [35mTRACE[0m [1mparse_headers[0m[2m:[0m [2mhyper::proto::h1::role[0m[2m:[0m Request.parse Complete(117)
[2m2023-01-10T18:42:37.945925Z[0m [34mDEBUG[0m [2mhyper::proto::h1::io[0m[2m:[0m parsed 4 headers
[2m2023-01-10T18:42:37.945959Z[0m [34mDEBUG[0m [2mhyper::proto::h1::conn[0m[2m:[0m incoming body is empty
[2m2023-01-10T18:42:37.945969Z[0m [35mTRACE[0m [2mhyper::proto::h1::conn[0m[2m:[0m remote disabling keep-alive
[2m2023-01-10T18:42:37.945996Z[0m [35mTRACE[0m [1mencode_headers[0m[2m:[0m [2mhyper::proto::h1::role[0m[2m:[0m Server::encode status=200, body=Some(Known(6)), req_method=Some(GET)
[2m2023-01-10T18:42:37.946028Z[0m [35mTRACE[0m [2mhyper::proto::h1::io[0m[2m:[0m buffer.queue [3mself.len[0m[2m=[0m101 [3mbuf.len[0m[2m=[0m6
[2m2023-01-10T18:42:37.946178Z[0m [34mDEBUG[0m [2mhyper::proto::h1::io[0m[2m:[0m flushed 107 bytes
[2m2023-01-10T18:42:37.946199Z[0m [35mTRACE[0m [2mhyper::proto::h1::conn[0m[2m:[0m State::close()
[2m2023-01-10T18:42:37.946208Z[0m [35mTRACE[0m [2mhyper::proto::h1::conn[0m[2m:[0m flushed({role=server}): State { reading: Closed, writing: Closed, keep_alive: Disabled, allow_half_close: true }
[2m2023-01-10T18:42:37.946269Z[0m [35mTRACE[0m [2mhyper::proto::h1::conn[0m[2m:[0m shut down IO complete
[2m2023-01-10T18:42:47.945548Z[0m [35mTRACE[0m [2mhyper::proto::h1::conn[0m[2m:[0m Conn::read_head
[2m2023-01-10T18:42:47.945565Z[0m [35mTRACE[0m [2mhyper::proto::h1::io[0m[2m:[0m received 117 bytes
[2m2023-01-10T18:42:47.945572Z[0m [34mDEBUG[0m [1mparse_headers[0m[2m:[0m [2mhyper::proto::h1::role[0m[2m:[0m setting h1 header read timeout timer
[2m2023-01-10T18:42:47.945588Z[0m [35mTRACE[0m [1mparse_headers[0m[2m:[0m [2mhyper::proto::h1::role[0m[2m:[0m Request.parse [3mbytes[0m[2m=[0m117
[2m2023-01-10T18:42:47.945595Z[0m [35mTRACE[0m [1mparse_headers[0m[2m:[0m [2mhyper::proto::h1::role[0m[2m:[0m Request.parse Complete(117)
[2m2023-01-10T18:42:47.945611Z[0m [34mDEBUG[0m [2mhyper::proto::h1::io[0m[2m:[0m parsed 4 headers
[2m2023-01-10T18:42:47.945618Z[0m [34mDEBUG[0m [2mhyper::proto::h1::conn[0m[2m:[0m incoming body is empty
[2m2023-01-10T18:42:47.945621Z[0m [35mTRACE[0m [2mhyper::proto::h1::conn[0m[2m:[0m remote disabling keep-alive
[2m2023-01-10T18:42:47.945631Z[0m [35mTRACE[0m [1mencode_headers[0m[2m:[0m [2mhyper::proto::h1::role[0m[2m:[0m Server::encode status=200, body=Some(Known(6)), req_method=Some(GET)
[2m2023-01-10T18:42:47.945640Z[0m [35mTRACE[0m [2mhyper::proto::h1::io[0m[2m:[0m buffer.queue [3mself.len[0m[2m=[0m101 [3mbuf.len[0m[2m=[0m6
[2m2023-01-10T18:42:47.945684Z[0m [34mDEBUG[0m [2mhyper::proto::h1::io[0m[2m:[0m flushed 107 bytes
[2m2023-01-10T18:42:47.945688Z[0m [35mTRACE[0m [2mhyper::proto::h1::conn[0m[2m:[0m State::close()
[2m2023-01-10T18:42:47.945691Z[0m [35mTRACE[0m [2mhyper::proto::h1::conn[0m[2m:[0m flushed({role=server}): State { reading: Closed, writing: Closed, keep_alive: Disabled, allow_half_close: true }
[2m2023-01-10T18:42:47.945708Z[0m [35mTRACE[0m [2mhyper::proto::h1::conn[0m[2m:[0m shut down IO complete
[2m2023-01-10T18:42:50.394076Z[0m [35mTRACE[0m [1mpoll[0m[2m:[0m [2mh2::proto::connection[0m[2m:[0m [3mconnection.state[0m[2m=[0mOpen
[2m2023-01-10T18:42:50.394128Z[0m [35mTRACE[0m [1mpoll[0m[2m:[0m[1mFramedRead::poll_next[0m[2m:[0m [2mh2::codec::framed_read[0m[2m:[0m poll
[2m2023-01-10T18:42:50.394183Z[0m [35mTRACE[0m [1mpoll[0m[2m:[0m[1mFramedRead::poll_next[0m[2m:[0m [2mtokio_util::codec::framed_impl[0m[2m:[0m attempting to decode a frame
[2m2023-01-10T18:42:50.394197Z[0m [35mTRACE[0m [1mpoll[0m[2m:[0m[1mFramedRead::poll_next[0m[2m:[0m [2mtokio_util::codec::framed_impl[0m[2m:[0m frame decoded from buffer
[2m2023-01-10T18:42:50.394208Z[0m [35mTRACE[0m [1mpoll[0m[2m:[0m[1mFramedRead::poll_next[0m[2m:[0m [2mh2::codec::framed_read[0m[2m:[0m [3mread.bytes[0m[2m=[0m17
[2m2023-01-10T18:42:50.394234Z[0m [35mTRACE[0m [1mpoll[0m[2m:[0m[1mFramedRead::poll_next[0m[2m:[0m[1mFramedRead::decode_frame[0m[1m{[0m[3moffset[0m[2m=[0m17[1m}[0m[2m:[0m [2mh2::codec::framed_read[0m[2m:[0m decoding frame from 17B
[2m2023-01-10T18:42:50.394253Z[0m [35mTRACE[0m [1mpoll[0m[2m:[0m[1mFramedRead::poll_next[0m[2m:[0m[1mFramedRead::decode_frame[0m[1m{[0m[3moffset[0m[2m=[0m17[1m}[0m[2m:[0m [2mh2::codec::framed_read[0m[2m:[0m [3mframe.kind[0m[2m=[0mPing
[2m2023-01-10T18:42:50.394276Z[0m [34mDEBUG[0m [1mpoll[0m[2m:[0m[1mFramedRead::poll_next[0m[2m:[0m [2mh2::codec::framed_read[0m[2m:[0m received [3mframe[0m[2m=[0mPing { ack: false, payload: [0, 0, 0, 0, 0, 0, 0, 0] }
[2m2023-01-10T18:42:50.394304Z[0m [35mTRACE[0m [1mpoll[0m[2m:[0m [2mh2::proto::connection[0m[2m:[0m recv PING [3mframe[0m[2m=[0mPing { ack: false, payload: [0, 0, 0, 0, 0, 0, 0, 0] }
[2m2023-01-10T18:42:50.394335Z[0m [34mDEBUG[0m [1mpoll[0m[2m:[0m[1mpoll_ready[0m[2m:[0m[1mFramedWrite::buffer[0m[1m{[0m[3mframe[0m[2m=[0mPing { ack: true, payload: [0, 0, 0, 0, 0, 0, 0, 0] }[1m}[0m[2m:[0m [2mh2::codec::framed_write[0m[2m:[0m send [3mframe[0m[2m=[0mPing { ack: true, payload: [0, 0, 0, 0, 0, 0, 0, 0] }
[2m2023-01-10T18:42:50.394356Z[0m [35mTRACE[0m [1mpoll[0m[2m:[0m[1mpoll_ready[0m[2m:[0m[1mFramedWrite::buffer[0m[1m{[0m[3mframe[0m[2m=[0mPing { ack: true, payload: [0, 0, 0, 0, 0, 0, 0, 0] }[1m}[0m[2m:[0m [2mh2::frame::ping[0m[2m:[0m encoding PING; ack=true len=8
[2m2023-01-10T18:42:50.394372Z[0m [35mTRACE[0m [1mpoll[0m[2m:[0m[1mpoll_ready[0m[2m:[0m[1mFramedWrite::buffer[0m[1m{[0m[3mframe[0m[2m=[0mPing { ack: true, payload: [0, 0, 0, 0, 0, 0, 0, 0] }[1m}[0m[2m:[0m [2mh2::codec::framed_write[0m[2m:[0m encoded ping [3mrem[0m[2m=[0m17
[2m2023-01-10T18:42:50.394415Z[0m [35mTRACE[0m [1mpoll[0m[2m:[0m[1mFramedRead::poll_next[0m[2m:[0m [2mh2::codec::framed_read[0m[2m:[0m poll
[2m2023-01-10T18:42:50.394427Z[0m [35mTRACE[0m [1mpoll[0m[2m:[0m[1mFramedRead::poll_next[0m[2m:[0m [2mtokio_util::codec::framed_impl[0m[2m:[0m attempting to decode a frame
[2m2023-01-10T18:42:50.394454Z[0m [35mTRACE[0m [1mpoll[0m[2m:[0m [2mh2::proto::streams::prioritize[0m[2m:[0m poll_complete
[2m2023-01-10T18:42:50.394464Z[0m [35mTRACE[0m [1mpoll[0m[2m:[0m [2mh2::proto::streams::prioritize[0m[2m:[0m schedule_pending_open
[2m2023-01-10T18:42:50.394481Z[0m [35mTRACE[0m [1mpoll[0m[2m:[0m[1mFramedWrite::flush[0m[2m:[0m [2mh2::codec::framed_write[0m[2m:[0m [3mqueued_data_frame[0m[2m=[0mfalse
[2m2023-01-10T18:42:50.394668Z[0m [35mTRACE[0m [1mpoll[0m[2m:[0m[1mFramedWrite::flush[0m[2m:[0m [2mh2::codec::framed_write[0m[2m:[0m flushing buffer
[2m2023-01-10T18:42:53.740797Z[0m [35mTRACE[0m [1mpoll[0m[2m:[0m [2mh2::proto::connection[0m[2m:[0m [3mconnection.state[0m[2m=[0mOpen
[2m2023-01-10T18:42:53.740823Z[0m [35mTRACE[0m [1mpoll[0m[2m:[0m[1mFramedRead::poll_next[0m[2m:[0m [2mh2::codec::framed_read[0m[2m:[0m poll
[2m2023-01-10T18:42:53.740845Z[0m [35mTRACE[0m [1mpoll[0m[2m:[0m[1mFramedRead::poll_next[0m[2m:[0m [2mtokio_util::codec::framed_impl[0m[2m:[0m attempting to decode a frame
[2m2023-01-10T18:42:53.740852Z[0m [35mTRACE[0m [1mpoll[0m[2m:[0m[1mFramedRead::poll_next[0m[2m:[0m [2mtokio_util::codec::framed_impl[0m[2m:[0m frame decoded from buffer
[2m2023-01-10T18:42:53.740855Z[0m [35mTRACE[0m [1mpoll[0m[2m:[0m[1mFramedRead::poll_next[0m[2m:[0m [2mh2::codec::framed_read[0m[2m:[0m [3mread.bytes[0m[2m=[0m545
[2m2023-01-10T18:42:53.740861Z[0m [35mTRACE[0m [1mpoll[0m[2m:[0m[1mFramedRead::poll_next[0m[2m:[0m[1mFramedRead::decode_frame[0m[1m{[0m[3moffset[0m[2m=[0m545[1m}[0m[2m:[0m [2mh2::codec::framed_read[0m[2m:[0m decoding frame from 545B
[2m2023-01-10T18:42:53.740883Z[0m [35mTRACE[0m [1mpoll[0m[2m:[0m[1mFramedRead::poll_next[0m[2m:[0m[1mFramedRead::decode_frame[0m[1m{[0m[3moffset[0m[2m=[0m545[1m}[0m[2m:[0m [2mh2::codec::framed_read[0m[2m:[0m [3mframe.kind[0m[2m=[0mData
[2m2023-01-10T18:42:53.740889Z[0m [34mDEBUG[0m [1mpoll[0m[2m:[0m[1mFramedRead::poll_next[0m[2m:[0m [2mh2::codec::framed_read[0m[2m:[0m received [3mframe[0m[2m=[0mData { stream_id: StreamId(1) }
[2m2023-01-10T18:42:53.740896Z[0m [35mTRACE[0m [1mpoll[0m[2m:[0m [2mh2::proto::connection[0m[2m:[0m recv DATA [3mframe[0m[2m=[0mData { stream_id: StreamId(1) }
[2m2023-01-10T18:42:53.740900Z[0m [35mTRACE[0m [1mpoll[0m[2m:[0m [2mh2::proto::streams::recv[0m[2m:[0m recv_data; size=536; connection=5236258; stream=2090530
[2m2023-01-10T18:42:53.740903Z[0m [35mTRACE[0m [1mpoll[0m[2m:[0m [2mh2::proto::streams::flow_control[0m[2m:[0m send_data; sz=536; window=5236258; available=5242880
[2m2023-01-10T18:42:53.740907Z[0m [35mTRACE[0m [1mpoll[0m[2m:[0m [2mh2::proto::streams::flow_control[0m[2m:[0m send_data; sz=536; window=2090530; available=2097152
[2m2023-01-10T18:42:53.740910Z[0m [35mTRACE[0m [1mpoll[0m[2m:[0m [2mh2::proto::streams::counts[0m[2m:[0m transition_after; stream=StreamId(1); state=State { inner: Open { local: Streaming, remote: Streaming } }; is_closed=false; pending_send_empty=true; buffered_send_data=0; num_recv=0; num_send=1
[2m2023-01-10T18:42:53.740957Z[0m [35mTRACE[0m [1mpoll[0m[2m:[0m[1mFramedRead::poll_next[0m[2m:[0m [2mh2::codec::framed_read[0m[2m:[0m poll
[2m2023-01-10T18:42:53.740961Z[0m [35mTRACE[0m [1mpoll[0m[2m:[0m[1mFramedRead::poll_next[0m[2m:[0m [2mtokio_util::codec::framed_impl[0m[2m:[0m attempting to decode a frame
[2m2023-01-10T18:42:53.740969Z[0m [35mTRACE[0m [1mpoll[0m[2m:[0m [2mh2::proto::streams::prioritize[0m[2m:[0m poll_complete
[2m2023-01-10T18:42:53.740972Z[0m [35mTRACE[0m [1mpoll[0m[2m:[0m [2mh2::proto::streams::prioritize[0m[2m:[0m schedule_pending_open
[2m2023-01-10T18:42:53.740976Z[0m [35mTRACE[0m [1mpoll[0m[2m:[0m[1mFramedWrite::flush[0m[2m:[0m [2mh2::codec::framed_write[0m[2m:[0m flushing buffer
[2m2023-01-10T18:42:53.740987Z[0m [35mTRACE[0m [1mxds[0m[1m{[0m[3mid[0m[2m=[0m7[1m}[0m[2m:[0m [2mh2::proto::streams::recv[0m[2m:[0m release_capacity; size=536
[2m2023-01-10T18:42:53.740991Z[0m [35mTRACE[0m [1mxds[0m[1m{[0m[3mid[0m[2m=[0m7[1m}[0m[2m:[0m [2mh2::proto::streams::recv[0m[2m:[0m release_connection_capacity; size=536, connection in_flight_data=536
[2m2023-01-10T18:42:53.741001Z[0m [32m INFO[0m [1mxds[0m[1m{[0m[3mid[0m[2m=[0m7[1m}[0m[2m:[0m [2mztunnel::xds::client[0m[2m:[0m received response [3mtype_url[0m[2m=[0m"type.googleapis.com/istio.workload.Workload" [3msize[0m[2m=[0m1
thread 'main' panicked at 'called `Result::unwrap()` on an `Err` value: Decode(DecodeError { description: "unexpected end group tag", stack: [("Workload", "rbac")] })', /home/prow/go/src/istio.io/ztunnel/src/xds/client.rs:555:47
note: run with `RUST_BACKTRACE=1` environment variable to display a backtrace
[2m2023-01-10T18:42:53.741114Z[0m [35mTRACE[0m [1mxds[0m[1m{[0m[3mid[0m[2m=[0m7[1m}[0m[2m:[0m [2mh2::proto::streams::streams[0m[2m:[0m drop_stream_ref; stream=Stream { id: StreamId(1), state: State { inner: Open { local: Streaming, remote: Streaming } }, is_counted: true, ref_count: 2, next_pending_send: None, is_pending_send: false, send_flow: FlowControl { window_size: Window(64721), available: Window(1) }, requested_send_capacity: 1, buffered_send_data: 0, send_task: Some(Waker { data: 0x7fac34001430, vtable: 0x55dc6c6cba70 }), pending_send: Deque { indices: None }, next_pending_send_capacity: None, is_pending_send_capacity: false, send_capacity_inc: true, next_open: None, is_pending_open: false, is_pending_push: false, next_pending_accept: None, is_pending_accept: false, recv_flow: FlowControl { window_size: Window(2089994), available: Window(2097152) }, in_flight_recv_data: 0, next_window_update: None, is_pending_window_update: false, reset_at: None, next_reset_expire: None, pending_recv: Deque { indices: None }, recv_task: None, pending_push_promises: Queue { indices: None, _p: PhantomData<h2::proto::streams::stream::NextAccept> }, content_length: Omitted }
[2m2023-01-10T18:42:53.741133Z[0m [35mTRACE[0m [1mxds[0m[1m{[0m[3mid[0m[2m=[0m7[1m}[0m[2m:[0m [2mh2::proto::streams::counts[0m[2m:[0m transition_after; stream=StreamId(1); state=State { inner: Open { local: Streaming, remote: Streaming } }; is_closed=false; pending_send_empty=true; buffered_send_data=0; num_recv=0; num_send=1
[2m2023-01-10T18:42:53.741169Z[0m [33m WARN[0m [2mztunnel::xds::client[0m[2m:[0m outbound stream complete
[2m2023-01-10T18:42:53.741179Z[0m [35mTRACE[0m [2mhyper::proto::h2[0m[2m:[0m send body eos
[2m2023-01-10T18:42:53.741184Z[0m [35mTRACE[0m [1msend_data[0m[1m{[0m[3msz[0m[2m=[0m0 [3mrequested[0m[2m=[0m0[1m}[0m[2m:[0m [2mh2::proto::streams::prioritize[0m[2m:[0m [3mbuffered[0m[2m=[0m0
[2m2023-01-10T18:42:53.741189Z[0m [35mTRACE[0m [1msend_data[0m[1m{[0m[3msz[0m[2m=[0m0 [3mrequested[0m[2m=[0m0[1m}[0m[2m:[0m [2mh2::proto::streams::state[0m[2m:[0m send_close: Open => HalfClosedLocal(Streaming)
[2m2023-01-10T18:42:53.741194Z[0m [35mTRACE[0m [1msend_data[0m[1m{[0m[3msz[0m[2m=[0m0 [3mrequested[0m[2m=[0m0[1m}[0m[2m:[0m [2mh2::proto::streams::prioritize[0m[2m:[0m [3mavailable[0m[2m=[0m0 [3mbuffered[0m[2m=[0m0
[2m2023-01-10T18:42:53.741199Z[0m [35mTRACE[0m [1msend_data[0m[1m{[0m[3msz[0m[2m=[0m0 [3mrequested[0m[2m=[0m0[1m}[0m[2m:[0m[1mPrioritize::queue_frame[0m[1m{[0m[3mstream.id[0m[2m=[0mStreamId(1)[1m}[0m[2m:[0m [2mh2::proto::streams::prioritize[0m[2m:[0m schedule_send [3mstream.id[0m[2m=[0mStreamId(1)
[2m2023-01-10T18:42:53.741203Z[0m [35mTRACE[0m [1msend_data[0m[1m{[0m[3msz[0m[2m=[0m0 [3mrequested[0m[2m=[0m0[1m}[0m[2m:[0m[1mPrioritize::queue_frame[0m[1m{[0m[3mstream.id[0m[2m=[0mStreamId(1)[1m}[0m[2m:[0m [2mh2::proto::streams::store[0m[2m:[0m Queue::push
[2m2023-01-10T18:42:53.741206Z[0m [35mTRACE[0m [1msend_data[0m[1m{[0m[3msz[0m[2m=[0m0 [3mrequested[0m[2m=[0m0[1m}[0m[2m:[0m[1mPrioritize::queue_frame[0m[1m{[0m[3mstream.id[0m[2m=[0mStreamId(1)[1m}[0m[2m:[0m [2mh2::proto::streams::store[0m[2m:[0m  -> first entry
[2m2023-01-10T18:42:53.741210Z[0m [35mTRACE[0m [2mh2::proto::streams::counts[0m[2m:[0m transition_after; stream=StreamId(1); state=State { inner: HalfClosedLocal(Streaming) }; is_closed=false; pending_send_empty=false; buffered_send_data=0; num_recv=0; num_send=1
[2m2023-01-10T18:42:53.741213Z[0m [35mTRACE[0m [2mh2::proto::streams::streams[0m[2m:[0m drop_stream_ref; stream=Stream { id: StreamId(1), state: State { inner: HalfClosedLocal(Streaming) }, is_counted: true, ref_count: 1, next_pending_send: None, is_pending_send: true, send_flow: FlowControl { window_size: Window(64721), available: Window(0) }, requested_send_capacity: 0, buffered_send_data: 0, send_task: Some(Waker { data: 0x7fac34001430, vtable: 0x55dc6c6cba70 }), pending_send: Deque { indices: Some(Indices { head: 1, tail: 1 }) }, next_pending_send_capacity: None, is_pending_send_capacity: false, send_capacity_inc: true, next_open: None, is_pending_open: false, is_pending_push: false, next_pending_accept: None, is_pending_accept: false, recv_flow: FlowControl { window_size: Window(2089994), available: Window(2097152) }, in_flight_recv_data: 0, next_window_update: None, is_pending_window_update: false, reset_at: None, next_reset_expire: None, pending_recv: Deque { indices: None }, recv_task: None, pending_push_promises: Queue { indices: None, _p: PhantomData<h2::proto::streams::stream::NextAccept> }, content_length: Omitted }
[2m2023-01-10T18:42:53.741219Z[0m [35mTRACE[0m [2mh2::proto::streams::prioritize[0m[2m:[0m schedule_send [3mstream.id[0m[2m=[0mStreamId(1)
[2m2023-01-10T18:42:53.741220Z[0m [35mTRACE[0m [2mh2::proto::streams::store[0m[2m:[0m Queue::push
[2m2023-01-10T18:42:53.741221Z[0m [35mTRACE[0m [2mh2::proto::streams::store[0m[2m:[0m  -> already queued
[2m2023-01-10T18:42:53.741223Z[0m [35mTRACE[0m [2mh2::proto::streams::recv[0m[2m:[0m enqueue_reset_expiration; StreamId(1)
[2m2023-01-10T18:42:53.741225Z[0m [35mTRACE[0m [2mh2::proto::streams::store[0m[2m:[0m Queue::push
[2m2023-01-10T18:42:53.741226Z[0m [35mTRACE[0m [2mh2::proto::streams::store[0m[2m:[0m  -> first entry
[2m2023-01-10T18:42:53.741227Z[0m [35mTRACE[0m [2mh2::proto::streams::counts[0m[2m:[0m transition_after; stream=StreamId(1); state=State { inner: Closed(ScheduledLibraryReset(CANCEL)) }; is_closed=false; pending_send_empty=false; buffered_send_data=0; num_recv=0; num_send=1
[2m2023-01-10T18:42:53.741232Z[0m [35mTRACE[0m [2mhyper::client::pool[0m[2m:[0m pool closed, canceling idle interval
[2m2023-01-10T18:42:53.741236Z[0m [35mTRACE[0m [1mpoll[0m[2m:[0m [2mh2::proto::connection[0m[2m:[0m [3mconnection.state[0m[2m=[0mOpen
[2m2023-01-10T18:42:53.741240Z[0m [35mTRACE[0m [1mpoll[0m[2m:[0m[1mFramedRead::poll_next[0m[2m:[0m [2mh2::codec::framed_read[0m[2m:[0m poll
[2m2023-01-10T18:42:53.741245Z[0m [35mTRACE[0m [1mpoll[0m[2m:[0m [2mh2::proto::streams::prioritize[0m[2m:[0m poll_complete
[2m2023-01-10T18:42:53.741247Z[0m [35mTRACE[0m [1mpoll[0m[2m:[0m [2mh2::proto::streams::prioritize[0m[2m:[0m schedule_pending_open
[2m2023-01-10T18:42:53.741252Z[0m [35mTRACE[0m [1mpoll[0m[2m:[0m[1mpop_frame[0m[2m:[0m[1mpopped[0m[1m{[0m[3mstream.id[0m[2m=[0mStreamId(1) [3mstream.state[0m[2m=[0mState { inner: Closed(ScheduledLibraryReset(CANCEL)) }[1m}[0m[2m:[0m [2mh2::proto::streams::prioritize[0m[2m:[0m [3mis_pending_reset[0m[2m=[0mtrue
[2m2023-01-10T18:42:53.741255Z[0m [35mTRACE[0m [1mpoll[0m[2m:[0m[1mpop_frame[0m[2m:[0m[1mpopped[0m[1m{[0m[3mstream.id[0m[2m=[0mStreamId(1) [3mstream.state[0m[2m=[0mState { inner: Closed(ScheduledLibraryReset(CANCEL)) }[1m}[0m[2m:[0m [2mh2::proto::streams::prioritize[0m[2m:[0m data frame [3msz[0m[2m=[0m0 [3meos[0m[2m=[0mtrue [3mwindow[0m[2m=[0m0 [3mavailable[0m[2m=[0m0 [3mrequested[0m[2m=[0m0 [3mbuffered[0m[2m=[0m0
[2m2023-01-10T18:42:53.741261Z[0m [35mTRACE[0m [1mpoll[0m[2m:[0m[1mpop_frame[0m[2m:[0m[1mpopped[0m[1m{[0m[3mstream.id[0m[2m=[0mStreamId(1) [3mstream.state[0m[2m=[0mState { inner: Closed(ScheduledLibraryReset(CANCEL)) }[1m}[0m[2m:[0m [2mh2::proto::streams::prioritize[0m[2m:[0m sending data frame [3mlen[0m[2m=[0m0
[2m2023-01-10T18:42:53.741264Z[0m [35mTRACE[0m [1mpoll[0m[2m:[0m[1mpop_frame[0m[2m:[0m[1mpopped[0m[1m{[0m[3mstream.id[0m[2m=[0mStreamId(1) [3mstream.state[0m[2m=[0mState { inner: Closed(ScheduledLibraryReset(CANCEL)) }[1m}[0m[2m:[0m[1mupdating stream flow[0m[2m:[0m [2mh2::proto::streams::flow_control[0m[2m:[0m send_data; sz=0; window=64721; available=0
[2m2023-01-10T18:42:53.741268Z[0m [35mTRACE[0m [1mpoll[0m[2m:[0m[1mpop_frame[0m[2m:[0m[1mpopped[0m[1m{[0m[3mstream.id[0m[2m=[0mStreamId(1) [3mstream.state[0m[2m=[0mState { inner: Closed(ScheduledLibraryReset(CANCEL)) }[1m}[0m[2m:[0m[1mupdating connection flow[0m[2m:[0m [2mh2::proto::streams::flow_control[0m[2m:[0m send_data; sz=0; window=65535; available=65535
[2m2023-01-10T18:42:53.741271Z[0m [35mTRACE[0m [1mpoll[0m[2m:[0m[1mpop_frame[0m[2m:[0m[1mpopped[0m[1m{[0m[3mstream.id[0m[2m=[0mStreamId(1) [3mstream.state[0m[2m=[0mState { inner: Closed(ScheduledLibraryReset(CANCEL)) }[1m}[0m[2m:[0m [2mh2::proto::streams::prioritize[0m[2m:[0m pop_frame; frame=Data { stream_id: StreamId(1), flags: (0x1: END_STREAM) }
[2m2023-01-10T18:42:53.741275Z[0m [35mTRACE[0m [1mpoll[0m[2m:[0m[1mpop_frame[0m[2m:[0m[1mpopped[0m[1m{[0m[3mstream.id[0m[2m=[0mStreamId(1) [3mstream.state[0m[2m=[0mState { inner: Closed(ScheduledLibraryReset(CANCEL)) }[1m}[0m[2m:[0m [2mh2::proto::streams::store[0m[2m:[0m Queue::push
[2m2023-01-10T18:42:53.741277Z[0m [35mTRACE[0m [1mpoll[0m[2m:[0m[1mpop_frame[0m[2m:[0m[1mpopped[0m[1m{[0m[3mstream.id[0m[2m=[0mStreamId(1) [3mstream.state[0m[2m=[0mState { inner: Closed(ScheduledLibraryReset(CANCEL)) }[1m}[0m[2m:[0m [2mh2::proto::streams::store[0m[2m:[0m  -> first entry
[2m2023-01-10T18:42:53.741279Z[0m [35mTRACE[0m [1mpoll[0m[2m:[0m[1mpop_frame[0m[2m:[0m[1mpopped[0m[1m{[0m[3mstream.id[0m[2m=[0mStreamId(1) [3mstream.state[0m[2m=[0mState { inner: Closed(ScheduledLibraryReset(CANCEL)) }[1m}[0m[2m:[0m [2mh2::proto::streams::counts[0m[2m:[0m transition_after; stream=StreamId(1); state=State { inner: Closed(ScheduledLibraryReset(CANCEL)) }; is_closed=true; pending_send_empty=true; buffered_send_data=0; num_recv=0; num_send=1
[2m2023-01-10T18:42:53.741283Z[0m [35mTRACE[0m [1mpoll[0m[2m:[0m[1mpop_frame[0m[2m:[0m[1mpopped[0m[1m{[0m[3mstream.id[0m[2m=[0mStreamId(1) [3mstream.state[0m[2m=[0mState { inner: Closed(ScheduledLibraryReset(CANCEL)) }[1m}[0m[2m:[0m [2mh2::proto::streams::counts[0m[2m:[0m dec_num_streams; stream=StreamId(1)
[2m2023-01-10T18:42:53.741286Z[0m [35mTRACE[0m [1mpoll[0m[2m:[0m [2mh2::proto::streams::prioritize[0m[2m:[0m writing [3mframe[0m[2m=[0mData { stream_id: StreamId(1), flags: (0x1: END_STREAM) }
[2m2023-01-10T18:42:53.741291Z[0m [34mDEBUG[0m [1mpoll[0m[2m:[0m[1mFramedWrite::buffer[0m[1m{[0m[3mframe[0m[2m=[0mData { stream_id: StreamId(1), flags: (0x1: END_STREAM) }[1m}[0m[2m:[0m [2mh2::codec::framed_write[0m[2m:[0m send [3mframe[0m[2m=[0mData { stream_id: StreamId(1), flags: (0x1: END_STREAM) }
[2m2023-01-10T18:42:53.741296Z[0m [35mTRACE[0m [1mpoll[0m[2m:[0m[1mtry_reclaim_frame[0m[2m:[0m [2mh2::proto::streams::prioritize[0m[2m:[0m reclaimed [3mframe[0m[2m=[0mData { stream_id: StreamId(1), flags: (0x1: END_STREAM) } [3msz[0m[2m=[0m0
[2m2023-01-10T18:42:53.741317Z[0m [35mTRACE[0m [1mpoll[0m[2m:[0m [2mh2::proto::streams::prioritize[0m[2m:[0m schedule_pending_open
[2m2023-01-10T18:42:53.741323Z[0m [35mTRACE[0m [1mpoll[0m[2m:[0m[1mpop_frame[0m[2m:[0m[1mpopped[0m[1m{[0m[3mstream.id[0m[2m=[0mStreamId(1) [3mstream.state[0m[2m=[0mState { inner: Closed(ScheduledLibraryReset(CANCEL)) }[1m}[0m[2m:[0m [2mh2::proto::streams::prioritize[0m[2m:[0m [3mis_pending_reset[0m[2m=[0mtrue
[2m2023-01-10T18:42:53.741326Z[0m [35mTRACE[0m [1mpoll[0m[2m:[0m[1mpop_frame[0m[2m:[0m[1mpopped[0m[1m{[0m[3mstream.id[0m[2m=[0mStreamId(1) [3mstream.state[0m[2m=[0mState { inner: Closed(ScheduledLibraryReset(CANCEL)) }[1m}[0m[2m:[0m [2mh2::proto::streams::prioritize[0m[2m:[0m pop_frame; frame=Reset { stream_id: StreamId(1), error_code: CANCEL }
[2m2023-01-10T18:42:53.741331Z[0m [35mTRACE[0m [1mpoll[0m[2m:[0m[1mpop_frame[0m[2m:[0m[1mpopped[0m[1m{[0m[3mstream.id[0m[2m=[0mStreamId(1) [3mstream.state[0m[2m=[0mState { inner: Closed(ScheduledLibraryReset(CANCEL)) }[1m}[0m[2m:[0m [2mh2::proto::streams::counts[0m[2m:[0m transition_after; stream=StreamId(1); state=State { inner: Closed(Error(Reset(StreamId(1), CANCEL, Library))) }; is_closed=true; pending_send_empty=true; buffered_send_data=0; num_recv=0; num_send=0
[2m2023-01-10T18:42:53.741335Z[0m [35mTRACE[0m [1mpoll[0m[2m:[0m [2mh2::proto::streams::prioritize[0m[2m:[0m writing [3mframe[0m[2m=[0mReset { stream_id: StreamId(1), error_code: CANCEL }
[2m2023-01-10T18:42:53.741338Z[0m [34mDEBUG[0m [1mpoll[0m[2m:[0m[1mFramedWrite::buffer[0m[1m{[0m[3mframe[0m[2m=[0mReset { stream_id: StreamId(1), error_code: CANCEL }[1m}[0m[2m:[0m [2mh2::codec::framed_write[0m[2m:[0m send [3mframe[0m[2m=[0mReset { stream_id: StreamId(1), error_code: CANCEL }
[2m2023-01-10T18:42:53.741341Z[0m [35mTRACE[0m [1mpoll[0m[2m:[0m[1mFramedWrite::buffer[0m[1m{[0m[3mframe[0m[2m=[0mReset { stream_id: StreamId(1), error_code: CANCEL }[1m}[0m[2m:[0m [2mh2::frame::reset[0m[2m:[0m encoding RESET; id=StreamId(1) code=CANCEL
[2m2023-01-10T18:42:53.741344Z[0m [35mTRACE[0m [1mpoll[0m[2m:[0m[1mFramedWrite::buffer[0m[1m{[0m[3mframe[0m[2m=[0mReset { stream_id: StreamId(1), error_code: CANCEL }[1m}[0m[2m:[0m [2mh2::codec::framed_write[0m[2m:[0m encoded reset [3mrem[0m[2m=[0m22
[2m2023-01-10T18:42:53.741348Z[0m [35mTRACE[0m [1mpoll[0m[2m:[0m [2mh2::proto::streams::prioritize[0m[2m:[0m schedule_pending_open
[2m2023-01-10T18:42:53.741363Z[0m [35mTRACE[0m [1mpoll[0m[2m:[0m[1mFramedWrite::flush[0m[2m:[0m [2mh2::codec::framed_write[0m[2m:[0m [3mqueued_data_frame[0m[2m=[0mfalse
[2m2023-01-10T18:42:53.741415Z[0m [35mTRACE[0m [1mpoll[0m[2m:[0m[1mFramedWrite::flush[0m[2m:[0m [2mh2::codec::framed_write[0m[2m:[0m flushing buffer
[2m2023-01-10T18:42:53.741433Z[0m [35mTRACE[0m [2mhyper::proto::h2::client[0m[2m:[0m send_request dropped, starting conn shutdown
[2m2023-01-10T18:42:53.741439Z[0m [35mTRACE[0m [1mpoll[0m[2m:[0m [2mh2::proto::connection[0m[2m:[0m [3mconnection.state[0m[2m=[0mOpen
[2m2023-01-10T18:42:53.741443Z[0m [34mDEBUG[0m [1mpoll[0m[2m:[0m[1mFramedWrite::buffer[0m[1m{[0m[3mframe[0m[2m=[0mGoAway { error_code: NO_ERROR, last_stream_id: StreamId(0) }[1m}[0m[2m:[0m [2mh2::codec::framed_write[0m[2m:[0m send [3mframe[0m[2m=[0mGoAway { error_code: NO_ERROR, last_stream_id: StreamId(0) }
[2m2023-01-10T18:42:53.741449Z[0m [35mTRACE[0m [1mpoll[0m[2m:[0m[1mFramedWrite::buffer[0m[1m{[0m[3mframe[0m[2m=[0mGoAway { error_code: NO_ERROR, last_stream_id: StreamId(0) }[1m}[0m[2m:[0m [2mh2::frame::go_away[0m[2m:[0m encoding GO_AWAY; code=NO_ERROR
[2m2023-01-10T18:42:53.741451Z[0m [35mTRACE[0m [1mpoll[0m[2m:[0m[1mFramedWrite::buffer[0m[1m{[0m[3mframe[0m[2m=[0mGoAway { error_code: NO_ERROR, last_stream_id: StreamId(0) }[1m}[0m[2m:[0m [2mh2::codec::framed_write[0m[2m:[0m encoded go_away [3mrem[0m[2m=[0m17
[2m2023-01-10T18:42:53.741456Z[0m [34mDEBUG[0m [1mpoll[0m[2m:[0m [2mh2::proto::connection[0m[2m:[0m Connection::poll; connection error [3merror[0m[2m=[0mGoAway(b"", NO_ERROR, Library)
[2m2023-01-10T18:42:53.741460Z[0m [35mTRACE[0m [1mpoll[0m[2m:[0m [2mh2::proto::connection[0m[2m:[0m     -> already going away
[2m2023-01-10T18:42:53.741462Z[0m [35mTRACE[0m [1mpoll[0m[2m:[0m [2mh2::proto::connection[0m[2m:[0m [3mconnection.state[0m[2m=[0mClosing(NO_ERROR, Library)
[2m2023-01-10T18:42:53.741465Z[0m [35mTRACE[0m [1mpoll[0m[2m:[0m [2mh2::proto::connection[0m[2m:[0m connection closing after flush
[2m2023-01-10T18:42:53.741467Z[0m [35mTRACE[0m [1mpoll[0m[2m:[0m[1mFramedWrite::flush[0m[2m:[0m [2mh2::codec::framed_write[0m[2m:[0m [3mqueued_data_frame[0m[2m=[0mfalse
[2m2023-01-10T18:42:53.741486Z[0m [35mTRACE[0m [1mpoll[0m[2m:[0m[1mFramedWrite::flush[0m[2m:[0m [2mh2::codec::framed_write[0m[2m:[0m flushing buffer
[2m2023-01-10T18:42:53.741504Z[0m [35mTRACE[0m [1mpoll[0m[2m:[0m [2mh2::proto::connection[0m[2m:[0m [3mconnection.state[0m[2m=[0mClosed(NO_ERROR, Library)
[2m2023-01-10T18:42:53.741527Z[0m [35mTRACE[0m [2mh2::proto::streams::streams[0m[2m:[0m Streams::recv_eof
[2m2023-01-10T18:42:53.741534Z[0m [35mTRACE[0m [2mh2::proto::streams::counts[0m[2m:[0m transition_after; stream=StreamId(1); state=State { inner: Closed(Error(Reset(StreamId(1), CANCEL, Library))) }; is_closed=true; pending_send_empty=true; buffered_send_data=0; num_recv=0; num_send=0
[2m2023-01-10T18:42:53.741537Z[0m [35mTRACE[0m [2mh2::proto::streams::counts[0m[2m:[0m transition_after; stream=StreamId(1); state=State { inner: Closed(Error(Reset(StreamId(1), CANCEL, Library))) }; is_closed=true; pending_send_empty=true; buffered_send_data=0; num_recv=0; num_send=0
[2m2023-01-10T18:42:57.946041Z[0m [35mTRACE[0m [2mhyper::proto::h1::conn[0m[2m:[0m Conn::read_head
[2m2023-01-10T18:42:57.946071Z[0m [35mTRACE[0m [2mhyper::proto::h1::conn[0m[2m:[0m flushed({role=server}): State { reading: Init, writing: Init, keep_alive: Busy, allow_half_close: true }
[2m2023-01-10T18:42:57.946175Z[0m [35mTRACE[0m [2mhyper::proto::h1::conn[0m[2m:[0m Conn::read_head
[2m2023-01-10T18:42:57.946217Z[0m [35mTRACE[0m [2mhyper::proto::h1::io[0m[2m:[0m received 117 bytes
[2m2023-01-10T18:42:57.946248Z[0m [34mDEBUG[0m [1mparse_headers[0m[2m:[0m [2mhyper::proto::h1::role[0m[2m:[0m setting h1 header read timeout timer
[2m2023-01-10T18:42:57.946275Z[0m [35mTRACE[0m [1mparse_headers[0m[2m:[0m [2mhyper::proto::h1::role[0m[2m:[0m Request.parse [3mbytes[0m[2m=[0m117
[2m2023-01-10T18:42:57.946341Z[0m [35mTRACE[0m [1mparse_headers[0m[2m:[0m [2mhyper::proto::h1::role[0m[2m:[0m Request.parse Complete(117)
[2m2023-01-10T18:42:57.946383Z[0m [34mDEBUG[0m [2mhyper::proto::h1::io[0m[2m:[0m parsed 4 headers
[2m2023-01-10T18:42:57.946395Z[0m [34mDEBUG[0m [2mhyper::proto::h1::conn[0m[2m:[0m incoming body is empty
[2m2023-01-10T18:42:57.946401Z[0m [35mTRACE[0m [2mhyper::proto::h1::conn[0m[2m:[0m remote disabling keep-alive
[2m2023-01-10T18:42:57.946426Z[0m [35mTRACE[0m [1mencode_headers[0m[2m:[0m [2mhyper::proto::h1::role[0m[2m:[0m Server::encode status=200, body=Some(Known(6)), req_method=Some(GET)
[2m2023-01-10T18:42:57.946463Z[0m [35mTRACE[0m [2mhyper::proto::h1::io[0m[2m:[0m buffer.queue [3mself.len[0m[2m=[0m101 [3mbuf.len[0m[2m=[0m6
[2m2023-01-10T18:42:57.946602Z[0m [34mDEBUG[0m [2mhyper::proto::h1::io[0m[2m:[0m flushed 107 bytes
[2m2023-01-10T18:42:57.946612Z[0m [35mTRACE[0m [2mhyper::proto::h1::conn[0m[2m:[0m State::close()
[2m2023-01-10T18:42:57.946617Z[0m [35mTRACE[0m [2mhyper::proto::h1::conn[0m[2m:[0m flushed({role=server}): State { reading: Closed, writing: Closed, keep_alive: Disabled, allow_half_close: true }
[2m2023-01-10T18:42:57.946654Z[0m [35mTRACE[0m [2mhyper::proto::h1::conn[0m[2m:[0m shut down IO complete
[2m2023-01-10T18:43:07.946094Z[0m [35mTRACE[0m [2mhyper::proto::h1::conn[0m[2m:[0m Conn::read_head
[2m2023-01-10T18:43:07.946147Z[0m [35mTRACE[0m [2mhyper::proto::h1::conn[0m[2m:[0m flushed({role=server}): State { reading: Init, writing: Init, keep_alive: Busy, allow_half_close: true }
[2m2023-01-10T18:43:07.946282Z[0m [35mTRACE[0m [2mhyper::proto::h1::conn[0m[2m:[0m Conn::read_head
[2m2023-01-10T18:43:07.946321Z[0m [35mTRACE[0m [2mhyper::proto::h1::io[0m[2m:[0m received 117 bytes
[2m2023-01-10T18:43:07.946340Z[0m [34mDEBUG[0m [1mparse_headers[0m[2m:[0m [2mhyper::proto::h1::role[0m[2m:[0m setting h1 header read timeout timer
[2m2023-01-10T18:43:07.946364Z[0m [35mTRACE[0m [1mparse_headers[0m[2m:[0m [2mhyper::proto::h1::role[0m[2m:[0m Request.parse [3mbytes[0m[2m=[0m117
[2m2023-01-10T18:43:07.946383Z[0m [35mTRACE[0m [1mparse_headers[0m[2m:[0m [2mhyper::proto::h1::role[0m[2m:[0m Request.parse Complete(117)
[2m2023-01-10T18:43:07.946419Z[0m [34mDEBUG[0m [2mhyper::proto::h1::io[0m[2m:[0m parsed 4 headers
[2m2023-01-10T18:43:07.946437Z[0m [34mDEBUG[0m [2mhyper::proto::h1::conn[0m[2m:[0m incoming body is empty
[2m2023-01-10T18:43:07.946447Z[0m [35mTRACE[0m [2mhyper::proto::h1::conn[0m[2m:[0m remote disabling keep-alive
[2m2023-01-10T18:43:07.946469Z[0m [35mTRACE[0m [1mencode_headers[0m[2m:[0m [2mhyper::proto::h1::role[0m[2m:[0m Server::encode status=200, body=Some(Known(6)), req_method=Some(GET)
[2m2023-01-10T18:43:07.946494Z[0m [35mTRACE[0m [2mhyper::proto::h1::io[0m[2m:[0m buffer.queue [3mself.len[0m[2m=[0m101 [3mbuf.len[0m[2m=[0m6
[2m2023-01-10T18:43:07.946645Z[0m [34mDEBUG[0m [2mhyper::proto::h1::io[0m[2m:[0m flushed 107 bytes
[2m2023-01-10T18:43:07.946663Z[0m [35mTRACE[0m [2mhyper::proto::h1::conn[0m[2m:[0m State::close()
[2m2023-01-10T18:43:07.946670Z[0m [35mTRACE[0m [2mhyper::proto::h1::conn[0m[2m:[0m flushed({role=server}): State { reading: Closed, writing: Closed, keep_alive: Disabled, allow_half_close: true }
[2m2023-01-10T18:43:07.946723Z[0m [35mTRACE[0m [2mhyper::proto::h1::conn[0m[2m:[0m shut down IO complete
[2m2023-01-10T18:43:17.945152Z[0m [35mTRACE[0m [2mhyper::proto::h1::conn[0m[2m:[0m Conn::read_head
[2m2023-01-10T18:43:17.945203Z[0m [35mTRACE[0m [2mhyper::proto::h1::conn[0m[2m:[0m flushed({role=server}): State { reading: Init, writing: Init, keep_alive: Busy, allow_half_close: true }
[2m2023-01-10T18:43:17.945313Z[0m [35mTRACE[0m [2mhyper::proto::h1::conn[0m[2m:[0m Conn::read_head
[2m2023-01-10T18:43:17.945419Z[0m [35mTRACE[0m [2mhyper::proto::h1::io[0m[2m:[0m received 117 bytes
[2m2023-01-10T18:43:17.945457Z[0m [34mDEBUG[0m [1mparse_headers[0m[2m:[0m [2mhyper::proto::h1::role[0m[2m:[0m setting h1 header read timeout timer
[2m2023-01-10T18:43:17.945552Z[0m [35mTRACE[0m [1mparse_headers[0m[2m:[0m [2mhyper::proto::h1::role[0m[2m:[0m Request.parse [3mbytes[0m[2m=[0m117
[2m2023-01-10T18:43:17.945573Z[0m [35mTRACE[0m [1mparse_headers[0m[2m:[0m [2mhyper::proto::h1::role[0m[2m:[0m Request.parse Complete(117)
[2m2023-01-10T18:43:17.945663Z[0m [34mDEBUG[0m [2mhyper::proto::h1::io[0m[2m:[0m parsed 4 headers
[2m2023-01-10T18:43:17.945685Z[0m [34mDEBUG[0m [2mhyper::proto::h1::conn[0m[2m:[0m incoming body is empty
[2m2023-01-10T18:43:17.945694Z[0m [35mTRACE[0m [2mhyper::proto::h1::conn[0m[2m:[0m remote disabling keep-alive
[2m2023-01-10T18:43:17.945892Z[0m [35mTRACE[0m [1mencode_headers[0m[2m:[0m [2mhyper::proto::h1::role[0m[2m:[0m Server::encode status=200, body=Some(Known(6)), req_method=Some(GET)
[2m2023-01-10T18:43:17.945936Z[0m [35mTRACE[0m [2mhyper::proto::h1::io[0m[2m:[0m buffer.queue [3mself.len[0m[2m=[0m101 [3mbuf.len[0m[2m=[0m6
[2m2023-01-10T18:43:17.946098Z[0m [34mDEBUG[0m [2mhyper::proto::h1::io[0m[2m:[0m flushed 107 bytes
[2m2023-01-10T18:43:17.946118Z[0m [35mTRACE[0m [2mhyper::proto::h1::conn[0m[2m:[0m State::close()
[2m2023-01-10T18:43:17.946125Z[0m [35mTRACE[0m [2mhyper::proto::h1::conn[0m[2m:[0m flushed({role=server}): State { reading: Closed, writing: Closed, keep_alive: Disabled, allow_half_close: true }
[2m2023-01-10T18:43:17.946179Z[0m [35mTRACE[0m [2mhyper::proto::h1::conn[0m[2m:[0m shut down IO complete
[2m2023-01-10T18:43:22.549139Z[0m [35mTRACE[0m [2mhyper::proto::h1::conn[0m[2m:[0m Conn::read_head
[2m2023-01-10T18:43:22.549148Z[0m [35mTRACE[0m [2mhyper::proto::h1::conn[0m[2m:[0m flushed({role=server}): State { reading: Init, writing: Init, keep_alive: Busy, allow_half_close: true }
[2m2023-01-10T18:43:22.549152Z[0m [35mTRACE[0m [2mhyper::proto::h1::conn[0m[2m:[0m Conn::read_head
[2m2023-01-10T18:43:22.549155Z[0m [35mTRACE[0m [2mhyper::proto::h1::io[0m[2m:[0m received 98 bytes
[2m2023-01-10T18:43:22.549161Z[0m [34mDEBUG[0m [1mparse_headers[0m[2m:[0m [2mhyper::proto::h1::role[0m[2m:[0m setting h1 header read timeout timer
[2m2023-01-10T18:43:22.549166Z[0m [35mTRACE[0m [1mparse_headers[0m[2m:[0m [2mhyper::proto::h1::role[0m[2m:[0m Request.parse [3mbytes[0m[2m=[0m98
[2m2023-01-10T18:43:22.549170Z[0m [35mTRACE[0m [1mparse_headers[0m[2m:[0m [2mhyper::proto::h1::role[0m[2m:[0m Request.parse Complete(98)
[2m2023-01-10T18:43:22.549179Z[0m [34mDEBUG[0m [2mhyper::proto::h1::io[0m[2m:[0m parsed 3 headers
[2m2023-01-10T18:43:22.549183Z[0m [34mDEBUG[0m [2mhyper::proto::h1::conn[0m[2m:[0m incoming body is empty
[2m2023-01-10T18:43:22.549197Z[0m [31mERROR[0m [2mztunnel::telemetry[0m[2m:[0m new log filter is info
