2022-10-11T14:55:50.666245Z	info	FLAG: --caCertFile=""
2022-10-11T14:55:50.666382Z	info	FLAG: --clusterAliases="[]"
2022-10-11T14:55:50.666404Z	info	FLAG: --clusterID="cluster1"
2022-10-11T14:55:50.666420Z	info	FLAG: --clusterRegistriesNamespace="istio-system"
2022-10-11T14:55:50.666450Z	info	FLAG: --configDir=""
2022-10-11T14:55:50.666474Z	info	FLAG: --ctrlz_address="localhost"
2022-10-11T14:55:50.666493Z	info	FLAG: --ctrlz_port="9876"
2022-10-11T14:55:50.666517Z	info	FLAG: --domain="cluster.local"
2022-10-11T14:55:50.666578Z	info	FLAG: --grpcAddr=":15010"
2022-10-11T14:55:50.666641Z	info	FLAG: --help="false"
2022-10-11T14:55:50.666706Z	info	FLAG: --httpAddr=":8080"
2022-10-11T14:55:50.666756Z	info	FLAG: --httpsAddr=":15017"
2022-10-11T14:55:50.666834Z	info	FLAG: --keepaliveInterval="30s"
2022-10-11T14:55:50.666892Z	info	FLAG: --keepaliveMaxServerConnectionAge="30m0s"
2022-10-11T14:55:50.666963Z	info	FLAG: --keepaliveTimeout="10s"
2022-10-11T14:55:50.667014Z	info	FLAG: --kubeconfig=""
2022-10-11T14:55:50.667074Z	info	FLAG: --kubernetesApiBurst="160"
2022-10-11T14:55:50.667129Z	info	FLAG: --kubernetesApiQPS="80"
2022-10-11T14:55:50.667183Z	info	FLAG: --log_as_json="false"
2022-10-11T14:55:50.667238Z	info	FLAG: --log_caller=""
2022-10-11T14:55:50.667292Z	info	FLAG: --log_output_level="default:info"
2022-10-11T14:55:50.667342Z	info	FLAG: --log_rotate=""
2022-10-11T14:55:50.667397Z	info	FLAG: --log_rotate_max_age="30"
2022-10-11T14:55:50.667448Z	info	FLAG: --log_rotate_max_backups="1000"
2022-10-11T14:55:50.667503Z	info	FLAG: --log_rotate_max_size="104857600"
2022-10-11T14:55:50.667560Z	info	FLAG: --log_stacktrace_level="default:none"
2022-10-11T14:55:50.667625Z	info	FLAG: --log_target="[stdout]"
2022-10-11T14:55:50.667680Z	info	FLAG: --meshConfig="./etc/istio/config/mesh"
2022-10-11T14:55:50.667737Z	info	FLAG: --monitoringAddr=":15014"
2022-10-11T14:55:50.667797Z	info	FLAG: --namespace="istio-system"
2022-10-11T14:55:50.667851Z	info	FLAG: --networksConfig="./etc/istio/config/meshNetworks"
2022-10-11T14:55:50.667915Z	info	FLAG: --plugins="[]"
2022-10-11T14:55:50.667973Z	info	FLAG: --profile="true"
2022-10-11T14:55:50.668030Z	info	FLAG: --registries="[Kubernetes]"
2022-10-11T14:55:50.668092Z	info	FLAG: --secureGRPCAddr=":15012"
2022-10-11T14:55:50.668144Z	info	FLAG: --shutdownDuration="10s"
2022-10-11T14:55:50.668202Z	info	FLAG: --tls-cipher-suites="[]"
2022-10-11T14:55:50.668258Z	info	FLAG: --tlsCertFile=""
2022-10-11T14:55:50.668311Z	info	FLAG: --tlsKeyFile=""
2022-10-11T14:55:50.668364Z	info	FLAG: --vklog="0"
2022-10-11T14:55:50.688312Z	info	klog	Config not found: /var/run/secrets/remote/config
2022-10-11T14:55:50.707040Z	info	initializing mesh configuration ./etc/istio/config/mesh
2022-10-11T14:55:50.807824Z	info	controllers	starting	controller=configmap istio
2022-10-11T14:55:50.808380Z	info	Loaded MeshNetworks config from Kubernetes API server.
2022-10-11T14:55:50.808411Z	info	mesh networks configuration updated to: {

}
2022-10-11T14:55:50.814821Z	info	Loaded MeshConfig config from Kubernetes API server.
2022-10-11T14:55:50.815390Z	info	mesh configuration updated to: {
    "proxyListenPort": 15001,
    "connectTimeout": "10s",
    "protocolDetectionTimeout": "0s",
    "ingressClass": "istio",
    "ingressService": "istio-ingressgateway",
    "ingressControllerMode": "STRICT",
    "enableTracing": true,
    "defaultConfig": {
        "configPath": "./etc/istio/proxy",
        "binaryPath": "/usr/local/bin/envoy",
        "serviceCluster": "istio-proxy",
        "drainDuration": "45s",
        "parentShutdownDuration": "60s",
        "discoveryAddress": "istiod.istio-system.svc:15012",
        "proxyAdminPort": 15000,
        "controlPlaneAuthPolicy": "MUTUAL_TLS",
        "statNameLength": 189,
        "concurrency": 2,
        "tracing": {
            "zipkin": {
                "address": "zipkin.istio-system:9411"
            }
        },
        "statusPort": 15020,
        "terminationDrainDuration": "5s",
        "meshId": "mesh1"
    },
    "outboundTrafficPolicy": {
        "mode": "ALLOW_ANY"
    },
    "enableAutoMtls": true,
    "trustDomain": "cluster.local",
    "defaultServiceExportTo": [
        "*"
    ],
    "defaultVirtualServiceExportTo": [
        "*"
    ],
    "defaultDestinationRuleExportTo": [
        "*"
    ],
    "rootNamespace": "istio-system",
    "localityLbSetting": {
        "enabled": true
    },
    "dnsRefreshRate": "60s",
    "thriftConfig": {

    },
    "enablePrometheusMerge": true,
    "extensionProviders": [
        {
            "name": "prometheus",
            "prometheus": {

            }
        },
        {
            "name": "stackdriver",
            "stackdriver": {

            }
        },
        {
            "name": "envoy",
            "envoyFileAccessLog": {
                "path": "/dev/stdout"
            }
        }
    ],
    "defaultProviders": {

    }
}
2022-10-11T14:55:50.908119Z	info	initializing mesh networks from mesh config watcher
2022-10-11T14:55:50.908426Z	info	mesh configuration: {
    "proxyListenPort": 15001,
    "connectTimeout": "10s",
    "protocolDetectionTimeout": "0s",
    "ingressClass": "istio",
    "ingressService": "istio-ingressgateway",
    "ingressControllerMode": "STRICT",
    "enableTracing": true,
    "defaultConfig": {
        "configPath": "./etc/istio/proxy",
        "binaryPath": "/usr/local/bin/envoy",
        "serviceCluster": "istio-proxy",
        "drainDuration": "45s",
        "parentShutdownDuration": "60s",
        "discoveryAddress": "istiod.istio-system.svc:15012",
        "proxyAdminPort": 15000,
        "controlPlaneAuthPolicy": "MUTUAL_TLS",
        "statNameLength": 189,
        "concurrency": 2,
        "tracing": {
            "zipkin": {
                "address": "zipkin.istio-system:9411"
            }
        },
        "statusPort": 15020,
        "terminationDrainDuration": "5s",
        "meshId": "mesh1"
    },
    "outboundTrafficPolicy": {
        "mode": "ALLOW_ANY"
    },
    "enableAutoMtls": true,
    "trustDomain": "cluster.local",
    "defaultServiceExportTo": [
        "*"
    ],
    "defaultVirtualServiceExportTo": [
        "*"
    ],
    "defaultDestinationRuleExportTo": [
        "*"
    ],
    "rootNamespace": "istio-system",
    "localityLbSetting": {
        "enabled": true
    },
    "dnsRefreshRate": "60s",
    "thriftConfig": {

    },
    "enablePrometheusMerge": true,
    "extensionProviders": [
        {
            "name": "prometheus",
            "prometheus": {

            }
        },
        {
            "name": "stackdriver",
            "stackdriver": {

            }
        },
        {
            "name": "envoy",
            "envoyFileAccessLog": {
                "path": "/dev/stdout"
            }
        }
    ],
    "defaultProviders": {

    }
}
2022-10-11T14:55:50.908443Z	info	version: 1.14.4-ae45319de579a92b01e216b4a5af822d4416e413-Clean
2022-10-11T14:55:50.908772Z	info	flags: {
   "ServerOptions": {
      "HTTPAddr": ":8080",
      "HTTPSAddr": ":15017",
      "GRPCAddr": ":15010",
      "MonitoringAddr": ":15014",
      "EnableProfiling": true,
      "TLSOptions": {
         "CaCertFile": "",
         "CertFile": "",
         "KeyFile": "",
         "TLSCipherSuites": null,
         "CipherSuits": null
      },
      "SecureGRPCAddr": ":15012"
   },
   "InjectionOptions": {
      "InjectionDirectory": "./var/lib/istio/inject"
   },
   "PodName": "istiod-696647845f-lwwhg",
   "Namespace": "istio-system",
   "Revision": "default",
   "MeshConfigFile": "./etc/istio/config/mesh",
   "NetworksConfigFile": "./etc/istio/config/meshNetworks",
   "RegistryOptions": {
      "FileDir": "",
      "Registries": [
         "Kubernetes"
      ],
      "KubeOptions": {
         "SystemNamespace": "",
         "MeshServiceController": null,
         "DomainSuffix": "cluster.local",
         "ClusterID": "cluster1",
         "ClusterAliases": {},
         "Metrics": null,
         "XDSUpdater": null,
         "NetworksWatcher": null,
         "MeshWatcher": null,
         "EndpointMode": 1,
         "KubernetesAPIQPS": 80,
         "KubernetesAPIBurst": 160,
         "SyncTimeout": null,
         "DiscoveryNamespacesFilter": null
      },
      "ClusterRegistriesNamespace": "istio-system",
      "KubeConfig": "",
      "DistributionCacheRetention": 60000000000,
      "DistributionTrackingEnabled": true
   },
   "CtrlZOptions": {
      "Port": 9876,
      "Address": "localhost"
   },
   "KeepaliveOptions": {
      "Time": 30000000000,
      "Timeout": 10000000000,
      "MaxServerConnectionAge": 1800000000000,
      "MaxServerConnectionAgeGrace": 10000000000
   },
   "ShutdownDuration": 10000000000,
   "JwtRule": ""
}
2022-10-11T14:55:50.908788Z	info	initializing mesh handlers
2022-10-11T14:55:50.908871Z	info	model	reloading network gateways
2022-10-11T14:55:50.908880Z	info	creating CA and initializing public key
2022-10-11T14:55:50.908900Z	info	Using istiod file format for signing ca files
2022-10-11T14:55:50.908914Z	info	Use self-signed certificate as the CA certificate
2022-10-11T14:55:50.914587Z	info	pkica	Failed to get secret (error: secrets "istio-ca-secret" not found), will create one
2022-10-11T14:55:51.127754Z	info	pkica	Using self-generated public key: -----BEGIN CERTIFICATE-----
MIIC/TCCAeWgAwIBAgIRAPGeq1W91LD+Ir16lSYkh5gwDQYJKoZIhvcNAQELBQAw
GDEWMBQGA1UEChMNY2x1c3Rlci5sb2NhbDAeFw0yMjEwMTExNDU1NTFaFw0zMjEw
MDgxNDU1NTFaMBgxFjAUBgNVBAoTDWNsdXN0ZXIubG9jYWwwggEiMA0GCSqGSIb3
DQEBAQUAA4IBDwAwggEKAoIBAQDOEZEAfGd0UJQVeMD1S3XLwEB3OfulRD3BTI84
G/65bxjJSlEYMDqT5jVJjIKextE6IU63dxfcwLcyXuQlT2UDg3Ts3jewl1zW6nNP
4MtVnGs67qtPcO4L7oemATTrlSWbJwXE/oVPjg+wvkEyISvK55wAKHflRLqJ1Ryr
sfzK+XPfmrhXgwjrfOwsNK0N7cM9nkC8/0JvdxNRsM4j2MJrtZjXwbbuwKSQrgKT
NauGfaS/yqRXM2xe8MYFg9OkfD5ueLUDxIk+E1E3gSyxPzJfit6A+x6FGZwYuhtS
A17x75iOOmMOxspM19REfmrGKu621+jDuS3LCDQIwC/RqiIDAgMBAAGjQjBAMA4G
A1UdDwEB/wQEAwICBDAPBgNVHRMBAf8EBTADAQH/MB0GA1UdDgQWBBQ5AReJ/glb
WeVZ4sToIxZxnCEnrzANBgkqhkiG9w0BAQsFAAOCAQEAek69qAdQps9SrM4tslHB
wfgZm0jj8ZUQAJ/ga37H3ggaMKJEfKbQss5/t8wgc6DERqJpv2nmtzgXdXNI9SLH
iva8qH7E/ZSR1kQF4D7pAI1qRj7uxDDFxvFrvlgDTg0EAn63mSLlUD2n785N7ndP
Ye/Z4i7wWTHEyWMgL/9YUWrRccw1wYXtKThSrFduSohWSVUl9MjJhNvg82A7GI/v
TBmuipuLi4EXVYzrDeaQW/9k5Z6D5MMH1PSAmeFo/0tTcFmV4O0q1STk856+sTFG
W0KomRvWbzMPGZRSz4KGlsJMq0JRTVIXQkqbyi4tuY7FT11CCAoe1P/Ag6m7jS37
OA==
-----END CERTIFICATE-----

2022-10-11T14:55:51.127807Z	info	rootcertrotator	Set up back off time 4m59s to start rotator.
2022-10-11T14:55:51.128100Z	info	initializing controllers
2022-10-11T14:55:51.128231Z	info	No certificates specified, skipping K8S DNS certificate controller
2022-10-11T14:55:51.128228Z	info	rootcertrotator	Jitter is enabled, wait 4m59s before starting root cert rotator.
2022-10-11T14:55:51.270417Z	warn	kube	Skipping CRD gateway.networking.k8s.io/v1alpha2/GatewayClass as it is not present
2022-10-11T14:55:51.270450Z	warn	kube	Skipping CRD gateway.networking.k8s.io/v1alpha2/Gateway as it is not present
2022-10-11T14:55:51.270457Z	warn	kube	Skipping CRD gateway.networking.k8s.io/v1alpha2/HTTPRoute as it is not present
2022-10-11T14:55:51.270461Z	warn	kube	Skipping CRD gateway.networking.k8s.io/v1alpha2/ReferencePolicy as it is not present
2022-10-11T14:55:51.270465Z	warn	kube	Skipping CRD gateway.networking.k8s.io/v1alpha2/TCPRoute as it is not present
2022-10-11T14:55:51.270470Z	warn	kube	Skipping CRD gateway.networking.k8s.io/v1alpha2/TLSRoute as it is not present
2022-10-11T14:55:51.270829Z	info	Adding Kubernetes registry adapter
2022-10-11T14:55:51.270865Z	info	handling remote clusters in *controller.Multicluster
2022-10-11T14:55:51.270907Z	info	initializing Istiod DNS certificates host: istiod.istio-system.svc, custom host: 
2022-10-11T14:55:51.388895Z	info	Generating istiod-signed cert for [istiod.istio-system.svc istiod-remote.istio-system.svc istio-pilot.istio-system.svc]:
 -----BEGIN CERTIFICATE-----
MIIDaTCCAlGgAwIBAgIQWl+zab7g/NfVRO5fzhv/NTANBgkqhkiG9w0BAQsFADAY
MRYwFAYDVQQKEw1jbHVzdGVyLmxvY2FsMB4XDTIyMTAxMTE0NTM1MVoXDTMyMTAw
ODE0NTU1MVowADCCASIwDQYJKoZIhvcNAQEBBQADggEPADCCAQoCggEBAMw4nuju
RuXXxRwk9+DIWVXqJBHHK8SxFx7k8P5l3TKZaI8tC8sbVWTODcbA8CIqagS4Vyo3
Sf61uM31fKCOpAMsqgm57iLgAw8/G1x566+0q5y5cSHMXMDiJKHLk/1aQOa0H6tK
cpe3xfSEGzOj3JXi64cliYDGegQXxH0I4RHiOulH9rIStTFIm1U2O3Zj+HMoS76t
e35sYoL8kSjYe0Vqy800v3HvUmI7ZODKSLR0pH0KbfjH03Pk5QwsCUqJKPLNBcpx
MgnIqIEgpiCipTbsbIH0rBxo8vjEPnl9qP7UAlYcUi0UtYDzHv8KP0w1gd6d9UCf
bVvMerOS1AYSbZkCAwEAAaOBxjCBwzAOBgNVHQ8BAf8EBAMCBaAwHQYDVR0lBBYw
FAYIKwYBBQUHAwEGCCsGAQUFBwMCMAwGA1UdEwEB/wQCMAAwHwYDVR0jBBgwFoAU
OQEXif4JW1nlWeLE6CMWcZwhJ68wYwYDVR0RAQH/BFkwV4IXaXN0aW9kLmlzdGlv
LXN5c3RlbS5zdmOCHmlzdGlvZC1yZW1vdGUuaXN0aW8tc3lzdGVtLnN2Y4IcaXN0
aW8tcGlsb3QuaXN0aW8tc3lzdGVtLnN2YzANBgkqhkiG9w0BAQsFAAOCAQEAIlI3
KjNmhCx5FnKsffS/h2saaNqBo9RkEKJfnPnPyB4G4SMELtzGd2SXCP2FYUUkJyML
LN4NCz1rmhQs/h8CWvuRDRysoPpq9ybts1fMKv/Ol3KJfqFQ2PtzSUqZ1LaHwus2
O8zievuWN8fhrzfzyoBbv7S+AIyHsztUUaz4cyHcCKJzcuPsrY3jnVNvIMVQb0Qc
0MJnOzqef89rmtASCe87T8tIFX1sIHPzobdTYjQOVnhM7hAV9XUE2wYI2/7eQutP
Vq6UmeFcuV8N+KQp1DWVocWxJzytxuIhpkYZQKfVvA1ewxJ9uqx+4Y4i0m22ZLTI
3PaBuo4uEvpHTPXsvQ==
-----END CERTIFICATE-----

2022-10-11T14:55:51.388953Z	info	Using istiod file format for signing ca files
2022-10-11T14:55:51.388964Z	info	No plugged-in cert at etc/cacerts/ca-key.pem; self-signed cert is used
2022-10-11T14:55:51.389153Z	info	x509 cert - Issuer: "O=cluster.local", Subject: "", SN: 5a5fb369bee0fcd7d544ee5fce1bff35, NotBefore: "2022-10-11T14:53:51Z", NotAfter: "2032-10-08T14:55:51Z"
2022-10-11T14:55:51.389166Z	info	Istiod certificates are reloaded
2022-10-11T14:55:51.389234Z	info	spiffe	Added 1 certs to trust domain cluster.local in peer cert verifier
2022-10-11T14:55:51.389245Z	info	initializing secure discovery service
2022-10-11T14:55:51.389290Z	info	initializing secure webhook server for istiod webhooks
2022-10-11T14:55:51.398277Z	info	initializing sidecar injector
2022-10-11T14:55:51.418085Z	info	initializing config validator
2022-10-11T14:55:51.418132Z	info	initializing Istiod admin server
2022-10-11T14:55:51.418279Z	info	initializing registry event handlers
2022-10-11T14:55:51.418353Z	info	starting discovery service
2022-10-11T14:55:51.418397Z	info	handling remote clusters in *kube.Multicluster
2022-10-11T14:55:51.423349Z	info	Starting Istiod Server with primary cluster cluster1
2022-10-11T14:55:51.423446Z	info	ControlZ available at 127.0.0.1:9876
2022-10-11T14:55:51.423559Z	info	kube	Initializing Kubernetes service registry "cluster1"
2022-10-11T14:55:51.423782Z	info	initializing Kubernetes credential reader for cluster cluster1
2022-10-11T14:55:51.423949Z	info	Starting multicluster remote secrets controller
2022-10-11T14:55:51.424416Z	info	status	Starting status manager
2022-10-11T14:55:51.424481Z	info	Starting validation controller
2022-10-11T14:55:51.424676Z	info	Starting ADS server
2022-10-11T14:55:51.424694Z	info	Starting IstioD CA
2022-10-11T14:55:51.424700Z	info	JWT policy is third-party-jwt
2022-10-11T14:55:51.424837Z	info	Istiod CA has started
2022-10-11T14:55:51.425003Z	info	klog	attempting to acquire leader lease istio-system/istio-gateway-status-leader...
2022-10-11T14:55:51.425260Z	info	klog	attempting to acquire leader lease istio-system/istio-gateway-deployment-leader...
2022-10-11T14:55:51.425437Z	info	klog	attempting to acquire leader lease istio-system/istio-leader...
2022-10-11T14:55:51.425568Z	info	controllers	starting	controller=ingress
2022-10-11T14:55:51.425670Z	info	controllers	starting	controller=webhook patcher
2022-10-11T14:55:51.425806Z	info	controllers	starting	controller=healthcheck
2022-10-11T14:55:51.427956Z	info	kube	Starting Pilot K8S CRD controller
2022-10-11T14:55:51.427994Z	info	kube	controller "telemetry.istio.io/v1alpha1/Telemetry" is syncing...
2022-10-11T14:55:51.428423Z	info	controllers	starting	controller=unregister_workloadentry
2022-10-11T14:55:51.489305Z	info	klog	successfully acquired lease istio-system/istio-leader
2022-10-11T14:55:51.489630Z	info	klog	successfully acquired lease istio-system/istio-gateway-deployment-leader
2022-10-11T14:55:51.490137Z	info	leader election lock obtained: istio-leader
2022-10-11T14:55:51.490305Z	info	leader election lock obtained: istio-gateway-deployment-leader
2022-10-11T14:55:51.491493Z	info	klog	successfully acquired lease istio-system/istio-gateway-status-leader
2022-10-11T14:55:51.491661Z	info	leader election lock obtained: istio-gateway-status-leader
2022-10-11T14:55:51.491689Z	info	Starting gateway status writer
2022-10-11T14:55:51.525099Z	info	multicluster remote secrets controller cache synced in 101.147934ms
2022-10-11T14:55:51.525165Z	info	controllers	starting	controller=multicluster secret
2022-10-11T14:55:51.525281Z	info	Waiting for caches to be synced
2022-10-11T14:55:51.525400Z	info	kube	joining leader-election for istio-namespace-controller-election in istio-system on cluster cluster1
2022-10-11T14:55:51.525582Z	info	klog	attempting to acquire leader lease istio-system/istio-namespace-controller-election...
2022-10-11T14:55:51.525635Z	info	controllers	starting	controller=default revision
2022-10-11T14:55:51.525993Z	info	ads	Full push, new service kube-system/default-http-backend.kube-system.svc.cluster.local
2022-10-11T14:55:51.526103Z	info	ads	Full push, new service kube-system/metrics-server.kube-system.svc.cluster.local
2022-10-11T14:55:51.526199Z	info	ads	Incremental push, service istiod.istio-system.svc.cluster.local at shard Kubernetes/cluster1 has no endpoints
2022-10-11T14:55:51.526280Z	info	ads	Full push, new service default/kubernetes.default.svc.cluster.local
2022-10-11T14:55:51.526296Z	info	controllers	starting	controller=configmap istio-sidecar-injector
2022-10-11T14:55:51.526463Z	info	ads	Full push, new service kube-system/kube-dns.kube-system.svc.cluster.local
2022-10-11T14:55:51.526809Z	info	ads	Incremental push, service istiod.istio-system.svc.cluster.local at shard Kubernetes/cluster1 has no endpoints
2022-10-11T14:55:51.526983Z	info	kube	kube controller for cluster1 synced after 101.371211ms
2022-10-11T14:55:51.527118Z	info	ads	Incremental push, service istiod.istio-system.svc.cluster.local at shard Kubernetes/cluster1 has no endpoints
2022-10-11T14:55:51.536951Z	info	kube	Pilot K8S CRD controller synced 108.991599ms
2022-10-11T14:55:51.564745Z	info	klog	successfully acquired lease istio-system/istio-namespace-controller-election
2022-10-11T14:55:51.564966Z	info	leader election lock obtained: istio-namespace-controller-election
2022-10-11T14:55:51.565070Z	info	kube	starting namespace controller for cluster cluster1
2022-10-11T14:55:51.565476Z	info	validationController	Not ready to switch validation to fail-closed: dummy invalid config not rejected
2022-10-11T14:55:51.590865Z	info	Starting ingress controller
2022-10-11T14:55:51.590995Z	warn	Missing ingress, skip status updates
2022-10-11T14:55:51.592276Z	info	validationController	Successfully updated validatingwebhookconfiguration istio-validator-istio-system (failurePolicy=Ignore,resourceVersion=4435)
2022-10-11T14:55:51.625916Z	info	All controller caches have been synced up in 100.6292ms
2022-10-11T14:55:51.637208Z	info	ads	Push debounce stable[1] 37 for reason secret and 36 more reasons: 100.35251ms since last change, 178.430178ms since last push, full=true
2022-10-11T14:55:51.637421Z	info	validationController	Not ready to switch validation to fail-closed: dummy invalid config not rejected
2022-10-11T14:55:51.637484Z	info	validationController	validatingwebhookconfiguration istio-validator-istio-system (failurePolicy=Ignore, resourceVersion=4435) is up-to-date. No change required.
2022-10-11T14:55:51.648127Z	info	ads	XDS: Pushing:2022-10-11T14:55:51Z/1 Services:5 ConnectedEndpoints:0 Version:2022-10-11T14:55:51Z/1
2022-10-11T14:55:51.665977Z	info	controllers	starting	controller=namespace controller
2022-10-11T14:55:51.726019Z	info	ads	All caches have been synced up in 1.062859942s, marking server ready
2022-10-11T14:55:51.726250Z	info	starting secure gRPC discovery service at [::]:15012
2022-10-11T14:55:51.726411Z	info	starting gRPC discovery service at [::]:15010
2022-10-11T14:55:51.726482Z	info	starting webhook service at [::]:15017
2022-10-11T14:55:51.726581Z	info	starting HTTP service at [::]:8080
2022-10-11T14:55:52.099990Z	info	ads	Full push, new service istio-system/istiod.istio-system.svc.cluster.local
2022-10-11T14:55:52.200343Z	info	ads	Push debounce stable[2] 1 for config ServiceEntry/istio-system/istiod.istio-system.svc.cluster.local: 100.27093ms since last change, 100.270756ms since last push, full=true
2022-10-11T14:55:52.200941Z	info	ads	XDS: Pushing:2022-10-11T14:55:52Z/2 Services:5 ConnectedEndpoints:0 Version:2022-10-11T14:55:52Z/2
2022-10-11T14:55:52.428735Z	info	controllers	starting	controller=default revision
2022-10-11T14:55:52.428735Z	info	controllers	starting	controller=default revision
2022-10-11T14:55:52.428798Z	info	controllers	starting	controller=default revision
2022-10-11T14:55:52.560074Z	info	validationServer	configuration is invalid: gateway must have at least one server
2022-10-11T14:55:52.562963Z	info	validationController	Endpoint successfully rejected invalid config. Switching to fail-close.
2022-10-11T14:55:52.573049Z	info	validationController	Successfully updated validatingwebhookconfiguration istio-validator-istio-system (failurePolicy=Fail,resourceVersion=4449)
2022-10-11T14:55:52.577841Z	info	validationController	validatingwebhookconfiguration istio-validator-istio-system (failurePolicy=Fail, resourceVersion=4449) is up-to-date. No change required.
2022-10-11T14:55:52.596772Z	info	validationController	validatingwebhookconfiguration istio-validator-istio-system (failurePolicy=Fail, resourceVersion=4449) is up-to-date. No change required.
2022-10-11T14:55:53.979031Z	info	ads	Incremental push, service istio-ingressgateway.istio-system.svc.cluster.local at shard Kubernetes/cluster1 has no endpoints
2022-10-11T14:55:54.040727Z	info	ads	Incremental push, service istio-ingressgateway.istio-system.svc.cluster.local at shard Kubernetes/cluster1 has no endpoints
2022-10-11T14:55:54.141924Z	info	ads	Push debounce stable[3] 4 for config ServiceEntry/istio-system/istio-ingressgateway.istio-system.svc.cluster.local: 101.084822ms since last change, 181.821431ms since last push, full=true
2022-10-11T14:55:54.142696Z	info	ads	XDS: Pushing:2022-10-11T14:55:54Z/3 Services:6 ConnectedEndpoints:0 Version:2022-10-11T14:55:54Z/3
2022-10-11T14:55:57.207195Z	info	ads	Incremental push, service istio-ingressgateway.istio-system.svc.cluster.local at shard Kubernetes/cluster1 has no endpoints
2022-10-11T14:55:57.307540Z	info	ads	Push debounce stable[4] 1 for config ServiceEntry/istio-system/istio-ingressgateway.istio-system.svc.cluster.local: 100.270004ms since last change, 100.269837ms since last push, full=false
2022-10-11T14:55:57.307603Z	info	ads	XDS: Incremental Pushing:2022-10-11T14:55:54Z/3 ConnectedEndpoints:0 Version:2022-10-11T14:55:54Z/3
2022-10-11T14:55:57.515084Z	info	ads	ADS: new connection for node:istio-ingressgateway-78657896c5-nl846.istio-system-1
2022-10-11T14:55:57.517989Z	info	ads	CDS: PUSH request for node:istio-ingressgateway-78657896c5-nl846.istio-system resources:12 size:11.4kB cached:0/11
2022-10-11T14:55:57.523826Z	info	ads	EDS: PUSH request for node:istio-ingressgateway-78657896c5-nl846.istio-system resources:11 size:1.7kB empty:3 cached:0/11
2022-10-11T14:55:58.832026Z	info	ads	LDS: PUSH request for node:istio-ingressgateway-78657896c5-nl846.istio-system resources:0 size:0B
2022-10-11T14:55:59.210084Z	info	ads	CDS: PUSH for node:istio-ingressgateway-78657896c5-nl846.istio-system resources:12 size:11.4kB cached:0/11
2022-10-11T14:55:59.210501Z	info	ads	EDS: PUSH for node:istio-ingressgateway-78657896c5-nl846.istio-system resources:11 size:1.7kB empty:3 cached:0/11
2022-10-11T14:55:59.210551Z	info	ads	LDS: PUSH for node:istio-ingressgateway-78657896c5-nl846.istio-system resources:0 size:0B
2022-10-11T14:55:59.227417Z	info	ads	Full push, new service istio-system/istio-ingressgateway.istio-system.svc.cluster.local
2022-10-11T14:55:59.327678Z	info	ads	Push debounce stable[5] 1 for config ServiceEntry/istio-system/istio-ingressgateway.istio-system.svc.cluster.local: 100.191421ms since last change, 100.191235ms since last push, full=true
2022-10-11T14:55:59.328220Z	info	ads	XDS: Pushing:2022-10-11T14:55:59Z/4 Services:6 ConnectedEndpoints:1 Version:2022-10-11T14:55:59Z/4
2022-10-11T14:55:59.328820Z	info	ads	CDS: PUSH for node:istio-ingressgateway-78657896c5-nl846.istio-system resources:12 size:11.6kB cached:8/11
2022-10-11T14:55:59.329026Z	info	ads	EDS: PUSH for node:istio-ingressgateway-78657896c5-nl846.istio-system resources:11 size:2.2kB empty:0 cached:8/11
2022-10-11T14:55:59.329067Z	info	ads	LDS: PUSH for node:istio-ingressgateway-78657896c5-nl846.istio-system resources:0 size:0B
2022-10-11T14:56:04.349104Z	info	validationController	Successfully updated validatingwebhookconfiguration istiod-default-validator (failurePolicy=Fail,resourceVersion=4606)
2022-10-11T14:56:04.355970Z	info	validationController	validatingwebhookconfiguration istiod-default-validator (failurePolicy=Fail, resourceVersion=4606) is up-to-date. No change required.
2022-10-11T14:56:05.480592Z	info	Sidecar injection request for istio-system/istio-eastwestgateway-76f8655d4b-***** (actual name not yet known)
2022-10-11T14:56:06.024806Z	info	ads	Incremental push, service istio-eastwestgateway.istio-system.svc.cluster.local at shard Kubernetes/cluster1 has no endpoints
2022-10-11T14:56:06.056007Z	info	ads	Incremental push, service istio-eastwestgateway.istio-system.svc.cluster.local at shard Kubernetes/cluster1 has no endpoints
2022-10-11T14:56:06.156977Z	info	ads	Push debounce stable[6] 4 for config ServiceEntry/istio-system/istio-eastwestgateway.istio-system.svc.cluster.local: 100.859283ms since last change, 142.502517ms since last push, full=true
2022-10-11T14:56:06.157674Z	info	ads	XDS: Pushing:2022-10-11T14:56:06Z/5 Services:7 ConnectedEndpoints:1 Version:2022-10-11T14:56:06Z/5
2022-10-11T14:56:06.158427Z	info	ads	CDS: PUSH for node:istio-ingressgateway-78657896c5-nl846.istio-system resources:16 size:15.7kB cached:11/15
2022-10-11T14:56:06.158678Z	info	ads	EDS: PUSH for node:istio-ingressgateway-78657896c5-nl846.istio-system resources:11 size:2.2kB empty:0 cached:11/11
2022-10-11T14:56:06.158861Z	info	ads	LDS: PUSH for node:istio-ingressgateway-78657896c5-nl846.istio-system resources:0 size:0B
2022-10-11T14:56:06.174665Z	info	ads	EDS: PUSH request for node:istio-ingressgateway-78657896c5-nl846.istio-system resources:15 size:2.5kB empty:4 cached:11/15
2022-10-11T14:56:06.744951Z	info	ads	ADS: new connection for node:istio-eastwestgateway-76f8655d4b-zj8dq.istio-system-2
2022-10-11T14:56:06.745941Z	info	ads	CDS: PUSH request for node:istio-eastwestgateway-76f8655d4b-zj8dq.istio-system resources:16 size:15.7kB cached:0/15
2022-10-11T14:56:06.752766Z	info	ads	EDS: PUSH request for node:istio-eastwestgateway-76f8655d4b-zj8dq.istio-system resources:15 size:2.5kB empty:4 cached:0/15
2022-10-11T14:56:06.799657Z	info	ads	LDS: PUSH request for node:istio-eastwestgateway-76f8655d4b-zj8dq.istio-system resources:0 size:0B
2022-10-11T14:56:07.231137Z	info	ads	Incremental push, service istio-eastwestgateway.istio-system.svc.cluster.local at shard Kubernetes/cluster1 has no endpoints
2022-10-11T14:56:07.262028Z	info	ads	CDS: PUSH for node:istio-eastwestgateway-76f8655d4b-zj8dq.istio-system resources:16 size:15.7kB cached:0/15
2022-10-11T14:56:07.264979Z	info	ads	EDS: PUSH for node:istio-eastwestgateway-76f8655d4b-zj8dq.istio-system resources:15 size:2.5kB empty:4 cached:0/15
2022-10-11T14:56:07.265172Z	info	ads	LDS: PUSH for node:istio-eastwestgateway-76f8655d4b-zj8dq.istio-system resources:0 size:0B
2022-10-11T14:56:07.312619Z	info	ads	Full push, new service istio-system/istio-eastwestgateway.istio-system.svc.cluster.local
2022-10-11T14:56:07.412829Z	info	ads	Push debounce stable[7] 2 for config ServiceEntry/istio-system/istio-eastwestgateway.istio-system.svc.cluster.local: 100.126892ms since last change, 181.425378ms since last push, full=true
2022-10-11T14:56:07.413560Z	info	ads	XDS: Pushing:2022-10-11T14:56:07Z/6 Services:7 ConnectedEndpoints:2 Version:2022-10-11T14:56:07Z/6
2022-10-11T14:56:07.414303Z	info	ads	CDS: PUSH for node:istio-eastwestgateway-76f8655d4b-zj8dq.istio-system resources:16 size:16.1kB cached:11/15
2022-10-11T14:56:07.414687Z	info	ads	CDS: PUSH for node:istio-ingressgateway-78657896c5-nl846.istio-system resources:16 size:16.1kB cached:11/15
2022-10-11T14:56:07.415086Z	info	ads	EDS: PUSH for node:istio-ingressgateway-78657896c5-nl846.istio-system resources:15 size:3.1kB empty:0 cached:11/15
2022-10-11T14:56:07.415295Z	info	ads	EDS: PUSH for node:istio-eastwestgateway-76f8655d4b-zj8dq.istio-system resources:15 size:3.1kB empty:0 cached:11/15
2022-10-11T14:56:07.415336Z	info	ads	LDS: PUSH for node:istio-eastwestgateway-76f8655d4b-zj8dq.istio-system resources:0 size:0B
2022-10-11T14:56:07.415530Z	info	ads	LDS: PUSH for node:istio-ingressgateway-78657896c5-nl846.istio-system resources:0 size:0B
2022-10-11T14:56:10.333979Z	info	ads	Push debounce stable[8] 1 for config Gateway/istio-system/istiod-gateway: 100.381337ms since last change, 100.381146ms since last push, full=true
2022-10-11T14:56:10.334149Z	info	ads	XDS: Pushing:2022-10-11T14:56:10Z/7 Services:7 ConnectedEndpoints:2 Version:2022-10-11T14:56:10Z/7
2022-10-11T14:56:10.334515Z	info	ads	CDS: PUSH for node:istio-eastwestgateway-76f8655d4b-zj8dq.istio-system resources:16 size:16.1kB cached:15/15
2022-10-11T14:56:10.334585Z	info	2 errors occurred:
	* gateway omitting listener "0.0.0.0_15012" due to: must have more than 0 chains in listener "0.0.0.0_15012"
	* gateway omitting listener "0.0.0.0_15017" due to: must have more than 0 chains in listener "0.0.0.0_15017"


2022-10-11T14:56:10.334615Z	info	ads	LDS: PUSH for node:istio-eastwestgateway-76f8655d4b-zj8dq.istio-system resources:0 size:0B
2022-10-11T14:56:10.334520Z	info	ads	CDS: PUSH for node:istio-ingressgateway-78657896c5-nl846.istio-system resources:16 size:16.1kB cached:15/15
2022-10-11T14:56:10.334897Z	info	ads	LDS: PUSH for node:istio-ingressgateway-78657896c5-nl846.istio-system resources:0 size:0B
2022-10-11T14:56:10.564410Z	info	ads	Push debounce stable[9] 1 for config VirtualService/istio-system/istiod-vs: 100.193118ms since last change, 100.192948ms since last push, full=true
2022-10-11T14:56:10.564741Z	info	ads	XDS: Pushing:2022-10-11T14:56:10Z/8 Services:7 ConnectedEndpoints:2 Version:2022-10-11T14:56:10Z/8
2022-10-11T14:56:10.565157Z	info	ads	CDS: PUSH for node:istio-eastwestgateway-76f8655d4b-zj8dq.istio-system resources:16 size:16.1kB cached:15/15
2022-10-11T14:56:10.565176Z	info	ads	CDS: PUSH for node:istio-ingressgateway-78657896c5-nl846.istio-system resources:16 size:16.1kB cached:15/15
2022-10-11T14:56:10.565452Z	info	ads	LDS: PUSH for node:istio-ingressgateway-78657896c5-nl846.istio-system resources:0 size:0B
2022-10-11T14:56:10.567338Z	info	ads	LDS: PUSH for node:istio-eastwestgateway-76f8655d4b-zj8dq.istio-system resources:2 size:1.7kB
2022-10-11T14:56:10.707040Z	info	ads	Push debounce stable[10] 1 for config Gateway/istio-system/cross-network-gateway: 100.035817ms since last change, 100.035647ms since last push, full=true
2022-10-11T14:56:10.707239Z	info	ads	XDS: Pushing:2022-10-11T14:56:10Z/9 Services:7 ConnectedEndpoints:2 Version:2022-10-11T14:56:10Z/9
2022-10-11T14:56:10.707679Z	info	ads	CDS: PUSH for node:istio-ingressgateway-78657896c5-nl846.istio-system resources:16 size:16.1kB cached:15/15
2022-10-11T14:56:10.707763Z	info	ads	LDS: PUSH for node:istio-ingressgateway-78657896c5-nl846.istio-system resources:0 size:0B
2022-10-11T14:56:10.708506Z	info	ads	CDS: PUSH for node:istio-eastwestgateway-76f8655d4b-zj8dq.istio-system resources:31 size:23.9kB cached:15/15
2022-10-11T14:56:10.709024Z	info	ads	LDS: PUSH for node:istio-eastwestgateway-76f8655d4b-zj8dq.istio-system resources:3 size:14.9kB
2022-10-11T14:56:10.714594Z	info	ads	EDS: PUSH request for node:istio-eastwestgateway-76f8655d4b-zj8dq.istio-system resources:30 size:4.6kB empty:0 cached:15/30
2022-10-11T14:56:29.190141Z	info	ads	Push debounce stable[11] 1 for config ServiceEntry/istio-system/istio-ingressgateway.istio-system.svc.cluster.local: 100.030806ms since last change, 100.030611ms since last push, full=true
2022-10-11T14:56:29.190869Z	info	ads	XDS: Pushing:2022-10-11T14:56:29Z/10 Services:7 ConnectedEndpoints:2 Version:2022-10-11T14:56:29Z/10
2022-10-11T14:56:29.191572Z	info	ads	CDS: PUSH for node:istio-ingressgateway-78657896c5-nl846.istio-system resources:16 size:16.1kB cached:12/15
2022-10-11T14:56:29.191744Z	info	ads	CDS: PUSH for node:istio-eastwestgateway-76f8655d4b-zj8dq.istio-system resources:31 size:23.9kB cached:12/15
2022-10-11T14:56:29.192158Z	info	ads	EDS: PUSH for node:istio-eastwestgateway-76f8655d4b-zj8dq.istio-system resources:30 size:4.6kB empty:0 cached:24/30
2022-10-11T14:56:29.192258Z	info	ads	EDS: PUSH for node:istio-ingressgateway-78657896c5-nl846.istio-system resources:15 size:3.1kB empty:0 cached:12/15
2022-10-11T14:56:29.192314Z	info	ads	LDS: PUSH for node:istio-ingressgateway-78657896c5-nl846.istio-system resources:0 size:0B
2022-10-11T14:56:29.192529Z	info	ads	LDS: PUSH for node:istio-eastwestgateway-76f8655d4b-zj8dq.istio-system resources:3 size:14.9kB
2022-10-11T14:56:32.305411Z	info	model	reloading network gateways
2022-10-11T14:56:32.305450Z	info	model	gateways changed, triggering push
2022-10-11T14:56:32.405837Z	info	ads	Push debounce stable[12] 3 for reason networks and 2 more reasons: 100.185491ms since last change, 100.201187ms since last push, full=true
2022-10-11T14:56:32.411824Z	info	ads	XDS: Pushing:2022-10-11T14:56:32Z/11 Services:7 ConnectedEndpoints:2 Version:2022-10-11T14:56:32Z/11
2022-10-11T14:56:32.413268Z	info	ads	CDS: PUSH for node:istio-ingressgateway-78657896c5-nl846.istio-system resources:16 size:16.1kB cached:0/15
2022-10-11T14:56:32.413415Z	info	ads	CDS: PUSH for node:istio-eastwestgateway-76f8655d4b-zj8dq.istio-system resources:31 size:23.9kB cached:0/15
2022-10-11T14:56:32.414277Z	info	ads	EDS: PUSH for node:istio-eastwestgateway-76f8655d4b-zj8dq.istio-system resources:30 size:4.6kB empty:0 cached:0/30
2022-10-11T14:56:32.414563Z	info	ads	EDS: PUSH for node:istio-ingressgateway-78657896c5-nl846.istio-system resources:15 size:3.1kB empty:0 cached:0/15
2022-10-11T14:56:32.414702Z	info	ads	LDS: PUSH for node:istio-ingressgateway-78657896c5-nl846.istio-system resources:0 size:0B
2022-10-11T14:56:32.414613Z	info	ads	LDS: PUSH for node:istio-eastwestgateway-76f8655d4b-zj8dq.istio-system resources:3 size:14.9kB
2022-10-11T14:57:04.110088Z	info	ads	Incremental push, service helloworld.sample.svc.cluster.local at shard Kubernetes/cluster1 has no endpoints
2022-10-11T14:57:04.210676Z	info	ads	Push debounce stable[13] 2 for config ServiceEntry/sample/helloworld.sample.svc.cluster.local: 100.413957ms since last change, 118.359341ms since last push, full=true
2022-10-11T14:57:04.211561Z	info	ads	XDS: Pushing:2022-10-11T14:57:04Z/12 Services:8 ConnectedEndpoints:2 Version:2022-10-11T14:57:04Z/12
2022-10-11T14:57:04.213299Z	info	ads	CDS: PUSH for node:istio-ingressgateway-78657896c5-nl846.istio-system resources:17 size:17.0kB cached:15/16
2022-10-11T14:57:04.213564Z	info	ads	EDS: PUSH for node:istio-ingressgateway-78657896c5-nl846.istio-system resources:15 size:3.1kB empty:0 cached:15/15
2022-10-11T14:57:04.214474Z	info	ads	CDS: PUSH for node:istio-eastwestgateway-76f8655d4b-zj8dq.istio-system resources:33 size:25.3kB cached:15/16
2022-10-11T14:57:04.214768Z	info	ads	LDS: PUSH for node:istio-ingressgateway-78657896c5-nl846.istio-system resources:0 size:0B
2022-10-11T14:57:04.215005Z	info	ads	EDS: PUSH for node:istio-eastwestgateway-76f8655d4b-zj8dq.istio-system resources:30 size:4.6kB empty:0 cached:30/30
2022-10-11T14:57:04.215426Z	info	ads	LDS: PUSH for node:istio-eastwestgateway-76f8655d4b-zj8dq.istio-system resources:3 size:15.7kB
2022-10-11T14:57:04.219432Z	info	ads	EDS: PUSH request for node:istio-ingressgateway-78657896c5-nl846.istio-system resources:16 size:3.2kB empty:1 cached:15/16
2022-10-11T14:57:04.226811Z	info	ads	EDS: PUSH request for node:istio-eastwestgateway-76f8655d4b-zj8dq.istio-system resources:32 size:4.7kB empty:2 cached:30/32
2022-10-11T14:57:04.256181Z	info	Sidecar injection request for sample/helloworld-v1-77cb56d4b4-***** (actual name not yet known)
2022-10-11T14:57:04.326950Z	info	ads	Incremental push, service helloworld.sample.svc.cluster.local at shard Kubernetes/cluster1 has no endpoints
2022-10-11T14:57:04.427145Z	info	ads	Push debounce stable[14] 1 for config ServiceEntry/sample/helloworld.sample.svc.cluster.local: 100.127723ms since last change, 100.127528ms since last push, full=false
2022-10-11T14:57:04.427279Z	info	ads	XDS: Incremental Pushing:2022-10-11T14:57:04Z/12 ConnectedEndpoints:2 Version:2022-10-11T14:57:04Z/12
2022-10-11T14:57:04.503545Z	info	Sidecar injection request for sample/helloworld-v2-79bf565586-***** (actual name not yet known)
2022-10-11T14:57:04.606996Z	info	ads	Incremental push, service helloworld.sample.svc.cluster.local at shard Kubernetes/cluster1 has no endpoints
2022-10-11T14:57:04.707628Z	info	ads	Push debounce stable[15] 1 for config ServiceEntry/sample/helloworld.sample.svc.cluster.local: 100.567944ms since last change, 100.567746ms since last push, full=false
2022-10-11T14:57:04.707724Z	info	ads	XDS: Incremental Pushing:2022-10-11T14:57:04Z/12 ConnectedEndpoints:2 Version:2022-10-11T14:57:04Z/12
2022-10-11T14:57:05.349526Z	info	ads	Incremental push, service helloworld.sample.svc.cluster.local at shard Kubernetes/cluster1 has no endpoints
2022-10-11T14:57:05.449986Z	info	ads	Push debounce stable[16] 1 for config ServiceEntry/sample/helloworld.sample.svc.cluster.local: 100.360293ms since last change, 100.360081ms since last push, full=false
2022-10-11T14:57:05.450061Z	info	ads	XDS: Incremental Pushing:2022-10-11T14:57:04Z/12 ConnectedEndpoints:2 Version:2022-10-11T14:57:04Z/12
2022-10-11T14:57:08.267097Z	info	ads	Incremental push, service helloworld.sample.svc.cluster.local at shard Kubernetes/cluster1 has no endpoints
2022-10-11T14:57:08.367496Z	info	ads	Push debounce stable[17] 1 for config ServiceEntry/sample/helloworld.sample.svc.cluster.local: 100.302409ms since last change, 100.302201ms since last push, full=false
2022-10-11T14:57:08.367583Z	info	ads	XDS: Incremental Pushing:2022-10-11T14:57:04Z/12 ConnectedEndpoints:2 Version:2022-10-11T14:57:04Z/12
2022-10-11T14:57:14.466245Z	info	ads	ADS: new connection for node:helloworld-v1-77cb56d4b4-dfttf.sample-3
2022-10-11T14:57:14.467323Z	info	ads	CDS: PUSH request for node:helloworld-v1-77cb56d4b4-dfttf.sample resources:20 size:18.3kB cached:0/16
2022-10-11T14:57:14.479021Z	info	ads	EDS: PUSH request for node:helloworld-v1-77cb56d4b4-dfttf.sample resources:16 size:3.2kB empty:0 cached:16/16
2022-10-11T14:57:14.537304Z	info	ads	LDS: PUSH request for node:helloworld-v1-77cb56d4b4-dfttf.sample resources:17 size:46.3kB
2022-10-11T14:57:14.561302Z	info	ads	RDS: PUSH request for node:helloworld-v1-77cb56d4b4-dfttf.sample resources:7 size:5.2kB cached:0/7
2022-10-11T14:57:15.371394Z	info	ads	CDS: PUSH for node:helloworld-v1-77cb56d4b4-dfttf.sample resources:20 size:18.3kB cached:0/16
2022-10-11T14:57:15.371544Z	info	ads	EDS: PUSH for node:helloworld-v1-77cb56d4b4-dfttf.sample resources:16 size:3.2kB empty:0 cached:16/16
2022-10-11T14:57:15.373241Z	info	ads	LDS: PUSH for node:helloworld-v1-77cb56d4b4-dfttf.sample resources:17 size:46.3kB
2022-10-11T14:57:15.373759Z	info	ads	RDS: PUSH for node:helloworld-v1-77cb56d4b4-dfttf.sample resources:7 size:5.2kB cached:0/7
2022-10-11T14:57:15.396414Z	info	ads	Full push, new service sample/helloworld.sample.svc.cluster.local
2022-10-11T14:57:15.496673Z	info	ads	Push debounce stable[18] 1 for config ServiceEntry/sample/helloworld.sample.svc.cluster.local: 100.185502ms since last change, 100.185335ms since last push, full=true
2022-10-11T14:57:15.497347Z	info	ads	XDS: Pushing:2022-10-11T14:57:15Z/13 Services:8 ConnectedEndpoints:3 Version:2022-10-11T14:57:15Z/13
2022-10-11T14:57:15.497814Z	info	ads	CDS: PUSH for node:helloworld-v1-77cb56d4b4-dfttf.sample resources:20 size:18.3kB cached:15/16
2022-10-11T14:57:15.498005Z	info	ads	EDS: PUSH for node:helloworld-v1-77cb56d4b4-dfttf.sample resources:16 size:3.4kB empty:0 cached:15/16
2022-10-11T14:57:15.499702Z	info	ads	LDS: PUSH for node:helloworld-v1-77cb56d4b4-dfttf.sample resources:17 size:46.3kB
2022-10-11T14:57:15.500142Z	info	ads	RDS: PUSH for node:helloworld-v1-77cb56d4b4-dfttf.sample resources:7 size:5.2kB cached:5/7
2022-10-11T14:57:15.500580Z	info	ads	CDS: PUSH for node:istio-ingressgateway-78657896c5-nl846.istio-system resources:17 size:17.0kB cached:15/16
2022-10-11T14:57:15.500714Z	info	ads	EDS: PUSH for node:istio-ingressgateway-78657896c5-nl846.istio-system resources:16 size:3.4kB empty:0 cached:16/16
2022-10-11T14:57:15.500756Z	info	ads	LDS: PUSH for node:istio-ingressgateway-78657896c5-nl846.istio-system resources:0 size:0B
2022-10-11T14:57:15.501436Z	info	ads	CDS: PUSH for node:istio-eastwestgateway-76f8655d4b-zj8dq.istio-system resources:33 size:25.4kB cached:15/16
2022-10-11T14:57:15.501700Z	info	ads	EDS: PUSH for node:istio-eastwestgateway-76f8655d4b-zj8dq.istio-system resources:32 size:5.1kB empty:0 cached:30/32
2022-10-11T14:57:15.501935Z	info	ads	LDS: PUSH for node:istio-eastwestgateway-76f8655d4b-zj8dq.istio-system resources:3 size:15.7kB
2022-10-11T14:57:23.363307Z	info	ads	ADS: new connection for node:helloworld-v2-79bf565586-jfd78.sample-4
2022-10-11T14:57:23.363694Z	info	ads	CDS: PUSH request for node:helloworld-v2-79bf565586-jfd78.sample resources:20 size:18.3kB cached:16/16
2022-10-11T14:57:23.384976Z	info	ads	EDS: PUSH request for node:helloworld-v2-79bf565586-jfd78.sample resources:16 size:3.4kB empty:0 cached:16/16
2022-10-11T14:57:23.522460Z	info	ads	LDS: PUSH request for node:helloworld-v2-79bf565586-jfd78.sample resources:17 size:46.3kB
2022-10-11T14:57:23.553277Z	info	ads	RDS: PUSH request for node:helloworld-v2-79bf565586-jfd78.sample resources:7 size:5.2kB cached:7/7
2022-10-11T14:57:24.342434Z	info	ads	CDS: PUSH for node:helloworld-v2-79bf565586-jfd78.sample resources:20 size:18.3kB cached:16/16
2022-10-11T14:57:24.342777Z	info	ads	EDS: PUSH for node:helloworld-v2-79bf565586-jfd78.sample resources:16 size:3.4kB empty:0 cached:16/16
2022-10-11T14:57:24.345069Z	info	ads	LDS: PUSH for node:helloworld-v2-79bf565586-jfd78.sample resources:17 size:46.3kB
2022-10-11T14:57:24.345454Z	info	ads	RDS: PUSH for node:helloworld-v2-79bf565586-jfd78.sample resources:7 size:5.2kB cached:7/7
2022-10-11T14:57:24.459462Z	info	ads	Push debounce stable[19] 1 for config ServiceEntry/sample/helloworld.sample.svc.cluster.local: 100.687783ms since last change, 100.687616ms since last push, full=false
2022-10-11T14:57:24.459815Z	info	ads	XDS: Incremental Pushing:2022-10-11T14:57:15Z/13 ConnectedEndpoints:4 Version:2022-10-11T14:57:15Z/13
2022-10-11T14:57:39.662863Z	warn	kube	error on get mysql-10.128.15.198-vm-network/test: workloadentries.networking.istio.io "mysql-10.128.15.198-vm-network" not found
2022-10-11T14:57:39.676693Z	info	wle	auto-registered WorkloadEntry test/mysql-10.128.15.198-vm-network
2022-10-11T14:57:39.676749Z	warn	kube	getProxyServiceInstancesFromMetadata for daniel-nonambient-vm.test failed: no instances found for daniel-nonambient-vm.test: <nil>
2022-10-11T14:57:39.676797Z	info	ads	ADS: new connection for node:daniel-nonambient-vm.test-5
2022-10-11T14:57:39.677991Z	info	ads	CDS: PUSH request for node:daniel-nonambient-vm.test resources:19 size:18.1kB cached:0/16
2022-10-11T14:57:39.679642Z	info	ads	CDS: PUSH for node:daniel-nonambient-vm.test resources:19 size:18.1kB cached:0/16
2022-10-11T14:57:39.693424Z	info	ads	EDS: PUSH request for node:daniel-nonambient-vm.test resources:16 size:1.6kB empty:0 cached:0/16
2022-10-11T14:57:39.743916Z	info	ads	LDS: PUSH request for node:daniel-nonambient-vm.test resources:17 size:40.8kB
2022-10-11T14:57:39.744194Z	info	ads	NDS: PUSH request for node:daniel-nonambient-vm.test resources:1 size:813B
2022-10-11T14:57:39.770878Z	info	ads	RDS: PUSH request for node:daniel-nonambient-vm.test resources:7 size:5.1kB cached:0/7
2022-10-11T15:00:50.129026Z	info	rootcertrotator	Jitter complete, start rotator.
2022-10-11T15:06:51.819195Z	info	kube	notifying watchers gateway.networking.k8s.io/v1alpha2/GatewayClass was created
2022-10-11T15:06:51.824310Z	info	klog	k8s.io/client-go@v0.23.5/tools/cache/reflector.go:167: failed to list *v1alpha2.GatewayClass: the server could not find the requested resource (get gatewayclasses.gateway.networking.k8s.io)
2022-10-11T15:06:51.824383Z	error	klog	k8s.io/client-go@v0.23.5/tools/cache/reflector.go:167: Failed to watch *v1alpha2.GatewayClass: failed to list *v1alpha2.GatewayClass: the server could not find the requested resource (get gatewayclasses.gateway.networking.k8s.io)
2022-10-11T15:06:52.005984Z	info	kube	notifying watchers gateway.networking.k8s.io/v1alpha2/Gateway was created
2022-10-11T15:06:52.012531Z	info	klog	k8s.io/client-go@v0.23.5/tools/cache/reflector.go:167: failed to list *v1alpha2.Gateway: the server could not find the requested resource (get gateways.gateway.networking.k8s.io)
2022-10-11T15:06:52.012568Z	error	klog	k8s.io/client-go@v0.23.5/tools/cache/reflector.go:167: Failed to watch *v1alpha2.Gateway: failed to list *v1alpha2.Gateway: the server could not find the requested resource (get gateways.gateway.networking.k8s.io)
2022-10-11T15:06:52.301201Z	info	klog	k8s.io/client-go@v0.23.5/tools/cache/reflector.go:167: failed to list *v1alpha2.HTTPRoute: the server could not find the requested resource (get httproutes.gateway.networking.k8s.io)
2022-10-11T15:06:52.301247Z	error	klog	k8s.io/client-go@v0.23.5/tools/cache/reflector.go:167: Failed to watch *v1alpha2.HTTPRoute: failed to list *v1alpha2.HTTPRoute: the server could not find the requested resource (get httproutes.gateway.networking.k8s.io)
2022-10-11T15:06:52.920089Z	info	controllers	starting	controller=gateway class
2022-10-11T15:06:53.365787Z	info	klog	k8s.io/client-go@v0.23.5/tools/cache/reflector.go:167: failed to list *v1alpha2.ReferencePolicy: the server could not find the requested resource (get referencepolicies.gateway.networking.k8s.io)
2022-10-11T15:06:53.365834Z	error	klog	k8s.io/client-go@v0.23.5/tools/cache/reflector.go:167: Failed to watch *v1alpha2.ReferencePolicy: failed to list *v1alpha2.ReferencePolicy: the server could not find the requested resource (get referencepolicies.gateway.networking.k8s.io)
2022-10-11T15:06:53.608204Z	info	controllers	starting	controller=gateway deployment
2022-10-11T15:06:53.897430Z	info	klog	k8s.io/client-go@v0.23.5/tools/cache/reflector.go:167: failed to list *v1alpha2.TCPRoute: the server could not find the requested resource (get tcproutes.gateway.networking.k8s.io)
2022-10-11T15:06:53.897486Z	error	klog	k8s.io/client-go@v0.23.5/tools/cache/reflector.go:167: Failed to watch *v1alpha2.TCPRoute: failed to list *v1alpha2.TCPRoute: the server could not find the requested resource (get tcproutes.gateway.networking.k8s.io)
2022-10-11T15:06:55.081906Z	info	kube	controller "gateway.networking.k8s.io/v1alpha2/TCPRoute" is syncing...
2022-10-11T15:06:55.081938Z	info	Work item handle failed (waiting till full synchronization), retry after delay 1s
2022-10-11T15:06:56.183557Z	info	ads	Push debounce stable[20] 1 for config GatewayClass//istio: 100.430568ms since last change, 100.430385ms since last push, full=true
2022-10-11T15:06:56.184388Z	info	ads	XDS: Pushing:2022-10-11T15:06:56Z/14 Services:8 ConnectedEndpoints:5 Version:2022-10-11T15:06:56Z/14
2022-10-11T15:06:56.185349Z	info	ads	CDS: PUSH for node:helloworld-v1-77cb56d4b4-dfttf.sample resources:20 size:18.3kB cached:15/16
2022-10-11T15:06:56.185603Z	info	ads	EDS: PUSH for node:helloworld-v1-77cb56d4b4-dfttf.sample resources:16 size:3.5kB empty:0 cached:16/16
2022-10-11T15:06:56.186001Z	info	ads	CDS: PUSH for node:istio-ingressgateway-78657896c5-nl846.istio-system resources:17 size:17.0kB cached:15/16
2022-10-11T15:06:56.186207Z	info	ads	EDS: PUSH for node:istio-ingressgateway-78657896c5-nl846.istio-system resources:16 size:3.5kB empty:0 cached:16/16
2022-10-11T15:06:56.186292Z	info	ads	LDS: PUSH for node:istio-ingressgateway-78657896c5-nl846.istio-system resources:0 size:0B
2022-10-11T15:06:56.187161Z	info	ads	CDS: PUSH for node:istio-eastwestgateway-76f8655d4b-zj8dq.istio-system resources:33 size:25.4kB cached:15/16
2022-10-11T15:06:56.187489Z	info	ads	EDS: PUSH for node:istio-eastwestgateway-76f8655d4b-zj8dq.istio-system resources:32 size:5.4kB empty:0 cached:32/32
2022-10-11T15:06:56.187875Z	info	ads	LDS: PUSH for node:istio-eastwestgateway-76f8655d4b-zj8dq.istio-system resources:3 size:15.7kB
2022-10-11T15:06:56.188432Z	info	ads	LDS: PUSH for node:helloworld-v1-77cb56d4b4-dfttf.sample resources:17 size:46.3kB
2022-10-11T15:06:56.188909Z	info	ads	RDS: PUSH for node:helloworld-v1-77cb56d4b4-dfttf.sample resources:7 size:5.2kB cached:6/7
2022-10-11T15:06:56.185353Z	info	ads	CDS: PUSH for node:daniel-nonambient-vm.test resources:19 size:18.1kB cached:16/16
2022-10-11T15:06:56.189214Z	info	ads	EDS: PUSH for node:daniel-nonambient-vm.test resources:16 size:1.6kB empty:0 cached:16/16
2022-10-11T15:06:56.189589Z	info	ads	CDS: PUSH for node:helloworld-v2-79bf565586-jfd78.sample resources:20 size:18.3kB cached:16/16
2022-10-11T15:06:56.189862Z	info	ads	EDS: PUSH for node:helloworld-v2-79bf565586-jfd78.sample resources:16 size:3.5kB empty:0 cached:16/16
2022-10-11T15:06:56.191074Z	info	ads	LDS: PUSH for node:daniel-nonambient-vm.test resources:17 size:40.8kB
2022-10-11T15:06:56.191387Z	info	ads	RDS: PUSH for node:daniel-nonambient-vm.test resources:7 size:5.1kB cached:6/7
2022-10-11T15:06:56.191495Z	info	ads	NDS: PUSH for node:daniel-nonambient-vm.test resources:1 size:813B
2022-10-11T15:06:56.191891Z	info	ads	LDS: PUSH for node:helloworld-v2-79bf565586-jfd78.sample resources:17 size:46.3kB
2022-10-11T15:06:56.192481Z	info	ads	RDS: PUSH for node:helloworld-v2-79bf565586-jfd78.sample resources:7 size:5.2kB cached:7/7
2022-10-11T15:06:56.298419Z	info	ads	Push debounce stable[21] 1 for config GatewayClass//istio: 100.524416ms since last change, 100.524234ms since last push, full=true
2022-10-11T15:06:56.298836Z	info	ads	XDS: Pushing:2022-10-11T15:06:56Z/15 Services:8 ConnectedEndpoints:5 Version:2022-10-11T15:06:56Z/15
2022-10-11T15:06:56.299340Z	info	ads	CDS: PUSH for node:daniel-nonambient-vm.test resources:19 size:18.1kB cached:16/16
2022-10-11T15:06:56.299535Z	info	ads	EDS: PUSH for node:daniel-nonambient-vm.test resources:16 size:1.6kB empty:0 cached:16/16
2022-10-11T15:06:56.299986Z	info	ads	CDS: PUSH for node:istio-eastwestgateway-76f8655d4b-zj8dq.istio-system resources:33 size:25.4kB cached:16/16
2022-10-11T15:06:56.300329Z	info	ads	EDS: PUSH for node:istio-eastwestgateway-76f8655d4b-zj8dq.istio-system resources:32 size:5.4kB empty:0 cached:32/32
2022-10-11T15:06:56.300670Z	info	ads	LDS: PUSH for node:istio-eastwestgateway-76f8655d4b-zj8dq.istio-system resources:3 size:15.7kB
2022-10-11T15:06:56.301047Z	info	ads	CDS: PUSH for node:istio-ingressgateway-78657896c5-nl846.istio-system resources:17 size:17.0kB cached:16/16
2022-10-11T15:06:56.301366Z	info	ads	LDS: PUSH for node:daniel-nonambient-vm.test resources:17 size:40.8kB
2022-10-11T15:06:56.301531Z	info	ads	EDS: PUSH for node:istio-ingressgateway-78657896c5-nl846.istio-system resources:16 size:3.5kB empty:0 cached:16/16
2022-10-11T15:06:56.301651Z	info	ads	LDS: PUSH for node:istio-ingressgateway-78657896c5-nl846.istio-system resources:0 size:0B
2022-10-11T15:06:56.301666Z	info	ads	RDS: PUSH for node:daniel-nonambient-vm.test resources:7 size:5.1kB cached:7/7
2022-10-11T15:06:56.302221Z	info	ads	NDS: PUSH for node:daniel-nonambient-vm.test resources:1 size:813B
2022-10-11T15:06:56.302549Z	info	ads	CDS: PUSH for node:helloworld-v2-79bf565586-jfd78.sample resources:20 size:18.3kB cached:16/16
2022-10-11T15:06:56.302741Z	info	ads	EDS: PUSH for node:helloworld-v2-79bf565586-jfd78.sample resources:16 size:3.5kB empty:0 cached:16/16
2022-10-11T15:06:56.302551Z	info	ads	CDS: PUSH for node:helloworld-v1-77cb56d4b4-dfttf.sample resources:20 size:18.3kB cached:16/16
2022-10-11T15:06:56.303684Z	info	ads	EDS: PUSH for node:helloworld-v1-77cb56d4b4-dfttf.sample resources:16 size:3.5kB empty:0 cached:16/16
2022-10-11T15:06:56.305725Z	info	ads	LDS: PUSH for node:helloworld-v1-77cb56d4b4-dfttf.sample resources:17 size:46.3kB
2022-10-11T15:06:56.306127Z	info	ads	RDS: PUSH for node:helloworld-v1-77cb56d4b4-dfttf.sample resources:7 size:5.2kB cached:7/7
2022-10-11T15:06:56.307259Z	info	ads	LDS: PUSH for node:helloworld-v2-79bf565586-jfd78.sample resources:17 size:46.3kB
2022-10-11T15:06:56.307806Z	info	ads	RDS: PUSH for node:helloworld-v2-79bf565586-jfd78.sample resources:7 size:5.2kB cached:7/7
2022-10-11T15:07:21.521295Z	info	ads	Push debounce stable[22] 3 for config GatewayClass//gke-l7-rilb and 1 more configs: 100.292419ms since last change, 155.106176ms since last push, full=true
2022-10-11T15:07:21.521707Z	info	ads	XDS: Pushing:2022-10-11T15:07:21Z/16 Services:8 ConnectedEndpoints:5 Version:2022-10-11T15:07:21Z/16
2022-10-11T15:07:21.522079Z	info	ads	CDS: PUSH for node:daniel-nonambient-vm.test resources:19 size:18.1kB cached:16/16
2022-10-11T15:07:21.522158Z	info	ads	EDS: PUSH for node:daniel-nonambient-vm.test resources:16 size:1.6kB empty:0 cached:16/16
2022-10-11T15:07:21.522933Z	info	ads	CDS: PUSH for node:istio-eastwestgateway-76f8655d4b-zj8dq.istio-system resources:33 size:25.4kB cached:16/16
2022-10-11T15:07:21.523188Z	info	ads	EDS: PUSH for node:istio-eastwestgateway-76f8655d4b-zj8dq.istio-system resources:32 size:5.4kB empty:0 cached:32/32
2022-10-11T15:07:21.523449Z	info	ads	LDS: PUSH for node:istio-eastwestgateway-76f8655d4b-zj8dq.istio-system resources:3 size:15.7kB
2022-10-11T15:07:21.523530Z	info	ads	LDS: PUSH for node:daniel-nonambient-vm.test resources:17 size:40.8kB
2022-10-11T15:07:21.523653Z	info	ads	RDS: PUSH for node:daniel-nonambient-vm.test resources:7 size:5.1kB cached:7/7
2022-10-11T15:07:21.523693Z	info	ads	CDS: PUSH for node:istio-ingressgateway-78657896c5-nl846.istio-system resources:17 size:17.0kB cached:16/16
2022-10-11T15:07:21.523801Z	info	ads	EDS: PUSH for node:istio-ingressgateway-78657896c5-nl846.istio-system resources:16 size:3.5kB empty:0 cached:16/16
2022-10-11T15:07:21.523834Z	info	ads	LDS: PUSH for node:istio-ingressgateway-78657896c5-nl846.istio-system resources:0 size:0B
2022-10-11T15:07:21.524002Z	info	ads	CDS: PUSH for node:helloworld-v2-79bf565586-jfd78.sample resources:20 size:18.3kB cached:16/16
2022-10-11T15:07:21.524110Z	info	ads	EDS: PUSH for node:helloworld-v2-79bf565586-jfd78.sample resources:16 size:3.5kB empty:0 cached:16/16
2022-10-11T15:07:21.524276Z	info	ads	CDS: PUSH for node:helloworld-v1-77cb56d4b4-dfttf.sample resources:20 size:18.3kB cached:16/16
2022-10-11T15:07:21.524401Z	info	ads	EDS: PUSH for node:helloworld-v1-77cb56d4b4-dfttf.sample resources:16 size:3.5kB empty:0 cached:16/16
2022-10-11T15:07:21.525870Z	info	ads	LDS: PUSH for node:helloworld-v2-79bf565586-jfd78.sample resources:17 size:46.3kB
2022-10-11T15:07:21.525887Z	info	ads	LDS: PUSH for node:helloworld-v1-77cb56d4b4-dfttf.sample resources:17 size:46.3kB
2022-10-11T15:07:21.526149Z	info	ads	NDS: PUSH for node:daniel-nonambient-vm.test resources:1 size:813B
2022-10-11T15:07:21.526155Z	info	ads	RDS: PUSH for node:helloworld-v1-77cb56d4b4-dfttf.sample resources:7 size:5.2kB cached:7/7
2022-10-11T15:07:21.526340Z	info	ads	RDS: PUSH for node:helloworld-v2-79bf565586-jfd78.sample resources:7 size:5.2kB cached:7/7
2022-10-11T15:07:21.675056Z	info	ads	Push debounce stable[23] 1 for config GatewayClass//gke-l7-gxlb: 100.5742ms since last change, 100.574013ms since last push, full=true
2022-10-11T15:07:21.675463Z	info	ads	XDS: Pushing:2022-10-11T15:07:21Z/17 Services:8 ConnectedEndpoints:5 Version:2022-10-11T15:07:21Z/17
2022-10-11T15:07:21.675778Z	info	ads	CDS: PUSH for node:daniel-nonambient-vm.test resources:19 size:18.1kB cached:16/16
2022-10-11T15:07:21.675899Z	info	ads	EDS: PUSH for node:daniel-nonambient-vm.test resources:16 size:1.6kB empty:0 cached:16/16
2022-10-11T15:07:21.677244Z	info	ads	LDS: PUSH for node:daniel-nonambient-vm.test resources:17 size:40.8kB
2022-10-11T15:07:21.677391Z	info	ads	RDS: PUSH for node:daniel-nonambient-vm.test resources:7 size:5.1kB cached:7/7
2022-10-11T15:07:21.677652Z	info	ads	NDS: PUSH for node:daniel-nonambient-vm.test resources:1 size:813B
2022-10-11T15:07:21.678052Z	info	ads	CDS: PUSH for node:istio-ingressgateway-78657896c5-nl846.istio-system resources:17 size:17.0kB cached:16/16
2022-10-11T15:07:21.678167Z	info	ads	EDS: PUSH for node:istio-ingressgateway-78657896c5-nl846.istio-system resources:16 size:3.5kB empty:0 cached:16/16
2022-10-11T15:07:21.678232Z	info	ads	LDS: PUSH for node:istio-ingressgateway-78657896c5-nl846.istio-system resources:0 size:0B
2022-10-11T15:07:21.678753Z	info	ads	CDS: PUSH for node:istio-eastwestgateway-76f8655d4b-zj8dq.istio-system resources:33 size:25.4kB cached:16/16
2022-10-11T15:07:21.678950Z	info	ads	EDS: PUSH for node:istio-eastwestgateway-76f8655d4b-zj8dq.istio-system resources:32 size:5.4kB empty:0 cached:32/32
2022-10-11T15:07:21.679225Z	info	ads	LDS: PUSH for node:istio-eastwestgateway-76f8655d4b-zj8dq.istio-system resources:3 size:15.7kB
2022-10-11T15:07:21.679497Z	info	ads	CDS: PUSH for node:helloworld-v1-77cb56d4b4-dfttf.sample resources:20 size:18.3kB cached:16/16
2022-10-11T15:07:21.679605Z	info	ads	EDS: PUSH for node:helloworld-v1-77cb56d4b4-dfttf.sample resources:16 size:3.5kB empty:0 cached:16/16
2022-10-11T15:07:21.680601Z	info	ads	LDS: PUSH for node:helloworld-v1-77cb56d4b4-dfttf.sample resources:17 size:46.3kB
2022-10-11T15:07:21.680877Z	info	ads	RDS: PUSH for node:helloworld-v1-77cb56d4b4-dfttf.sample resources:7 size:5.2kB cached:7/7
2022-10-11T15:07:21.681125Z	info	ads	CDS: PUSH for node:helloworld-v2-79bf565586-jfd78.sample resources:20 size:18.3kB cached:16/16
2022-10-11T15:07:21.681231Z	info	ads	EDS: PUSH for node:helloworld-v2-79bf565586-jfd78.sample resources:16 size:3.5kB empty:0 cached:16/16
2022-10-11T15:07:21.682177Z	info	ads	LDS: PUSH for node:helloworld-v2-79bf565586-jfd78.sample resources:17 size:46.3kB
2022-10-11T15:07:21.682558Z	info	ads	RDS: PUSH for node:helloworld-v2-79bf565586-jfd78.sample resources:7 size:5.2kB cached:7/7
2022-10-11T15:25:31.538795Z	info	ads	ADS: "10.48.0.6:56082" istio-ingressgateway-78657896c5-nl846.istio-system-1 terminated
2022-10-11T15:25:31.956143Z	info	ads	ADS: new connection for node:istio-ingressgateway-78657896c5-nl846.istio-system-6
2022-10-11T15:25:31.956819Z	info	ads	CDS: PUSH request for node:istio-ingressgateway-78657896c5-nl846.istio-system resources:17 size:17.0kB cached:16/16
2022-10-11T15:25:31.956953Z	info	ads	EDS: PUSH request for node:istio-ingressgateway-78657896c5-nl846.istio-system resources:16 size:3.5kB empty:0 cached:16/16
2022-10-11T15:25:31.957015Z	info	ads	LDS: PUSH request for node:istio-ingressgateway-78657896c5-nl846.istio-system resources:0 size:0B
2022-10-11T15:25:59.792981Z	info	ads	ADS: "10.48.0.8:36362" helloworld-v1-77cb56d4b4-dfttf.sample-3 terminated
2022-10-11T15:25:59.977964Z	info	ads	ADS: new connection for node:helloworld-v1-77cb56d4b4-dfttf.sample-7
2022-10-11T15:25:59.978474Z	info	ads	CDS: PUSH request for node:helloworld-v1-77cb56d4b4-dfttf.sample resources:20 size:18.3kB cached:16/16
2022-10-11T15:25:59.978617Z	info	ads	EDS: PUSH request for node:helloworld-v1-77cb56d4b4-dfttf.sample resources:16 size:3.5kB empty:0 cached:16/16
2022-10-11T15:25:59.980581Z	info	ads	LDS: PUSH request for node:helloworld-v1-77cb56d4b4-dfttf.sample resources:17 size:46.3kB
2022-10-11T15:25:59.980862Z	info	ads	RDS: PUSH request for node:helloworld-v1-77cb56d4b4-dfttf.sample resources:7 size:5.2kB cached:7/7
2022-10-11T15:26:07.383410Z	info	ads	ADS: "10.48.1.9:47430" helloworld-v2-79bf565586-jfd78.sample-4 terminated
2022-10-11T15:26:07.416285Z	info	ads	ADS: new connection for node:helloworld-v2-79bf565586-jfd78.sample-8
2022-10-11T15:26:07.416843Z	info	ads	CDS: PUSH request for node:helloworld-v2-79bf565586-jfd78.sample resources:20 size:18.3kB cached:16/16
2022-10-11T15:26:07.418343Z	info	ads	EDS: PUSH request for node:helloworld-v2-79bf565586-jfd78.sample resources:16 size:3.5kB empty:0 cached:16/16
2022-10-11T15:26:07.420026Z	info	ads	LDS: PUSH request for node:helloworld-v2-79bf565586-jfd78.sample resources:17 size:46.3kB
2022-10-11T15:26:07.422338Z	info	ads	RDS: PUSH request for node:helloworld-v2-79bf565586-jfd78.sample resources:7 size:5.2kB cached:7/7
2022-10-11T15:26:15.422909Z	info	ads	ADS: "10.48.0.7:52542" daniel-nonambient-vm.test-5 terminated
2022-10-11T15:26:15.565030Z	info	wle	updated auto-registered WorkloadEntry test/mysql-10.128.15.198-vm-network
2022-10-11T15:26:15.565281Z	info	ads	ADS: new connection for node:daniel-nonambient-vm.test-9
2022-10-11T15:26:15.565596Z	info	ads	CDS: PUSH request for node:daniel-nonambient-vm.test resources:19 size:18.1kB cached:16/16
2022-10-11T15:26:15.565797Z	info	ads	EDS: PUSH request for node:daniel-nonambient-vm.test resources:16 size:1.6kB empty:0 cached:16/16
2022-10-11T15:26:15.567325Z	info	ads	LDS: PUSH request for node:daniel-nonambient-vm.test resources:17 size:40.8kB
2022-10-11T15:26:15.567521Z	info	ads	NDS: PUSH request for node:daniel-nonambient-vm.test resources:1 size:813B
2022-10-11T15:26:15.567761Z	info	ads	RDS: PUSH request for node:daniel-nonambient-vm.test resources:7 size:5.1kB cached:7/7
2022-10-11T15:28:38.220867Z	info	ads	Incremental push, service helloworld.ambient.svc.cluster.local at shard Kubernetes/cluster1 has no endpoints
2022-10-11T15:28:38.321884Z	info	ads	Push debounce stable[24] 2 for config ServiceEntry/ambient/helloworld.ambient.svc.cluster.local: 100.941743ms since last change, 146.650528ms since last push, full=true
2022-10-11T15:28:38.322763Z	info	ads	XDS: Pushing:2022-10-11T15:28:38Z/18 Services:9 ConnectedEndpoints:5 Version:2022-10-11T15:28:38Z/18
2022-10-11T15:28:38.323597Z	info	ads	CDS: PUSH for node:helloworld-v2-79bf565586-jfd78.sample resources:21 size:19.2kB cached:16/17
2022-10-11T15:28:38.323935Z	info	ads	CDS: PUSH for node:istio-eastwestgateway-76f8655d4b-zj8dq.istio-system resources:35 size:26.8kB cached:16/17
2022-10-11T15:28:38.324110Z	info	ads	EDS: PUSH for node:helloworld-v2-79bf565586-jfd78.sample resources:16 size:3.5kB empty:0 cached:16/16
2022-10-11T15:28:38.324395Z	info	ads	EDS: PUSH for node:istio-eastwestgateway-76f8655d4b-zj8dq.istio-system resources:32 size:5.4kB empty:0 cached:32/32
2022-10-11T15:28:38.324818Z	info	ads	LDS: PUSH for node:istio-eastwestgateway-76f8655d4b-zj8dq.istio-system resources:3 size:16.6kB
2022-10-11T15:28:38.325295Z	info	ads	CDS: PUSH for node:istio-ingressgateway-78657896c5-nl846.istio-system resources:18 size:18.0kB cached:16/17
2022-10-11T15:28:38.325548Z	info	ads	EDS: PUSH for node:istio-ingressgateway-78657896c5-nl846.istio-system resources:16 size:3.5kB empty:0 cached:16/16
2022-10-11T15:28:38.325691Z	info	ads	LDS: PUSH for node:istio-ingressgateway-78657896c5-nl846.istio-system resources:0 size:0B
2022-10-11T15:28:38.326044Z	info	ads	CDS: PUSH for node:daniel-nonambient-vm.test resources:20 size:19.0kB cached:16/17
2022-10-11T15:28:38.326240Z	info	ads	LDS: PUSH for node:helloworld-v2-79bf565586-jfd78.sample resources:17 size:46.3kB
2022-10-11T15:28:38.326429Z	info	ads	EDS: PUSH for node:daniel-nonambient-vm.test resources:16 size:1.6kB empty:0 cached:16/16
2022-10-11T15:28:38.326781Z	info	ads	RDS: PUSH for node:helloworld-v2-79bf565586-jfd78.sample resources:7 size:5.8kB cached:6/7
2022-10-11T15:28:38.328254Z	info	ads	LDS: PUSH for node:daniel-nonambient-vm.test resources:17 size:40.8kB
2022-10-11T15:28:38.328843Z	info	ads	RDS: PUSH for node:daniel-nonambient-vm.test resources:7 size:5.8kB cached:6/7
2022-10-11T15:28:38.329063Z	info	ads	NDS: PUSH for node:daniel-nonambient-vm.test resources:1 size:902B
2022-10-11T15:28:38.329488Z	info	ads	CDS: PUSH for node:helloworld-v1-77cb56d4b4-dfttf.sample resources:21 size:19.2kB cached:16/17
2022-10-11T15:28:38.329741Z	info	ads	EDS: PUSH for node:helloworld-v1-77cb56d4b4-dfttf.sample resources:16 size:3.5kB empty:0 cached:16/16
2022-10-11T15:28:38.331684Z	info	ads	LDS: PUSH for node:helloworld-v1-77cb56d4b4-dfttf.sample resources:17 size:46.3kB
2022-10-11T15:28:38.332119Z	info	ads	RDS: PUSH for node:helloworld-v1-77cb56d4b4-dfttf.sample resources:7 size:5.8kB cached:7/7
2022-10-11T15:28:38.337220Z	info	ads	EDS: PUSH request for node:helloworld-v2-79bf565586-jfd78.sample resources:17 size:3.6kB empty:1 cached:16/17
2022-10-11T15:28:38.342692Z	info	ads	EDS: PUSH request for node:daniel-nonambient-vm.test resources:17 size:1.6kB empty:1 cached:16/17
2022-10-11T15:28:38.342737Z	info	ads	EDS: PUSH request for node:helloworld-v1-77cb56d4b4-dfttf.sample resources:17 size:3.6kB empty:0 cached:17/17
2022-10-11T15:28:38.348202Z	info	ads	EDS: PUSH request for node:istio-ingressgateway-78657896c5-nl846.istio-system resources:17 size:3.6kB empty:0 cached:17/17
2022-10-11T15:28:38.349887Z	info	ads	EDS: PUSH request for node:istio-eastwestgateway-76f8655d4b-zj8dq.istio-system resources:34 size:5.5kB empty:2 cached:32/34
2022-10-11T15:28:38.644392Z	info	ads	Incremental push, service helloworld.ambient.svc.cluster.local at shard Kubernetes/cluster1 has no endpoints
2022-10-11T15:28:38.745187Z	info	ads	Push debounce stable[25] 1 for config ServiceEntry/ambient/helloworld.ambient.svc.cluster.local: 100.733623ms since last change, 100.733435ms since last push, full=false
2022-10-11T15:28:38.745387Z	info	ads	XDS: Incremental Pushing:2022-10-11T15:28:38Z/18 ConnectedEndpoints:5 Version:2022-10-11T15:28:38Z/18
2022-10-11T15:28:38.852330Z	info	ads	Incremental push, service sleep.ambient.svc.cluster.local at shard Kubernetes/cluster1 has no endpoints
2022-10-11T15:28:38.953445Z	info	ads	Push debounce stable[26] 2 for config ServiceEntry/ambient/sleep.ambient.svc.cluster.local: 101.049618ms since last change, 112.145036ms since last push, full=true
2022-10-11T15:28:38.954691Z	info	ads	XDS: Pushing:2022-10-11T15:28:38Z/19 Services:10 ConnectedEndpoints:5 Version:2022-10-11T15:28:38Z/19
2022-10-11T15:28:38.955206Z	info	ads	CDS: PUSH for node:helloworld-v1-77cb56d4b4-dfttf.sample resources:22 size:20.2kB cached:16/18
2022-10-11T15:28:38.955352Z	info	ads	EDS: PUSH for node:helloworld-v1-77cb56d4b4-dfttf.sample resources:17 size:3.6kB empty:0 cached:17/17
2022-10-11T15:28:38.956416Z	info	ads	LDS: PUSH for node:helloworld-v1-77cb56d4b4-dfttf.sample resources:17 size:46.3kB
2022-10-11T15:28:38.956936Z	info	ads	RDS: PUSH for node:helloworld-v1-77cb56d4b4-dfttf.sample resources:7 size:6.3kB cached:5/7
2022-10-11T15:28:38.957266Z	info	ads	CDS: PUSH for node:helloworld-v2-79bf565586-jfd78.sample resources:22 size:20.2kB cached:18/18
2022-10-11T15:28:38.957386Z	info	ads	EDS: PUSH for node:helloworld-v2-79bf565586-jfd78.sample resources:17 size:3.6kB empty:0 cached:17/17
2022-10-11T15:28:38.958393Z	info	ads	LDS: PUSH for node:helloworld-v2-79bf565586-jfd78.sample resources:17 size:46.3kB
2022-10-11T15:28:38.958765Z	info	ads	RDS: PUSH for node:helloworld-v2-79bf565586-jfd78.sample resources:7 size:6.3kB cached:7/7
2022-10-11T15:28:38.959171Z	info	ads	CDS: PUSH for node:daniel-nonambient-vm.test resources:21 size:19.9kB cached:16/18
2022-10-11T15:28:38.959291Z	info	ads	EDS: PUSH for node:daniel-nonambient-vm.test resources:17 size:1.6kB empty:0 cached:17/17
2022-10-11T15:28:38.960476Z	info	ads	LDS: PUSH for node:daniel-nonambient-vm.test resources:17 size:40.8kB
2022-10-11T15:28:38.960869Z	info	ads	RDS: PUSH for node:daniel-nonambient-vm.test resources:7 size:6.3kB cached:5/7
2022-10-11T15:28:38.960936Z	info	ads	NDS: PUSH for node:daniel-nonambient-vm.test resources:1 size:979B
2022-10-11T15:28:38.961302Z	info	ads	CDS: PUSH for node:istio-ingressgateway-78657896c5-nl846.istio-system resources:19 size:18.9kB cached:16/18
2022-10-11T15:28:38.961406Z	info	ads	EDS: PUSH for node:istio-ingressgateway-78657896c5-nl846.istio-system resources:17 size:3.6kB empty:0 cached:17/17
2022-10-11T15:28:38.961439Z	info	ads	LDS: PUSH for node:istio-ingressgateway-78657896c5-nl846.istio-system resources:0 size:0B
2022-10-11T15:28:38.962167Z	info	ads	CDS: PUSH for node:istio-eastwestgateway-76f8655d4b-zj8dq.istio-system resources:37 size:28.1kB cached:16/18
2022-10-11T15:28:38.963091Z	info	ads	EDS: PUSH for node:istio-eastwestgateway-76f8655d4b-zj8dq.istio-system resources:34 size:5.5kB empty:0 cached:34/34
2022-10-11T15:28:38.963441Z	info	ads	LDS: PUSH for node:istio-eastwestgateway-76f8655d4b-zj8dq.istio-system resources:3 size:17.4kB
2022-10-11T15:28:38.964566Z	info	ads	EDS: PUSH request for node:helloworld-v1-77cb56d4b4-dfttf.sample resources:18 size:3.6kB empty:1 cached:17/18
2022-10-11T15:28:38.968884Z	info	ads	EDS: PUSH request for node:helloworld-v2-79bf565586-jfd78.sample resources:18 size:3.6kB empty:0 cached:18/18
2022-10-11T15:28:38.971030Z	info	ads	EDS: PUSH request for node:daniel-nonambient-vm.test resources:18 size:1.7kB empty:1 cached:17/18
2022-10-11T15:28:38.972059Z	info	ads	EDS: PUSH request for node:istio-ingressgateway-78657896c5-nl846.istio-system resources:18 size:3.6kB empty:0 cached:18/18
2022-10-11T15:28:38.978172Z	info	ads	EDS: PUSH request for node:istio-eastwestgateway-76f8655d4b-zj8dq.istio-system resources:36 size:5.6kB empty:2 cached:34/36
2022-10-11T15:28:39.131868Z	info	ads	Incremental push, service sleep.ambient.svc.cluster.local at shard Kubernetes/cluster1 has no endpoints
2022-10-11T15:28:39.232941Z	info	ads	Push debounce stable[27] 1 for config ServiceEntry/ambient/sleep.ambient.svc.cluster.local: 100.906419ms since last change, 100.906259ms since last push, full=false
2022-10-11T15:28:39.233039Z	info	ads	XDS: Incremental Pushing:2022-10-11T15:28:38Z/19 ConnectedEndpoints:5 Version:2022-10-11T15:28:38Z/19
2022-10-11T15:28:39.859755Z	info	ads	Full push, new service ambient/helloworld.ambient.svc.cluster.local
2022-10-11T15:28:39.880517Z	info	ads	Incremental push, service sleep.ambient.svc.cluster.local at shard Kubernetes/cluster1 has no endpoints
2022-10-11T15:28:39.981589Z	info	ads	Push debounce stable[28] 2 for config ServiceEntry/ambient/helloworld.ambient.svc.cluster.local and 1 more configs: 101.012976ms since last change, 121.770603ms since last push, full=true
2022-10-11T15:28:39.982538Z	info	ads	XDS: Pushing:2022-10-11T15:28:39Z/20 Services:10 ConnectedEndpoints:5 Version:2022-10-11T15:28:39Z/20
2022-10-11T15:28:39.983055Z	info	ads	CDS: PUSH for node:helloworld-v1-77cb56d4b4-dfttf.sample resources:22 size:20.2kB cached:16/18
2022-10-11T15:28:39.983262Z	info	ads	EDS: PUSH for node:helloworld-v1-77cb56d4b4-dfttf.sample resources:18 size:3.8kB empty:1 cached:16/18
2022-10-11T15:28:39.984953Z	info	ads	LDS: PUSH for node:helloworld-v1-77cb56d4b4-dfttf.sample resources:17 size:46.3kB
2022-10-11T15:28:39.985357Z	info	ads	RDS: PUSH for node:helloworld-v1-77cb56d4b4-dfttf.sample resources:7 size:6.3kB cached:5/7
2022-10-11T15:28:39.985710Z	info	ads	CDS: PUSH for node:helloworld-v2-79bf565586-jfd78.sample resources:22 size:20.2kB cached:18/18
2022-10-11T15:28:39.985839Z	info	ads	EDS: PUSH for node:helloworld-v2-79bf565586-jfd78.sample resources:18 size:3.8kB empty:0 cached:18/18
2022-10-11T15:28:39.986730Z	info	ads	CDS: PUSH for node:istio-ingressgateway-78657896c5-nl846.istio-system resources:19 size:18.9kB cached:16/18
2022-10-11T15:28:39.986868Z	info	ads	EDS: PUSH for node:istio-ingressgateway-78657896c5-nl846.istio-system resources:18 size:3.8kB empty:0 cached:18/18
2022-10-11T15:28:39.986925Z	info	ads	LDS: PUSH for node:istio-ingressgateway-78657896c5-nl846.istio-system resources:0 size:0B
2022-10-11T15:28:39.987298Z	info	ads	CDS: PUSH for node:daniel-nonambient-vm.test resources:21 size:20.0kB cached:16/18
2022-10-11T15:28:39.988743Z	info	ads	LDS: PUSH for node:helloworld-v2-79bf565586-jfd78.sample resources:17 size:46.3kB
2022-10-11T15:28:39.989133Z	info	ads	RDS: PUSH for node:helloworld-v2-79bf565586-jfd78.sample resources:7 size:6.3kB cached:7/7
2022-10-11T15:28:39.990021Z	info	ads	CDS: PUSH for node:istio-eastwestgateway-76f8655d4b-zj8dq.istio-system resources:37 size:28.2kB cached:16/18
2022-10-11T15:28:39.990367Z	info	ads	EDS: PUSH for node:daniel-nonambient-vm.test resources:18 size:1.7kB empty:1 cached:16/18
2022-10-11T15:28:39.991754Z	info	ads	LDS: PUSH for node:daniel-nonambient-vm.test resources:17 size:40.8kB
2022-10-11T15:28:39.992282Z	info	ads	RDS: PUSH for node:daniel-nonambient-vm.test resources:7 size:6.3kB cached:5/7
2022-10-11T15:28:39.992430Z	info	ads	NDS: PUSH for node:daniel-nonambient-vm.test resources:1 size:979B
2022-10-11T15:28:39.992922Z	info	ads	EDS: PUSH for node:istio-eastwestgateway-76f8655d4b-zj8dq.istio-system resources:36 size:5.7kB empty:2 cached:32/36
2022-10-11T15:28:39.993275Z	info	ads	LDS: PUSH for node:istio-eastwestgateway-76f8655d4b-zj8dq.istio-system resources:3 size:17.4kB
2022-10-11T15:28:40.864041Z	info	ads	Full push, new service ambient/sleep.ambient.svc.cluster.local
2022-10-11T15:28:41.014307Z	info	ads	Push debounce stable[29] 2 for config ServiceEntry/ambient/sleep.ambient.svc.cluster.local and 1 more configs: 100.940102ms since last change, 150.18737ms since last push, full=true
2022-10-11T15:28:41.015249Z	info	ads	XDS: Pushing:2022-10-11T15:28:41Z/21 Services:10 ConnectedEndpoints:5 Version:2022-10-11T15:28:41Z/21
2022-10-11T15:28:41.015796Z	info	ads	CDS: PUSH for node:daniel-nonambient-vm.test resources:21 size:20.0kB cached:16/18
2022-10-11T15:28:41.016013Z	info	ads	EDS: PUSH for node:daniel-nonambient-vm.test resources:18 size:1.8kB empty:0 cached:16/18
2022-10-11T15:28:41.017019Z	info	ads	CDS: PUSH for node:istio-eastwestgateway-76f8655d4b-zj8dq.istio-system resources:37 size:28.2kB cached:16/18
2022-10-11T15:28:41.018402Z	info	ads	EDS: PUSH for node:istio-eastwestgateway-76f8655d4b-zj8dq.istio-system resources:36 size:6.0kB empty:0 cached:32/36
2022-10-11T15:28:41.018564Z	info	ads	CDS: PUSH for node:helloworld-v2-79bf565586-jfd78.sample resources:22 size:20.2kB cached:17/18
2022-10-11T15:28:41.018754Z	info	ads	EDS: PUSH for node:helloworld-v2-79bf565586-jfd78.sample resources:18 size:4.0kB empty:0 cached:16/18
2022-10-11T15:28:41.019185Z	info	ads	LDS: PUSH for node:istio-eastwestgateway-76f8655d4b-zj8dq.istio-system resources:3 size:17.4kB
2022-10-11T15:28:41.019800Z	info	ads	CDS: PUSH for node:istio-ingressgateway-78657896c5-nl846.istio-system resources:19 size:19.0kB cached:16/18
2022-10-11T15:28:41.019914Z	info	ads	EDS: PUSH for node:istio-ingressgateway-78657896c5-nl846.istio-system resources:18 size:4.0kB empty:0 cached:18/18
2022-10-11T15:28:41.019951Z	info	ads	LDS: PUSH for node:istio-ingressgateway-78657896c5-nl846.istio-system resources:0 size:0B
2022-10-11T15:28:41.017561Z	info	ads	LDS: PUSH for node:daniel-nonambient-vm.test resources:17 size:40.8kB
2022-10-11T15:28:41.020483Z	info	ads	LDS: PUSH for node:helloworld-v2-79bf565586-jfd78.sample resources:17 size:46.3kB
2022-10-11T15:28:41.020578Z	info	ads	RDS: PUSH for node:daniel-nonambient-vm.test resources:7 size:6.3kB cached:5/7
2022-10-11T15:28:41.020660Z	info	ads	NDS: PUSH for node:daniel-nonambient-vm.test resources:1 size:979B
2022-10-11T15:28:41.020929Z	info	ads	CDS: PUSH for node:helloworld-v1-77cb56d4b4-dfttf.sample resources:22 size:20.2kB cached:16/18
2022-10-11T15:28:41.020979Z	info	ads	RDS: PUSH for node:helloworld-v2-79bf565586-jfd78.sample resources:7 size:6.3kB cached:5/7
2022-10-11T15:28:41.021048Z	info	ads	EDS: PUSH for node:helloworld-v1-77cb56d4b4-dfttf.sample resources:18 size:4.0kB empty:0 cached:18/18
2022-10-11T15:28:41.023787Z	info	ads	LDS: PUSH for node:helloworld-v1-77cb56d4b4-dfttf.sample resources:17 size:46.3kB
2022-10-11T15:28:41.023989Z	info	ads	RDS: PUSH for node:helloworld-v1-77cb56d4b4-dfttf.sample resources:7 size:6.3kB cached:7/7
2022-10-11T15:29:14.321382Z	info	ads	ADS: "10.48.0.7:53912" istio-eastwestgateway-76f8655d4b-zj8dq.istio-system-2 terminated
2022-10-11T15:29:14.502938Z	info	ads	ADS: new connection for node:istio-eastwestgateway-76f8655d4b-zj8dq.istio-system-10
2022-10-11T15:29:14.503691Z	info	ads	CDS: PUSH request for node:istio-eastwestgateway-76f8655d4b-zj8dq.istio-system resources:37 size:28.2kB cached:18/18
2022-10-11T15:29:14.504390Z	info	ads	EDS: PUSH request for node:istio-eastwestgateway-76f8655d4b-zj8dq.istio-system resources:36 size:6.0kB empty:0 cached:36/36
2022-10-11T15:29:14.505013Z	info	ads	LDS: PUSH request for node:istio-eastwestgateway-76f8655d4b-zj8dq.istio-system resources:3 size:17.4kB
2022-10-11T15:38:33.609165Z	info	ads	Incremental push, service helloworld.ambient.svc.cluster.local at shard Kubernetes/cluster1 has no endpoints
2022-10-11T15:38:33.613007Z	info	ads	Incremental push, service sleep.ambient.svc.cluster.local at shard Kubernetes/cluster1 has no endpoints
2022-10-11T15:38:33.714147Z	info	ads	Push debounce stable[30] 2 for config ServiceEntry/ambient/helloworld.ambient.svc.cluster.local and 1 more configs: 100.669693ms since last change, 104.050504ms since last push, full=false
2022-10-11T15:38:33.714577Z	info	ads	XDS: Incremental Pushing:2022-10-11T15:28:41Z/21 ConnectedEndpoints:5 Version:2022-10-11T15:28:41Z/21
2022-10-11T15:38:33.863112Z	info	ads	Push debounce stable[31] 2 for config ServiceEntry/ambient/helloworld.ambient.svc.cluster.local and 1 more configs: 100.41077ms since last change, 114.821949ms since last push, full=true
2022-10-11T15:38:33.863987Z	info	ads	XDS: Pushing:2022-10-11T15:38:33Z/22 Services:8 ConnectedEndpoints:5 Version:2022-10-11T15:38:33Z/22
2022-10-11T15:38:33.865006Z	info	ads	CDS: PUSH for node:daniel-nonambient-vm.test resources:19 size:18.1kB cached:16/16
2022-10-11T15:38:33.865153Z	info	ads	EDS: PUSH for node:daniel-nonambient-vm.test resources:18 size:1.7kB empty:2 cached:16/18
2022-10-11T15:38:33.866578Z	info	ads	LDS: PUSH for node:daniel-nonambient-vm.test resources:17 size:40.8kB
2022-10-11T15:38:33.866727Z	info	ads	RDS: PUSH for node:daniel-nonambient-vm.test resources:7 size:5.1kB cached:7/7
2022-10-11T15:38:33.866956Z	info	ads	NDS: PUSH for node:daniel-nonambient-vm.test resources:1 size:813B
2022-10-11T15:38:33.867590Z	info	ads	CDS: PUSH for node:helloworld-v1-77cb56d4b4-dfttf.sample resources:20 size:18.3kB cached:16/16
2022-10-11T15:38:33.868680Z	info	ads	EDS: PUSH for node:helloworld-v1-77cb56d4b4-dfttf.sample resources:18 size:3.6kB empty:2 cached:16/18
2022-10-11T15:38:33.870384Z	info	ads	LDS: PUSH for node:helloworld-v1-77cb56d4b4-dfttf.sample resources:17 size:46.3kB
2022-10-11T15:38:33.867849Z	info	ads	CDS: PUSH for node:istio-eastwestgateway-76f8655d4b-zj8dq.istio-system resources:33 size:25.4kB cached:16/16
2022-10-11T15:38:33.868064Z	info	ads	CDS: PUSH for node:helloworld-v2-79bf565586-jfd78.sample resources:20 size:18.3kB cached:16/16
2022-10-11T15:38:33.871135Z	info	ads	EDS: PUSH for node:helloworld-v2-79bf565586-jfd78.sample resources:18 size:3.6kB empty:2 cached:16/18
2022-10-11T15:38:33.871279Z	info	ads	EDS: PUSH for node:istio-eastwestgateway-76f8655d4b-zj8dq.istio-system resources:36 size:5.6kB empty:4 cached:32/36
2022-10-11T15:38:33.871626Z	info	ads	LDS: PUSH for node:istio-eastwestgateway-76f8655d4b-zj8dq.istio-system resources:3 size:15.7kB
2022-10-11T15:38:33.868437Z	info	ads	CDS: PUSH for node:istio-ingressgateway-78657896c5-nl846.istio-system resources:17 size:17.0kB cached:16/16
2022-10-11T15:38:33.872033Z	info	ads	EDS: PUSH for node:istio-ingressgateway-78657896c5-nl846.istio-system resources:18 size:3.6kB empty:2 cached:16/18
2022-10-11T15:38:33.872170Z	info	ads	LDS: PUSH for node:istio-ingressgateway-78657896c5-nl846.istio-system resources:0 size:0B
2022-10-11T15:38:33.870548Z	info	ads	RDS: PUSH for node:helloworld-v1-77cb56d4b4-dfttf.sample resources:7 size:5.2kB cached:7/7
2022-10-11T15:38:33.872668Z	info	ads	LDS: PUSH for node:helloworld-v2-79bf565586-jfd78.sample resources:17 size:46.3kB
2022-10-11T15:38:33.872821Z	info	ads	RDS: PUSH for node:helloworld-v2-79bf565586-jfd78.sample resources:7 size:5.2kB cached:7/7
2022-10-11T15:38:33.873116Z	info	ads	EDS: PUSH request for node:daniel-nonambient-vm.test resources:16 size:1.6kB empty:0 cached:16/16
2022-10-11T15:38:33.875675Z	info	ads	EDS: PUSH request for node:helloworld-v1-77cb56d4b4-dfttf.sample resources:16 size:3.5kB empty:0 cached:16/16
2022-10-11T15:38:33.878307Z	info	ads	EDS: PUSH request for node:istio-ingressgateway-78657896c5-nl846.istio-system resources:16 size:3.5kB empty:0 cached:16/16
2022-10-11T15:38:33.881524Z	info	ads	EDS: PUSH request for node:helloworld-v2-79bf565586-jfd78.sample resources:16 size:3.5kB empty:0 cached:16/16
2022-10-11T15:38:33.884425Z	info	ads	EDS: PUSH request for node:istio-eastwestgateway-76f8655d4b-zj8dq.istio-system resources:32 size:5.4kB empty:0 cached:32/32
2022-10-11T15:39:06.218132Z	error	controllers	error handling /ambient, and retry budget exceeded: error when creating configmap istio-ca-root-cert: namespaces "ambient" not found	controller=namespace controller

