2022-10-11T15:16:53.435681Z	info	FLAG: --caCertFile=""
2022-10-11T15:16:53.435717Z	info	FLAG: --clusterAliases="[]"
2022-10-11T15:16:53.435722Z	info	FLAG: --clusterID="cluster1"
2022-10-11T15:16:53.435725Z	info	FLAG: --clusterRegistriesNamespace="istio-system"
2022-10-11T15:16:53.435727Z	info	FLAG: --configDir=""
2022-10-11T15:16:53.435730Z	info	FLAG: --ctrlz_address="localhost"
2022-10-11T15:16:53.435734Z	info	FLAG: --ctrlz_port="9876"
2022-10-11T15:16:53.435736Z	info	FLAG: --domain="cluster.local"
2022-10-11T15:16:53.435739Z	info	FLAG: --grpcAddr=":15010"
2022-10-11T15:16:53.435743Z	info	FLAG: --help="false"
2022-10-11T15:16:53.435746Z	info	FLAG: --httpAddr=":8080"
2022-10-11T15:16:53.435749Z	info	FLAG: --httpsAddr=":15017"
2022-10-11T15:16:53.435754Z	info	FLAG: --keepaliveInterval="30s"
2022-10-11T15:16:53.435901Z	info	FLAG: --keepaliveMaxServerConnectionAge="30m0s"
2022-10-11T15:16:53.435905Z	info	FLAG: --keepaliveTimeout="10s"
2022-10-11T15:16:53.435908Z	info	FLAG: --kubeconfig=""
2022-10-11T15:16:53.435913Z	info	FLAG: --kubernetesApiBurst="160"
2022-10-11T15:16:53.435921Z	info	FLAG: --kubernetesApiQPS="80"
2022-10-11T15:16:53.435934Z	info	FLAG: --log_as_json="false"
2022-10-11T15:16:53.435937Z	info	FLAG: --log_caller=""
2022-10-11T15:16:53.435940Z	info	FLAG: --log_output_level="default:info"
2022-10-11T15:16:53.435943Z	info	FLAG: --log_rotate=""
2022-10-11T15:16:53.435946Z	info	FLAG: --log_rotate_max_age="30"
2022-10-11T15:16:53.435949Z	info	FLAG: --log_rotate_max_backups="1000"
2022-10-11T15:16:53.435953Z	info	FLAG: --log_rotate_max_size="104857600"
2022-10-11T15:16:53.435957Z	info	FLAG: --log_stacktrace_level="default:none"
2022-10-11T15:16:53.436001Z	info	FLAG: --log_target="[stdout]"
2022-10-11T15:16:53.436010Z	info	FLAG: --meshConfig="./etc/istio/config/mesh"
2022-10-11T15:16:53.436013Z	info	FLAG: --monitoringAddr=":15014"
2022-10-11T15:16:53.436061Z	info	FLAG: --namespace="istio-system"
2022-10-11T15:16:53.436068Z	info	FLAG: --networksConfig="./etc/istio/config/meshNetworks"
2022-10-11T15:16:53.436071Z	info	FLAG: --profile="true"
2022-10-11T15:16:53.436086Z	info	FLAG: --registries="[Kubernetes]"
2022-10-11T15:16:53.436089Z	info	FLAG: --secureGRPCAddr=":15012"
2022-10-11T15:16:53.436101Z	info	FLAG: --shutdownDuration="10s"
2022-10-11T15:16:53.436154Z	info	FLAG: --tls-cipher-suites="[]"
2022-10-11T15:16:53.436169Z	info	FLAG: --tlsCertFile=""
2022-10-11T15:16:53.436171Z	info	FLAG: --tlsKeyFile=""
2022-10-11T15:16:53.436182Z	info	FLAG: --vklog="0"
2022-10-11T15:16:53.448675Z	info	initializing Istiod admin server
2022-10-11T15:16:53.448996Z	info	starting HTTP service at [::]:8080
2022-10-11T15:16:53.449075Z	info	klog	Config not found: /var/run/secrets/remote/config
2022-10-11T15:16:53.461393Z	info	initializing mesh configuration ./etc/istio/config/mesh
2022-10-11T15:16:53.464820Z	info	controllers	starting	controller=configmap istio
2022-10-11T15:16:53.465228Z	info	Loaded MeshNetworks config from Kubernetes API server.
2022-10-11T15:16:53.465245Z	info	mesh networks configuration updated to: {

}
2022-10-11T15:16:53.476815Z	info	Loaded MeshConfig config from Kubernetes API server.
2022-10-11T15:16:53.477193Z	info	mesh configuration updated to: {
    "proxyListenPort": 15001,
    "connectTimeout": "10s",
    "protocolDetectionTimeout": "0s",
    "ingressClass": "istio",
    "ingressService": "istio-ingressgateway",
    "ingressControllerMode": "STRICT",
    "enableTracing": true,
    "defaultConfig": {
        "configPath": "./etc/istio/proxy",
        "binaryPath": "/usr/local/bin/envoy",
        "serviceCluster": "istio-proxy",
        "drainDuration": "45s",
        "parentShutdownDuration": "60s",
        "discoveryAddress": "istiod.istio-system.svc:15012",
        "proxyAdminPort": 15000,
        "controlPlaneAuthPolicy": "MUTUAL_TLS",
        "statNameLength": 189,
        "concurrency": 2,
        "tracing": {
            "zipkin": {
                "address": "zipkin.istio-system:9411"
            }
        },
        "proxyMetadata": {
            "ISTIO_META_ENABLE_HBONE": "true"
        },
        "statusPort": 15020,
        "terminationDrainDuration": "5s",
        "meshId": "mesh1"
    },
    "outboundTrafficPolicy": {
        "mode": "ALLOW_ANY"
    },
    "enableAutoMtls": true,
    "trustDomain": "cluster.local",
    "defaultServiceExportTo": [
        "*"
    ],
    "defaultVirtualServiceExportTo": [
        "*"
    ],
    "defaultDestinationRuleExportTo": [
        "*"
    ],
    "rootNamespace": "istio-system",
    "localityLbSetting": {
        "enabled": true
    },
    "dnsRefreshRate": "60s",
    "thriftConfig": {

    },
    "enablePrometheusMerge": true,
    "extensionProviders": [
        {
            "name": "prometheus",
            "prometheus": {

            }
        },
        {
            "name": "stackdriver",
            "stackdriver": {

            }
        },
        {
            "name": "envoy",
            "envoyFileAccessLog": {
                "path": "/dev/stdout"
            }
        }
    ],
    "defaultProviders": {
        "metrics": [
            "prometheus"
        ]
    },
    "ambientMesh": {

    }
}
2022-10-11T15:16:53.480665Z	info	initializing mesh networks from mesh config watcher
2022-10-11T15:16:53.480837Z	info	mesh configuration: {
    "proxyListenPort": 15001,
    "connectTimeout": "10s",
    "protocolDetectionTimeout": "0s",
    "ingressClass": "istio",
    "ingressService": "istio-ingressgateway",
    "ingressControllerMode": "STRICT",
    "enableTracing": true,
    "defaultConfig": {
        "configPath": "./etc/istio/proxy",
        "binaryPath": "/usr/local/bin/envoy",
        "serviceCluster": "istio-proxy",
        "drainDuration": "45s",
        "parentShutdownDuration": "60s",
        "discoveryAddress": "istiod.istio-system.svc:15012",
        "proxyAdminPort": 15000,
        "controlPlaneAuthPolicy": "MUTUAL_TLS",
        "statNameLength": 189,
        "concurrency": 2,
        "tracing": {
            "zipkin": {
                "address": "zipkin.istio-system:9411"
            }
        },
        "proxyMetadata": {
            "ISTIO_META_ENABLE_HBONE": "true"
        },
        "statusPort": 15020,
        "terminationDrainDuration": "5s",
        "meshId": "mesh1"
    },
    "outboundTrafficPolicy": {
        "mode": "ALLOW_ANY"
    },
    "enableAutoMtls": true,
    "trustDomain": "cluster.local",
    "defaultServiceExportTo": [
        "*"
    ],
    "defaultVirtualServiceExportTo": [
        "*"
    ],
    "defaultDestinationRuleExportTo": [
        "*"
    ],
    "rootNamespace": "istio-system",
    "localityLbSetting": {
        "enabled": true
    },
    "dnsRefreshRate": "60s",
    "thriftConfig": {

    },
    "enablePrometheusMerge": true,
    "extensionProviders": [
        {
            "name": "prometheus",
            "prometheus": {

            }
        },
        {
            "name": "stackdriver",
            "stackdriver": {

            }
        },
        {
            "name": "envoy",
            "envoyFileAccessLog": {
                "path": "/dev/stdout"
            }
        }
    ],
    "defaultProviders": {
        "metrics": [
            "prometheus"
        ]
    },
    "ambientMesh": {

    }
}
2022-10-11T15:16:53.480848Z	info	version: 1.16-dev-c316bcfa85b05391c196f004a15d1ccdc3b80697-dirty-Clean
2022-10-11T15:16:53.481110Z	info	flags: {
   "ServerOptions": {
      "HTTPAddr": ":8080",
      "HTTPSAddr": ":15017",
      "GRPCAddr": ":15010",
      "MonitoringAddr": ":15014",
      "EnableProfiling": true,
      "TLSOptions": {
         "CaCertFile": "",
         "CertFile": "",
         "KeyFile": "",
         "TLSCipherSuites": null,
         "CipherSuits": null
      },
      "SecureGRPCAddr": ":15012"
   },
   "InjectionOptions": {
      "InjectionDirectory": "./var/lib/istio/inject"
   },
   "PodName": "istiod-b8fd96f55-w7lq6",
   "Namespace": "istio-system",
   "Revision": "default",
   "MeshConfigFile": "./etc/istio/config/mesh",
   "NetworksConfigFile": "./etc/istio/config/meshNetworks",
   "RegistryOptions": {
      "FileDir": "",
      "Registries": [
         "Kubernetes"
      ],
      "KubeOptions": {
         "SystemNamespace": "",
         "MeshServiceController": null,
         "DomainSuffix": "cluster.local",
         "ClusterID": "cluster1",
         "ClusterAliases": {},
         "Metrics": null,
         "XDSUpdater": null,
         "NetworksWatcher": null,
         "MeshWatcher": null,
         "EndpointMode": 1,
         "KubernetesAPIQPS": 80,
         "KubernetesAPIBurst": 160,
         "SyncTimeout": 0,
         "DiscoveryNamespacesFilter": null
      },
      "ClusterRegistriesNamespace": "istio-system",
      "KubeConfig": "",
      "DistributionCacheRetention": 60000000000,
      "DistributionTrackingEnabled": false
   },
   "CtrlZOptions": {
      "Port": 9876,
      "Address": "localhost"
   },
   "KeepaliveOptions": {
      "Time": 30000000000,
      "Timeout": 10000000000,
      "MaxServerConnectionAge": 1800000000000,
      "MaxServerConnectionAgeGrace": 10000000000
   },
   "ShutdownDuration": 10000000000,
   "JwtRule": ""
}
2022-10-11T15:16:53.481118Z	info	initializing mesh handlers
2022-10-11T15:16:53.481169Z	info	model	reloading network gateways
2022-10-11T15:16:53.481181Z	info	creating CA and initializing public key
2022-10-11T15:16:53.481196Z	info	Using istiod file format for signing ca files
2022-10-11T15:16:53.481208Z	info	Use self-signed certificate as the CA certificate
2022-10-11T15:16:53.484722Z	info	pkica	Failed to get secret (error: secrets "istio-ca-secret" not found), will create one
2022-10-11T15:16:53.647490Z	info	pkica	Using self-generated public key: -----BEGIN CERTIFICATE-----
MIIC/DCCAeSgAwIBAgIQPWRNNt9d7axuRBv1pWfBKTANBgkqhkiG9w0BAQsFADAY
MRYwFAYDVQQKEw1jbHVzdGVyLmxvY2FsMB4XDTIyMTAxMTE1MTY1M1oXDTMyMTAw
ODE1MTY1M1owGDEWMBQGA1UEChMNY2x1c3Rlci5sb2NhbDCCASIwDQYJKoZIhvcN
AQEBBQADggEPADCCAQoCggEBANVT7XjH9QpMpeRYbceIUDo9QQEntE34jUrewqVa
vxKFaOmQvd7GYcKFd2OJ61suyFBHa/Js9ei2JuC+M6CP4xpfr31RAwWL7n7CBgyU
WVIuTInFZe1PzbAzu8en8NQv9aXIn7PncdwZcbV79OlZ+kJMzT+BGg9sw2qsUqU0
8Gm0MaKBNp38CS8WgHdlZdZh0/jSSBNluX0gn9DG6dThHlmTJtYtzkMGeYMYUP7F
iIgleF35p9mkS9YFCxDUNgESThmHWfvCGx7SjiLbQ/pDY//WvKNAiJwghpkt0+66
I7z2os5NzEXMbrDrKTGm99FlIBXAfbzOQdZvV6PE4I4SoYkCAwEAAaNCMEAwDgYD
VR0PAQH/BAQDAgIEMA8GA1UdEwEB/wQFMAMBAf8wHQYDVR0OBBYEFFCfJgvUQmmF
JZxvgjw2QFBbnvfUMA0GCSqGSIb3DQEBCwUAA4IBAQB5NAtw7tirpDPerLsrQ5EG
+fy+y6FMykFh9DN7j1stk6Sf5te3gpNGgrRgDZxx2RqxmXMUmk3RtIpIgklVXJaE
6YY0GdCeJVoAnHQeqiuG4xROmPfoKSiOnZf2VZtovpWPO3zIG8Yu6LLvtW0aQxOD
3DLbOQjYxR1YVDKMk64odYZQJ618jzdjVHCuKMwLrXWYk4D2KHasEbnEqy1MvwkL
OKt4zcAdR3iQ3GKE7wKEeORaweeYhH5YQyX4mFGM0ODGftsJeak5jGS/Reo296/8
MvpMhzGT6xDdsCbOWOUxAG9l0KTXx16tCkX60QDrAYvbE0t0mYMqDG5+klrMCwHR
-----END CERTIFICATE-----

2022-10-11T15:16:53.647536Z	info	rootcertrotator	Set up back off time 59m35s to start rotator.
2022-10-11T15:16:53.647565Z	info	initializing controllers
2022-10-11T15:16:53.647634Z	info	No certificates specified, skipping K8S DNS certificate controller
2022-10-11T15:16:53.647852Z	info	rootcertrotator	Jitter is enabled, wait 59m35s before starting root cert rotator.
2022-10-11T15:16:53.776276Z	info	kube	notifying watchers gateway.networking.k8s.io/v1alpha2/GatewayClass was created	controller=crd-controller
2022-10-11T15:16:53.776321Z	info	kube	notifying watchers gateway.networking.k8s.io/v1alpha2/Gateway was created	controller=crd-controller
2022-10-11T15:16:53.776347Z	warn	kube	Skipping CRD gateway.networking.k8s.io/v1alpha2/ReferenceGrant as it is not present	controller=crd-controller
2022-10-11T15:16:53.776772Z	info	Adding Kubernetes registry adapter
2022-10-11T15:16:53.776816Z	info	initializing Istiod DNS certificates host: istiod.istio-system.svc, custom host: 
2022-10-11T15:16:54.009093Z	warn	discovery is not ready: <nil>
2022-10-11T15:16:54.185015Z	info	Generating istiod-signed cert for [istiod.istio-system.svc istiod-remote.istio-system.svc istio-pilot.istio-system.svc]:
 -----BEGIN CERTIFICATE-----
MIIDaTCCAlGgAwIBAgIQKMYVbfhGSN5QBwCFtZbDjTANBgkqhkiG9w0BAQsFADAY
MRYwFAYDVQQKEw1jbHVzdGVyLmxvY2FsMB4XDTIyMTAxMTE1MTQ1NFoXDTMyMTAw
ODE1MTY1NFowADCCASIwDQYJKoZIhvcNAQEBBQADggEPADCCAQoCggEBAMCDOJl9
6DNefNnYzv3b+T+4yRdNbCaqWIZfYWW21aD1prB2qEKIgTVgcnwIaBTxTqRvy9/Y
0GNHJFKWZDWPiJrQikNrA4jJeGBPUQfL3MPESw/YFcqBMLZKAzmvO480UUAikBvg
N8GygyOLC/3kY2Y5GCq92fPjs3BY8j/swNRqE/RjrUMy1ny12wAFo4vuof2tL3Sm
ywaqYXDuVGjhWTzSI11ebYFvM0OY1s1CB6knfAUObeG9bXpQZkdq6NFiYyfaVqPQ
0lOLer3nZO5mTLfUVgHhT5gAKN361Kz9FW43uYLabvlCaRGH8UtiFa9ZJxkcEDpa
DM0HuGMwqotbGQECAwEAAaOBxjCBwzAOBgNVHQ8BAf8EBAMCBaAwHQYDVR0lBBYw
FAYIKwYBBQUHAwEGCCsGAQUFBwMCMAwGA1UdEwEB/wQCMAAwHwYDVR0jBBgwFoAU
UJ8mC9RCaYUlnG+CPDZAUFue99QwYwYDVR0RAQH/BFkwV4IXaXN0aW9kLmlzdGlv
LXN5c3RlbS5zdmOCHmlzdGlvZC1yZW1vdGUuaXN0aW8tc3lzdGVtLnN2Y4IcaXN0
aW8tcGlsb3QuaXN0aW8tc3lzdGVtLnN2YzANBgkqhkiG9w0BAQsFAAOCAQEArkPN
j1B0qdp7QKcN36EqKyzr39fMEnNFe17UiSLkQ5p4aD6pYoLhHeuJ9Rb6b33pZybR
Q0Wnhlcz1OFW0JwdY5O28y3TXFzqe5kW1IZPBYSUa2GTGV3cMrUM71RRitlJ+E8e
fQnI01INQGCs0SaWTR8TwCrpx0va3h9OxWE0yVhcVjOyQhWIpZvmWhmbr9yjXYGI
Qm1O+jVgw04k6yThaYWjrYRolaT7D7VgBKSXbilwjY2a2U83mV3DCvfmbGw1VK7f
U4CWvEj7LuP8qXZWBfm4pM+wjVV/g7VnhCbbCfrDsrHT16NMyAuuEfIpENLer0tP
r2hkJ/xOProbOW7J5g==
-----END CERTIFICATE-----

2022-10-11T15:16:54.185067Z	info	Using istiod file format for signing ca files
2022-10-11T15:16:54.185078Z	info	No plugged-in cert at etc/cacerts/ca-key.pem; self-signed cert is used
2022-10-11T15:16:54.185239Z	info	x509 cert - Issuer: "O=cluster.local", Subject: "", SN: 28c6156df84648de50070085b596c38d, NotBefore: "2022-10-11T15:14:54Z", NotAfter: "2032-10-08T15:16:54Z"
2022-10-11T15:16:54.185251Z	info	Istiod certificates are reloaded
2022-10-11T15:16:54.185303Z	info	spiffe	Added 1 certs to trust domain cluster.local in peer cert verifier
2022-10-11T15:16:54.185312Z	info	initializing secure discovery service
2022-10-11T15:16:54.185371Z	info	initializing secure webhook server for istiod webhooks
2022-10-11T15:16:54.194509Z	info	initializing sidecar injector
2022-10-11T15:16:54.209947Z	info	initializing config validator
2022-10-11T15:16:54.209976Z	info	initializing registry event handlers
2022-10-11T15:16:54.210072Z	info	starting discovery service
2022-10-11T15:16:54.212125Z	info	Starting Istiod Server with primary cluster cluster1
2022-10-11T15:16:54.212254Z	info	kube	Initializing Kubernetes service registry "cluster1"
2022-10-11T15:16:54.212358Z	info	kube	should join leader-election for cluster cluster1: false
2022-10-11T15:16:54.212364Z	info	ambient	starting ambient controller for cluster1
2022-10-11T15:16:54.212416Z	info	initializing Kubernetes credential reader for cluster cluster1
2022-10-11T15:16:54.213229Z	info	ControlZ available at 127.0.0.1:9876
2022-10-11T15:16:54.213956Z	info	klog	attempting to acquire leader lease istio-system/istio-ambient-controller...
2022-10-11T15:16:54.215569Z	info	Starting multicluster remote secrets controller
2022-10-11T15:16:54.217323Z	info	controllers	starting	controller=ambient workload cache
2022-10-11T15:16:54.217398Z	info	controllers	starting	controller=default revision
2022-10-11T15:16:54.217484Z	info	status	Starting status manager
2022-10-11T15:16:54.220290Z	info	Starting validation controller
2022-10-11T15:16:54.220387Z	info	Starting ADS server
2022-10-11T15:16:54.220413Z	info	Starting IstioD CA
2022-10-11T15:16:54.220423Z	info	JWT policy is third-party-jwt
2022-10-11T15:16:54.220707Z	info	Istiod CA has started
2022-10-11T15:16:54.221147Z	info	controllers	starting	controller=ingress
2022-10-11T15:16:54.221504Z	info	controllers	starting	controller=webhook patcher
2022-10-11T15:16:54.221794Z	info	klog	attempting to acquire leader lease istio-system/istio-gateway-deployment-leader...
2022-10-11T15:16:54.222553Z	info	controllers	starting	controller=unregister_workloadentry
2022-10-11T15:16:54.223744Z	info	klog	attempting to acquire leader lease istio-system/istio-gateway-status-leader...
2022-10-11T15:16:54.224025Z	info	klog	attempting to acquire leader lease istio-system/istio-leader...
2022-10-11T15:16:54.224237Z	info	controllers	starting	controller=default revision
2022-10-11T15:16:54.224639Z	info	controllers	starting	controller=default revision
2022-10-11T15:16:54.224749Z	info	controllers	starting	controller=default revision
2022-10-11T15:16:54.225144Z	info	controllers	starting	controller=healthcheck
2022-10-11T15:16:54.226652Z	info	kube	Starting Pilot K8S CRD controller	controller=crd-controller
2022-10-11T15:16:54.226686Z	info	kube	controller "networking.istio.io/v1alpha3/DestinationRule" is syncing...	controller=crd-controller
2022-10-11T15:16:54.229405Z	info	kube	controller "security.istio.io/v1beta1/RequestAuthentication" is syncing...	controller=crd-controller
2022-10-11T15:16:54.232728Z	info	multicluster remote secrets controller cache synced in 17.161979ms
2022-10-11T15:16:54.232820Z	info	controllers	starting	controller=multicluster secret
2022-10-11T15:16:54.234160Z	info	kube	controller "networking.istio.io/v1alpha3/Sidecar" is syncing...	controller=crd-controller
2022-10-11T15:16:54.237133Z	info	controllers	starting	controller=configmap istio-sidecar-injector
2022-10-11T15:16:54.242204Z	info	kube	controller "networking.istio.io/v1alpha3/WorkloadGroup" is syncing...	controller=crd-controller
2022-10-11T15:16:54.258857Z	info	kube	controller "security.istio.io/v1beta1/AuthorizationPolicy" is syncing...	controller=crd-controller
2022-10-11T15:16:54.291658Z	info	kube	controller "telemetry.istio.io/v1alpha1/Telemetry" is syncing...	controller=crd-controller
2022-10-11T15:16:54.326710Z	info	klog	successfully acquired lease istio-system/istio-ambient-controller
2022-10-11T15:16:54.326790Z	info	leader election lock obtained: istio-ambient-controller
2022-10-11T15:16:54.326864Z	info	ambient	Starting ambient mesh auto-labeler
2022-10-11T15:16:54.327138Z	info	controllers	starting	controller=waypoint proxy
2022-10-11T15:16:54.327150Z	info	controllers	starting	controller=ambient label controller
2022-10-11T15:16:54.340059Z	info	klog	successfully acquired lease istio-system/istio-leader
2022-10-11T15:16:54.340176Z	info	leader election lock obtained: istio-leader
2022-10-11T15:16:54.340675Z	info	klog	successfully acquired lease istio-system/istio-gateway-deployment-leader
2022-10-11T15:16:54.340768Z	info	leader election lock obtained: istio-gateway-deployment-leader
2022-10-11T15:16:54.341676Z	info	klog	successfully acquired lease istio-system/istio-gateway-status-leader
2022-10-11T15:16:54.341816Z	info	leader election lock obtained: istio-gateway-status-leader
2022-10-11T15:16:54.341838Z	info	Starting gateway status writer
2022-10-11T15:16:54.351020Z	info	ads	Full push, new service kube-system/kube-dns.kube-system.svc.cluster.local
2022-10-11T15:16:54.351183Z	info	ads	Full push, new service kube-system/default-http-backend.kube-system.svc.cluster.local
2022-10-11T15:16:54.351256Z	info	ads	Full push, new service kube-system/metrics-server.kube-system.svc.cluster.local
2022-10-11T15:16:54.351356Z	info	ads	Full push, new service sample/helloworld.sample.svc.cluster.local
2022-10-11T15:16:54.351432Z	info	ads	Incremental push, service istiod.istio-system.svc.cluster.local at shard Kubernetes/cluster1 has no endpoints
2022-10-11T15:16:54.351500Z	info	ads	Full push, new service default/kubernetes.default.svc.cluster.local
2022-10-11T15:16:54.352233Z	info	ads	Incremental push, service istiod.istio-system.svc.cluster.local at shard Kubernetes/cluster1 has no endpoints
2022-10-11T15:16:54.352496Z	info	kube	kube controller for cluster1 synced after 131.212844ms
2022-10-11T15:16:54.352763Z	info	ads	Incremental push, service istiod.istio-system.svc.cluster.local at shard Kubernetes/cluster1 has no endpoints
2022-10-11T15:16:54.353535Z	info	validationController	Not ready to switch validation to fail-closed: dummy invalid config not rejected
2022-10-11T15:16:54.358697Z	info	kube	Pilot K8S CRD controller synced in 132.044037ms	controller=crd-controller
2022-10-11T15:16:54.380877Z	info	validationController	Successfully updated validatingwebhookconfiguration istio-validator-istio-system (failurePolicy=Ignore,resourceVersion=3630)
2022-10-11T15:16:54.414424Z	info	validationController	Not ready to switch validation to fail-closed: dummy invalid config not rejected
2022-10-11T15:16:54.414454Z	info	validationController	validatingwebhookconfiguration istio-validator-istio-system (failurePolicy=Ignore, resourceVersion=3630) is up-to-date. No change required.
2022-10-11T15:16:54.423033Z	info	Waiting for caches to be synced
2022-10-11T15:16:54.423064Z	info	kube	joining leader-election for istio-namespace-controller-election in istio-system on cluster cluster1
2022-10-11T15:16:54.423171Z	info	All controller caches have been synced up in 137.408µs
2022-10-11T15:16:54.423313Z	info	klog	attempting to acquire leader lease istio-system/istio-namespace-controller-election...
2022-10-11T15:16:54.423390Z	info	controllers	starting	controller=default revision
2022-10-11T15:16:54.427568Z	info	controllers	starting	controller=gateway class
2022-10-11T15:16:54.440628Z	info	Starting ingress controller
2022-10-11T15:16:54.440732Z	warn	Missing ingress, skip status updates
2022-10-11T15:16:54.441664Z	info	controllers	starting	controller=gateway deployment
2022-10-11T15:16:54.445421Z	info	klog	successfully acquired lease istio-system/istio-namespace-controller-election
2022-10-11T15:16:54.445573Z	info	leader election lock obtained: istio-namespace-controller-election
2022-10-11T15:16:54.445606Z	info	kube	starting namespace controller for cluster cluster1
2022-10-11T15:16:54.544629Z	info	ads	Push debounce stable[1] 37 for reason secret and 36 more reasons: 100.791859ms since last change, 275.258215ms since last push, full=true
2022-10-11T15:16:54.545673Z	info	ads	XDS: Pushing:2022-10-11T15:16:54Z/1 Services:6 ConnectedEndpoints:0 Version:2022-10-11T15:16:54Z/1
2022-10-11T15:16:54.545965Z	info	controllers	starting	controller=namespace controller
2022-10-11T15:16:54.551262Z	info	ads	All caches have been synced up in 1.121869541s, marking server ready
2022-10-11T15:16:54.551454Z	info	starting gRPC discovery service at [::]:15010
2022-10-11T15:16:54.551559Z	info	starting webhook service at [::]:15017
2022-10-11T15:16:54.551677Z	info	starting secure gRPC discovery service at [::]:15012
2022-10-11T15:16:54.653186Z	info	ads	Push debounce stable[2] 1 for config GatewayClass//istio: 101.006197ms since last change, 101.005985ms since last push, full=true
2022-10-11T15:16:54.653687Z	info	ads	XDS: Pushing:2022-10-11T15:16:54Z/2 Services:6 ConnectedEndpoints:0 Version:2022-10-11T15:16:54Z/2
2022-10-11T15:16:55.064089Z	info	ads	Full push, new service istio-system/istiod.istio-system.svc.cluster.local
2022-10-11T15:16:55.165170Z	info	ads	Push debounce stable[3] 1 for config ServiceEntry/istio-system/istiod.istio-system.svc.cluster.local: 101.004108ms since last change, 101.003902ms since last push, full=true
2022-10-11T15:16:55.165916Z	info	ads	XDS: Pushing:2022-10-11T15:16:55Z/3 Services:6 ConnectedEndpoints:0 Version:2022-10-11T15:16:55Z/3
2022-10-11T15:16:55.275906Z	info	validationServer	configuration is invalid: gateway must have at least one server
2022-10-11T15:16:55.278176Z	info	validationController	Endpoint successfully rejected invalid config. Switching to fail-close.
2022-10-11T15:16:55.289570Z	info	validationController	Successfully updated validatingwebhookconfiguration istio-validator-istio-system (failurePolicy=Fail,resourceVersion=3650)
2022-10-11T15:16:55.294442Z	info	validationController	validatingwebhookconfiguration istio-validator-istio-system (failurePolicy=Fail, resourceVersion=3650) is up-to-date. No change required.
2022-10-11T15:16:55.385480Z	info	validationController	validatingwebhookconfiguration istio-validator-istio-system (failurePolicy=Fail, resourceVersion=3650) is up-to-date. No change required.
2022-10-11T15:16:59.325246Z	info	ads	Push debounce stable[4] 4 for config GatewayClass//gke-l7-rilb and 1 more configs: 101.071368ms since last change, 143.493248ms since last push, full=true
2022-10-11T15:16:59.325979Z	info	ads	XDS: Pushing:2022-10-11T15:16:59Z/4 Services:6 ConnectedEndpoints:0 Version:2022-10-11T15:16:59Z/4
2022-10-11T15:16:59.439340Z	info	ads	Push debounce stable[5] 1 for config GatewayClass//gke-l7-rilb: 100.223448ms since last change, 100.223264ms since last push, full=true
2022-10-11T15:16:59.439850Z	info	ads	XDS: Pushing:2022-10-11T15:16:59Z/5 Services:6 ConnectedEndpoints:0 Version:2022-10-11T15:16:59Z/5
2022-10-11T15:17:06.161722Z	info	ads	Push debounce stable[6] 1 for reason ambient: 100.615521ms since last change, 100.615298ms since last push, full=true
2022-10-11T15:17:06.162666Z	info	ads	XDS: Pushing:2022-10-11T15:17:06Z/6 Services:6 ConnectedEndpoints:0 Version:2022-10-11T15:17:06Z/6
2022-10-11T15:17:08.769219Z	info	ads	Push debounce stable[7] 1 for reason ambient: 100.57525ms since last change, 100.575014ms since last push, full=true
2022-10-11T15:17:08.770095Z	info	ads	XDS: Pushing:2022-10-11T15:17:08Z/7 Services:6 ConnectedEndpoints:0 Version:2022-10-11T15:17:08Z/7
2022-10-11T15:17:09.172566Z	info	ads	Push debounce stable[8] 1 for reason ambient: 100.31813ms since last change, 100.317673ms since last push, full=true
2022-10-11T15:17:09.174127Z	info	ads	XDS: Pushing:2022-10-11T15:17:09Z/8 Services:6 ConnectedEndpoints:0 Version:2022-10-11T15:17:09Z/8
2022-10-11T15:17:09.429843Z	info	ads	ADS: new connection for node:ztunnel-g4x4p.istio-system-1
2022-10-11T15:17:09.431762Z	info	ads	CDS: PUSH request for node:ztunnel-g4x4p.istio-system resources:15 size:6.4kB
2022-10-11T15:17:09.441078Z	info	ads	EDS: PUSH request for node:ztunnel-g4x4p.istio-system resources:10 size:1.5kB
2022-10-11T15:17:09.444240Z	info	ads	LDS: PUSH request for node:ztunnel-g4x4p.istio-system resources:4 size:9.2kB
2022-10-11T15:17:09.452249Z	info	ads	ECDS: PUSH request for node:ztunnel-g4x4p.istio-system resources:1 size:157B
2022-10-11T15:17:10.099425Z	info	ads	CDS: PUSH for node:ztunnel-g4x4p.istio-system resources:15 size:6.4kB
2022-10-11T15:17:10.099660Z	info	ads	EDS: PUSH for node:ztunnel-g4x4p.istio-system resources:10 size:1.5kB
2022-10-11T15:17:10.099963Z	info	ads	LDS: PUSH for node:ztunnel-g4x4p.istio-system resources:4 size:9.2kB
2022-10-11T15:17:10.099998Z	info	ads	ECDS: PUSH for node:ztunnel-g4x4p.istio-system resources:1 size:157B
2022-10-11T15:17:10.199011Z	info	ads	Push debounce stable[9] 2 for reason ambient and 1 more reasons: 100.157308ms since last change, 117.514952ms since last push, full=true
2022-10-11T15:17:10.199870Z	info	ads	XDS: Pushing:2022-10-11T15:17:10Z/9 Services:6 ConnectedEndpoints:1 Version:2022-10-11T15:17:10Z/9
2022-10-11T15:17:10.200369Z	info	ads	CDS: PUSH for node:ztunnel-g4x4p.istio-system resources:15 size:6.4kB
2022-10-11T15:17:10.200514Z	info	ads	EDS: PUSH for node:ztunnel-g4x4p.istio-system resources:10 size:1.5kB
2022-10-11T15:17:10.200795Z	info	ads	LDS: PUSH for node:ztunnel-g4x4p.istio-system resources:4 size:9.2kB
2022-10-11T15:17:10.200836Z	info	ads	ECDS: PUSH for node:ztunnel-g4x4p.istio-system resources:1 size:157B
2022-10-11T15:17:10.842771Z	info	ads	Push debounce stable[10] 1 for reason ambient: 100.334333ms since last change, 100.333777ms since last push, full=true
2022-10-11T15:17:10.843997Z	info	ads	XDS: Pushing:2022-10-11T15:17:10Z/10 Services:6 ConnectedEndpoints:1 Version:2022-10-11T15:17:10Z/10
2022-10-11T15:17:10.844538Z	info	ads	CDS: PUSH for node:ztunnel-g4x4p.istio-system resources:15 size:6.4kB
2022-10-11T15:17:10.844691Z	info	ads	EDS: PUSH for node:ztunnel-g4x4p.istio-system resources:10 size:1.5kB
2022-10-11T15:17:10.844946Z	info	ads	LDS: PUSH for node:ztunnel-g4x4p.istio-system resources:4 size:9.2kB
2022-10-11T15:17:10.844978Z	info	ads	ECDS: PUSH for node:ztunnel-g4x4p.istio-system resources:1 size:157B
2022-10-11T15:17:11.016319Z	info	ads	ADS: new connection for node:ztunnel-w7skd.istio-system-2
2022-10-11T15:17:11.017464Z	info	ads	CDS: PUSH request for node:ztunnel-w7skd.istio-system resources:18 size:8.0kB
2022-10-11T15:17:11.205868Z	info	ads	EDS: PUSH request for node:ztunnel-w7skd.istio-system resources:10 size:1.5kB
2022-10-11T15:17:11.210481Z	info	ads	LDS: PUSH request for node:ztunnel-w7skd.istio-system resources:4 size:33.4kB
2022-10-11T15:17:11.220837Z	info	ads	ECDS: PUSH request for node:ztunnel-w7skd.istio-system resources:1 size:351B
2022-10-11T15:17:11.698101Z	info	ads	CDS: PUSH for node:ztunnel-w7skd.istio-system resources:18 size:8.0kB
2022-10-11T15:17:11.698887Z	info	ads	EDS: PUSH for node:ztunnel-w7skd.istio-system resources:10 size:1.5kB
2022-10-11T15:17:11.700226Z	info	ads	LDS: PUSH for node:ztunnel-w7skd.istio-system resources:4 size:33.4kB
2022-10-11T15:17:11.700388Z	info	ads	ECDS: PUSH for node:ztunnel-w7skd.istio-system resources:1 size:351B
2022-10-11T15:17:11.798329Z	info	ads	Push debounce stable[11] 2 for reason ambient and 1 more reasons: 100.632503ms since last change, 123.416531ms since last push, full=true
2022-10-11T15:17:11.799383Z	info	ads	XDS: Pushing:2022-10-11T15:17:11Z/11 Services:6 ConnectedEndpoints:2 Version:2022-10-11T15:17:11Z/11
2022-10-11T15:17:11.799889Z	info	ads	CDS: PUSH for node:ztunnel-g4x4p.istio-system resources:15 size:6.4kB
2022-10-11T15:17:11.799898Z	info	ads	CDS: PUSH for node:ztunnel-w7skd.istio-system resources:18 size:8.0kB
2022-10-11T15:17:11.800313Z	info	ads	EDS: PUSH for node:ztunnel-g4x4p.istio-system resources:10 size:1.5kB
2022-10-11T15:17:11.800709Z	info	ads	EDS: PUSH for node:ztunnel-w7skd.istio-system resources:10 size:1.5kB
2022-10-11T15:17:11.801033Z	info	ads	LDS: PUSH for node:ztunnel-g4x4p.istio-system resources:4 size:9.2kB
2022-10-11T15:17:11.801182Z	info	ads	ECDS: PUSH for node:ztunnel-g4x4p.istio-system resources:1 size:157B
2022-10-11T15:17:11.801918Z	info	ads	LDS: PUSH for node:ztunnel-w7skd.istio-system resources:4 size:33.4kB
2022-10-11T15:17:11.802082Z	info	ads	ECDS: PUSH for node:ztunnel-w7skd.istio-system resources:1 size:351B
2022-10-11T15:17:12.695557Z	info	ads	Incremental push, service istio-ingressgateway.istio-system.svc.cluster.local at shard Kubernetes/cluster1 has no endpoints
2022-10-11T15:17:12.818476Z	info	ads	Incremental push, service istio-ingressgateway.istio-system.svc.cluster.local at shard Kubernetes/cluster1 has no endpoints
2022-10-11T15:17:12.918863Z	info	ads	Push debounce stable[12] 4 for config ServiceEntry/istio-system/istio-ingressgateway.istio-system.svc.cluster.local: 100.316734ms since last change, 265.348086ms since last push, full=true
2022-10-11T15:17:12.919600Z	info	ads	XDS: Pushing:2022-10-11T15:17:12Z/12 Services:7 ConnectedEndpoints:2 Version:2022-10-11T15:17:12Z/12
2022-10-11T15:17:12.920097Z	info	ads	CDS: PUSH for node:ztunnel-w7skd.istio-system resources:21 size:9.8kB
2022-10-11T15:17:12.920231Z	info	ads	EDS: PUSH for node:ztunnel-w7skd.istio-system resources:10 size:1.5kB
2022-10-11T15:17:12.920096Z	info	ads	CDS: PUSH for node:ztunnel-g4x4p.istio-system resources:18 size:8.3kB
2022-10-11T15:17:12.920529Z	info	ads	EDS: PUSH for node:ztunnel-g4x4p.istio-system resources:10 size:1.5kB
2022-10-11T15:17:12.920798Z	info	ads	LDS: PUSH for node:ztunnel-g4x4p.istio-system resources:4 size:9.2kB
2022-10-11T15:17:12.920849Z	info	ads	ECDS: PUSH for node:ztunnel-g4x4p.istio-system resources:1 size:157B
2022-10-11T15:17:12.921196Z	info	ads	LDS: PUSH for node:ztunnel-w7skd.istio-system resources:4 size:39.1kB
2022-10-11T15:17:12.921264Z	info	ads	ECDS: PUSH for node:ztunnel-w7skd.istio-system resources:1 size:351B
2022-10-11T15:17:12.924261Z	warn	ambientgen	no endpoint shards for istio-system/istio-ingressgateway
2022-10-11T15:17:12.924323Z	warn	ambientgen	no endpoint shards for istio-system/istio-ingressgateway
2022-10-11T15:17:12.924339Z	warn	ambientgen	no endpoint shards for istio-system/istio-ingressgateway
2022-10-11T15:17:12.924372Z	info	ads	EDS: PUSH request for node:ztunnel-g4x4p.istio-system resources:3 size:379B filtered:10
2022-10-11T15:17:12.937052Z	warn	ambientgen	no endpoint shards for istio-system/istio-ingressgateway
2022-10-11T15:17:12.937074Z	warn	ambientgen	no endpoint shards for istio-system/istio-ingressgateway
2022-10-11T15:17:12.937097Z	warn	ambientgen	no endpoint shards for istio-system/istio-ingressgateway
2022-10-11T15:17:12.937271Z	info	ads	EDS: PUSH request for node:ztunnel-w7skd.istio-system resources:3 size:379B filtered:10
2022-10-11T15:17:13.448732Z	info	ads	ADS: new connection for node:istio-ingressgateway-7bd4c94994-wq77w.istio-system-3
2022-10-11T15:17:13.449723Z	info	ads	CDS: PUSH request for node:istio-ingressgateway-7bd4c94994-wq77w.istio-system resources:14 size:20.9kB cached:0/12
2022-10-11T15:17:13.506001Z	info	ads	EDS: PUSH request for node:istio-ingressgateway-7bd4c94994-wq77w.istio-system resources:12 size:2.1kB empty:3 cached:0/12
2022-10-11T15:17:13.521819Z	info	ads	LDS: PUSH request for node:istio-ingressgateway-7bd4c94994-wq77w.istio-system resources:1 size:403B
2022-10-11T15:17:13.699562Z	info	ads	Incremental push, service istio-ingressgateway.istio-system.svc.cluster.local at shard Kubernetes/cluster1 has no endpoints
2022-10-11T15:17:13.800553Z	info	ads	Push debounce stable[13] 1 for config ServiceEntry/istio-system/istio-ingressgateway.istio-system.svc.cluster.local: 100.906785ms since last change, 100.906545ms since last push, full=false
2022-10-11T15:17:13.800689Z	info	ads	XDS: Incremental Pushing:2022-10-11T15:17:12Z/12 ConnectedEndpoints:3 Version:2022-10-11T15:17:12Z/12
2022-10-11T15:17:13.801375Z	warn	ambientgen	no endpoint shards for istio-system/istio-ingressgateway
2022-10-11T15:17:13.801396Z	warn	ambientgen	no endpoint shards for istio-system/istio-ingressgateway
2022-10-11T15:17:13.801402Z	warn	ambientgen	no endpoint shards for istio-system/istio-ingressgateway
2022-10-11T15:17:13.801509Z	warn	ambientgen	no endpoint shards for istio-system/istio-ingressgateway
2022-10-11T15:17:13.801519Z	warn	ambientgen	no endpoint shards for istio-system/istio-ingressgateway
2022-10-11T15:17:13.801525Z	warn	ambientgen	no endpoint shards for istio-system/istio-ingressgateway
2022-10-11T15:17:14.707854Z	info	ads	CDS: PUSH for node:istio-ingressgateway-7bd4c94994-wq77w.istio-system resources:14 size:20.9kB cached:0/12
2022-10-11T15:17:14.708249Z	info	ads	EDS: PUSH for node:istio-ingressgateway-7bd4c94994-wq77w.istio-system resources:12 size:2.1kB empty:0 cached:3/12
2022-10-11T15:17:14.708334Z	info	ads	LDS: PUSH for node:istio-ingressgateway-7bd4c94994-wq77w.istio-system resources:1 size:403B
2022-10-11T15:17:14.725720Z	info	ads	Full push, new service istio-system/istio-ingressgateway.istio-system.svc.cluster.local
2022-10-11T15:17:14.826793Z	info	ads	Push debounce stable[14] 1 for config ServiceEntry/istio-system/istio-ingressgateway.istio-system.svc.cluster.local: 101.005454ms since last change, 101.005249ms since last push, full=true
2022-10-11T15:17:14.827749Z	info	ads	XDS: Pushing:2022-10-11T15:17:14Z/13 Services:7 ConnectedEndpoints:3 Version:2022-10-11T15:17:14Z/13
2022-10-11T15:17:14.828220Z	info	ads	CDS: PUSH for node:ztunnel-g4x4p.istio-system resources:18 size:8.3kB
2022-10-11T15:17:14.828274Z	info	ads	CDS: PUSH for node:istio-ingressgateway-7bd4c94994-wq77w.istio-system resources:14 size:21.4kB cached:9/12
2022-10-11T15:17:14.828382Z	info	ads	EDS: PUSH for node:ztunnel-g4x4p.istio-system resources:13 size:2.0kB
2022-10-11T15:17:14.828393Z	info	ads	EDS: PUSH INC for node:istio-ingressgateway-7bd4c94994-wq77w.istio-system resources:3 size:676B empty:0 cached:0/3
2022-10-11T15:17:14.828453Z	info	ads	LDS: PUSH for node:istio-ingressgateway-7bd4c94994-wq77w.istio-system resources:1 size:403B
2022-10-11T15:17:14.828566Z	info	ads	LDS: PUSH for node:ztunnel-g4x4p.istio-system resources:4 size:9.2kB
2022-10-11T15:17:14.828593Z	info	ads	ECDS: PUSH for node:ztunnel-g4x4p.istio-system resources:1 size:157B
2022-10-11T15:17:14.828786Z	info	ads	CDS: PUSH for node:ztunnel-w7skd.istio-system resources:21 size:9.8kB
2022-10-11T15:17:14.828922Z	info	ads	EDS: PUSH for node:ztunnel-w7skd.istio-system resources:13 size:2.0kB
2022-10-11T15:17:14.829859Z	info	ads	LDS: PUSH for node:ztunnel-w7skd.istio-system resources:4 size:39.1kB
2022-10-11T15:17:14.829905Z	info	ads	ECDS: PUSH for node:ztunnel-w7skd.istio-system resources:1 size:351B
2022-10-11T15:17:25.306942Z	info	validationController	Successfully updated validatingwebhookconfiguration istiod-default-validator (failurePolicy=Fail,resourceVersion=4013)
2022-10-11T15:17:25.311171Z	info	validationController	validatingwebhookconfiguration istiod-default-validator (failurePolicy=Fail, resourceVersion=4013) is up-to-date. No change required.
2022-10-11T15:17:26.427516Z	info	Sidecar injection request for istio-system/istio-eastwestgateway-76f8655d4b-***** (actual name not yet known)
2022-10-11T15:17:26.988938Z	info	ads	Incremental push, service istio-eastwestgateway.istio-system.svc.cluster.local at shard Kubernetes/cluster1 has no endpoints
2022-10-11T15:17:27.005581Z	info	ads	Incremental push, service istio-eastwestgateway.istio-system.svc.cluster.local at shard Kubernetes/cluster1 has no endpoints
2022-10-11T15:17:27.106585Z	info	ads	Push debounce stable[15] 4 for config ServiceEntry/istio-system/istio-eastwestgateway.istio-system.svc.cluster.local: 100.932851ms since last change, 133.238501ms since last push, full=true
2022-10-11T15:17:27.107501Z	info	ads	XDS: Pushing:2022-10-11T15:17:27Z/14 Services:8 ConnectedEndpoints:3 Version:2022-10-11T15:17:27Z/14
2022-10-11T15:17:27.108145Z	info	ads	CDS: PUSH for node:istio-ingressgateway-7bd4c94994-wq77w.istio-system resources:18 size:28.1kB cached:12/16
2022-10-11T15:17:27.108742Z	info	ads	LDS: PUSH for node:istio-ingressgateway-7bd4c94994-wq77w.istio-system resources:1 size:403B
2022-10-11T15:17:27.108145Z	info	ads	CDS: PUSH for node:ztunnel-g4x4p.istio-system resources:22 size:10.8kB
2022-10-11T15:17:27.108962Z	info	ads	EDS: PUSH for node:ztunnel-g4x4p.istio-system resources:13 size:2.0kB
2022-10-11T15:17:27.109076Z	info	ads	CDS: PUSH for node:ztunnel-w7skd.istio-system resources:25 size:12.4kB
2022-10-11T15:17:27.109256Z	info	ads	LDS: PUSH for node:ztunnel-g4x4p.istio-system resources:4 size:9.2kB
2022-10-11T15:17:27.109305Z	info	ads	ECDS: PUSH for node:ztunnel-g4x4p.istio-system resources:1 size:157B
2022-10-11T15:17:27.109314Z	info	ads	EDS: PUSH for node:ztunnel-w7skd.istio-system resources:13 size:2.0kB
2022-10-11T15:17:27.110545Z	info	ads	LDS: PUSH for node:ztunnel-w7skd.istio-system resources:4 size:46.9kB
2022-10-11T15:17:27.110742Z	info	ads	ECDS: PUSH for node:ztunnel-w7skd.istio-system resources:1 size:351B
2022-10-11T15:17:27.114911Z	warn	ambientgen	no endpoint shards for istio-system/istio-eastwestgateway
2022-10-11T15:17:27.114929Z	warn	ambientgen	no endpoint shards for istio-system/istio-eastwestgateway
2022-10-11T15:17:27.114934Z	warn	ambientgen	no endpoint shards for istio-system/istio-eastwestgateway
2022-10-11T15:17:27.114939Z	warn	ambientgen	no endpoint shards for istio-system/istio-eastwestgateway
2022-10-11T15:17:27.114964Z	info	ads	EDS: PUSH request for node:ztunnel-g4x4p.istio-system resources:4 size:518B filtered:13
2022-10-11T15:17:27.115201Z	warn	ambientgen	no endpoint shards for istio-system/istio-eastwestgateway
2022-10-11T15:17:27.115211Z	warn	ambientgen	no endpoint shards for istio-system/istio-eastwestgateway
2022-10-11T15:17:27.115216Z	warn	ambientgen	no endpoint shards for istio-system/istio-eastwestgateway
2022-10-11T15:17:27.115238Z	warn	ambientgen	no endpoint shards for istio-system/istio-eastwestgateway
2022-10-11T15:17:27.115258Z	info	ads	EDS: PUSH request for node:ztunnel-w7skd.istio-system resources:4 size:518B filtered:13
2022-10-11T15:17:27.126591Z	info	ads	EDS: PUSH request for node:istio-ingressgateway-7bd4c94994-wq77w.istio-system resources:4 size:280B empty:4 cached:0/4 filtered:12
2022-10-11T15:17:27.732428Z	info	ads	Incremental push, service istio-eastwestgateway.istio-system.svc.cluster.local at shard Kubernetes/cluster1 has no endpoints
2022-10-11T15:17:27.832724Z	info	ads	Push debounce stable[16] 1 for config ServiceEntry/istio-system/istio-eastwestgateway.istio-system.svc.cluster.local: 100.15879ms since last change, 100.158624ms since last push, full=false
2022-10-11T15:17:27.832965Z	info	ads	XDS: Incremental Pushing:2022-10-11T15:17:27Z/14 ConnectedEndpoints:3 Version:2022-10-11T15:17:27Z/14
2022-10-11T15:17:27.833519Z	warn	ambientgen	no endpoint shards for istio-system/istio-eastwestgateway
2022-10-11T15:17:27.833544Z	warn	ambientgen	no endpoint shards for istio-system/istio-eastwestgateway
2022-10-11T15:17:27.833549Z	warn	ambientgen	no endpoint shards for istio-system/istio-eastwestgateway
2022-10-11T15:17:27.833554Z	warn	ambientgen	no endpoint shards for istio-system/istio-eastwestgateway
2022-10-11T15:17:27.833774Z	warn	ambientgen	no endpoint shards for istio-system/istio-eastwestgateway
2022-10-11T15:17:27.833842Z	warn	ambientgen	no endpoint shards for istio-system/istio-eastwestgateway
2022-10-11T15:17:27.833871Z	warn	ambientgen	no endpoint shards for istio-system/istio-eastwestgateway
2022-10-11T15:17:27.833906Z	warn	ambientgen	no endpoint shards for istio-system/istio-eastwestgateway
2022-10-11T15:17:27.849933Z	info	ads	ADS: new connection for node:istio-eastwestgateway-76f8655d4b-z6ndc.istio-system-4
2022-10-11T15:17:27.850889Z	info	ads	CDS: PUSH request for node:istio-eastwestgateway-76f8655d4b-z6ndc.istio-system resources:18 size:28.1kB cached:0/16
2022-10-11T15:17:27.866451Z	info	ads	EDS: PUSH request for node:istio-eastwestgateway-76f8655d4b-z6ndc.istio-system resources:16 size:2.8kB empty:4 cached:0/16
2022-10-11T15:17:27.914663Z	info	ads	LDS: PUSH request for node:istio-eastwestgateway-76f8655d4b-z6ndc.istio-system resources:1 size:403B
2022-10-11T15:17:28.752754Z	info	ads	CDS: PUSH for node:istio-eastwestgateway-76f8655d4b-z6ndc.istio-system resources:18 size:28.1kB cached:0/16
2022-10-11T15:17:28.753476Z	info	ads	EDS: PUSH for node:istio-eastwestgateway-76f8655d4b-z6ndc.istio-system resources:16 size:2.8kB empty:4 cached:0/16
2022-10-11T15:17:28.753565Z	info	ads	LDS: PUSH for node:istio-eastwestgateway-76f8655d4b-z6ndc.istio-system resources:1 size:403B
2022-10-11T15:17:28.776554Z	info	ads	Full push, new service istio-system/istio-eastwestgateway.istio-system.svc.cluster.local
2022-10-11T15:17:28.876741Z	info	ads	Push debounce stable[17] 1 for config ServiceEntry/istio-system/istio-eastwestgateway.istio-system.svc.cluster.local: 100.118705ms since last change, 100.118402ms since last push, full=true
2022-10-11T15:17:28.877930Z	info	ads	XDS: Pushing:2022-10-11T15:17:28Z/15 Services:8 ConnectedEndpoints:4 Version:2022-10-11T15:17:28Z/15
2022-10-11T15:17:28.878593Z	info	ads	CDS: PUSH for node:ztunnel-g4x4p.istio-system resources:22 size:10.8kB
2022-10-11T15:17:28.878654Z	info	ads	CDS: PUSH for node:istio-ingressgateway-7bd4c94994-wq77w.istio-system resources:18 size:28.7kB cached:12/16
2022-10-11T15:17:28.878789Z	info	ads	EDS: PUSH for node:ztunnel-g4x4p.istio-system resources:17 size:2.6kB
2022-10-11T15:17:28.878847Z	info	ads	EDS: PUSH INC for node:istio-ingressgateway-7bd4c94994-wq77w.istio-system resources:4 size:920B empty:0 cached:0/4
2022-10-11T15:17:28.878931Z	info	ads	LDS: PUSH for node:istio-ingressgateway-7bd4c94994-wq77w.istio-system resources:1 size:403B
2022-10-11T15:17:28.879093Z	info	ads	LDS: PUSH for node:ztunnel-g4x4p.istio-system resources:4 size:9.2kB
2022-10-11T15:17:28.879134Z	info	ads	ECDS: PUSH for node:ztunnel-g4x4p.istio-system resources:1 size:157B
2022-10-11T15:17:28.879503Z	info	ads	CDS: PUSH for node:ztunnel-w7skd.istio-system resources:25 size:12.4kB
2022-10-11T15:17:28.879682Z	info	ads	EDS: PUSH for node:ztunnel-w7skd.istio-system resources:17 size:2.6kB
2022-10-11T15:17:28.879976Z	info	ads	CDS: PUSH for node:istio-eastwestgateway-76f8655d4b-z6ndc.istio-system resources:18 size:28.7kB cached:12/16
2022-10-11T15:17:28.880192Z	info	ads	EDS: PUSH INC for node:istio-eastwestgateway-76f8655d4b-z6ndc.istio-system resources:4 size:920B empty:0 cached:0/4
2022-10-11T15:17:28.880238Z	info	ads	LDS: PUSH for node:istio-eastwestgateway-76f8655d4b-z6ndc.istio-system resources:1 size:403B
2022-10-11T15:17:28.881122Z	info	ads	LDS: PUSH for node:ztunnel-w7skd.istio-system resources:4 size:46.9kB
2022-10-11T15:17:28.881162Z	info	ads	ECDS: PUSH for node:ztunnel-w7skd.istio-system resources:1 size:351B
2022-10-11T15:17:31.285343Z	info	ads	Push debounce stable[18] 1 for config Gateway/istio-system/istiod-gateway: 100.237328ms since last change, 100.237095ms since last push, full=true
2022-10-11T15:17:31.285891Z	info	ads	XDS: Pushing:2022-10-11T15:17:31Z/16 Services:8 ConnectedEndpoints:4 Version:2022-10-11T15:17:31Z/16
2022-10-11T15:17:31.286440Z	info	ads	LDS: PUSH for node:istio-ingressgateway-7bd4c94994-wq77w.istio-system resources:1 size:403B
2022-10-11T15:17:31.286777Z	info	ads	CDS: PUSH for node:ztunnel-g4x4p.istio-system resources:22 size:10.8kB
2022-10-11T15:17:31.287027Z	info	ads	EDS: PUSH for node:ztunnel-g4x4p.istio-system resources:17 size:2.6kB
2022-10-11T15:17:31.287113Z	info	ads	CDS: PUSH for node:ztunnel-w7skd.istio-system resources:25 size:12.4kB
2022-10-11T15:17:31.287325Z	info	ads	EDS: PUSH for node:ztunnel-w7skd.istio-system resources:17 size:2.6kB
2022-10-11T15:17:31.287394Z	info	ads	LDS: PUSH for node:ztunnel-g4x4p.istio-system resources:4 size:9.2kB
2022-10-11T15:17:31.287495Z	info	ads	ECDS: PUSH for node:ztunnel-g4x4p.istio-system resources:1 size:157B
2022-10-11T15:17:31.287866Z	info	2 errors occurred:
	* gateway omitting listener "0.0.0.0_15012" due to: must have more than 0 chains in listener "0.0.0.0_15012"
	* gateway omitting listener "0.0.0.0_15017" due to: must have more than 0 chains in listener "0.0.0.0_15017"


2022-10-11T15:17:31.287957Z	info	ads	LDS: PUSH for node:istio-eastwestgateway-76f8655d4b-z6ndc.istio-system resources:1 size:403B
2022-10-11T15:17:31.290025Z	info	ads	LDS: PUSH for node:ztunnel-w7skd.istio-system resources:4 size:46.9kB
2022-10-11T15:17:31.290135Z	info	ads	ECDS: PUSH for node:ztunnel-w7skd.istio-system resources:1 size:351B
2022-10-11T15:17:31.418541Z	info	ads	Push debounce stable[19] 1 for config VirtualService/istio-system/istiod-vs: 100.370324ms since last change, 100.370022ms since last push, full=true
2022-10-11T15:17:31.418943Z	info	ads	XDS: Pushing:2022-10-11T15:17:31Z/17 Services:8 ConnectedEndpoints:4 Version:2022-10-11T15:17:31Z/17
2022-10-11T15:17:31.419699Z	info	ads	CDS: PUSH for node:istio-eastwestgateway-76f8655d4b-z6ndc.istio-system resources:18 size:28.7kB cached:16/16
2022-10-11T15:17:31.420303Z	info	ads	LDS: PUSH for node:istio-eastwestgateway-76f8655d4b-z6ndc.istio-system resources:3 size:1.7kB
2022-10-11T15:17:31.419700Z	info	ads	CDS: PUSH for node:ztunnel-g4x4p.istio-system resources:22 size:10.8kB
2022-10-11T15:17:31.420480Z	info	ads	CDS: PUSH for node:istio-ingressgateway-7bd4c94994-wq77w.istio-system resources:18 size:28.7kB cached:16/16
2022-10-11T15:17:31.420718Z	info	ads	LDS: PUSH for node:istio-ingressgateway-7bd4c94994-wq77w.istio-system resources:1 size:403B
2022-10-11T15:17:31.420727Z	info	ads	EDS: PUSH for node:ztunnel-g4x4p.istio-system resources:17 size:2.6kB
2022-10-11T15:17:31.421148Z	info	ads	LDS: PUSH for node:ztunnel-g4x4p.istio-system resources:4 size:9.2kB
2022-10-11T15:17:31.421272Z	info	ads	ECDS: PUSH for node:ztunnel-g4x4p.istio-system resources:1 size:157B
2022-10-11T15:17:31.421495Z	info	ads	CDS: PUSH for node:ztunnel-w7skd.istio-system resources:25 size:12.4kB
2022-10-11T15:17:31.421834Z	info	ads	EDS: PUSH for node:ztunnel-w7skd.istio-system resources:17 size:2.6kB
2022-10-11T15:17:31.422887Z	info	ads	LDS: PUSH for node:ztunnel-w7skd.istio-system resources:4 size:46.9kB
2022-10-11T15:17:31.422959Z	info	ads	ECDS: PUSH for node:ztunnel-w7skd.istio-system resources:1 size:351B
2022-10-11T15:17:31.532669Z	info	ads	Push debounce stable[20] 1 for config Gateway/istio-system/cross-network-gateway: 100.048112ms since last change, 100.047967ms since last push, full=true
2022-10-11T15:17:31.533012Z	info	ads	XDS: Pushing:2022-10-11T15:17:31Z/18 Services:8 ConnectedEndpoints:4 Version:2022-10-11T15:17:31Z/18
2022-10-11T15:17:31.533636Z	info	ads	CDS: PUSH for node:ztunnel-g4x4p.istio-system resources:22 size:10.8kB
2022-10-11T15:17:31.534398Z	info	ads	EDS: PUSH for node:ztunnel-g4x4p.istio-system resources:17 size:2.6kB
2022-10-11T15:17:31.534493Z	info	ads	CDS: PUSH for node:ztunnel-w7skd.istio-system resources:25 size:12.4kB
2022-10-11T15:17:31.534993Z	info	ads	EDS: PUSH for node:ztunnel-w7skd.istio-system resources:17 size:2.6kB
2022-10-11T15:17:31.535978Z	info	ads	LDS: PUSH for node:ztunnel-w7skd.istio-system resources:4 size:46.9kB
2022-10-11T15:17:31.534144Z	info	ads	LDS: PUSH for node:istio-ingressgateway-7bd4c94994-wq77w.istio-system resources:1 size:403B
2022-10-11T15:17:31.533746Z	info	ads	LDS: PUSH for node:istio-eastwestgateway-76f8655d4b-z6ndc.istio-system resources:4 size:12.4kB
2022-10-11T15:17:31.536271Z	info	ads	LDS: PUSH for node:ztunnel-g4x4p.istio-system resources:4 size:9.2kB
2022-10-11T15:17:31.536344Z	info	ads	ECDS: PUSH for node:ztunnel-g4x4p.istio-system resources:1 size:157B
2022-10-11T15:17:31.536425Z	info	ads	ECDS: PUSH for node:ztunnel-w7skd.istio-system resources:1 size:351B
2022-10-11T15:18:08.221187Z	info	ads	Push debounce stable[21] 1 for config ServiceEntry/istio-system/istio-ingressgateway.istio-system.svc.cluster.local: 100.245357ms since last change, 100.245159ms since last push, full=true
2022-10-11T15:18:08.222272Z	info	ads	XDS: Pushing:2022-10-11T15:18:08Z/19 Services:8 ConnectedEndpoints:4 Version:2022-10-11T15:18:08Z/19
2022-10-11T15:18:08.222990Z	info	ads	CDS: PUSH for node:ztunnel-g4x4p.istio-system resources:22 size:10.8kB
2022-10-11T15:18:08.223287Z	info	ads	EDS: PUSH for node:ztunnel-g4x4p.istio-system resources:17 size:2.6kB
2022-10-11T15:18:08.223647Z	info	ads	LDS: PUSH for node:ztunnel-g4x4p.istio-system resources:4 size:9.2kB
2022-10-11T15:18:08.223717Z	info	ads	ECDS: PUSH for node:ztunnel-g4x4p.istio-system resources:1 size:157B
2022-10-11T15:18:08.223877Z	info	ads	CDS: PUSH for node:ztunnel-w7skd.istio-system resources:25 size:12.4kB
2022-10-11T15:18:08.222990Z	info	ads	CDS: PUSH for node:istio-ingressgateway-7bd4c94994-wq77w.istio-system resources:18 size:28.7kB cached:13/16
2022-10-11T15:18:08.224153Z	info	ads	EDS: PUSH for node:ztunnel-w7skd.istio-system resources:17 size:2.6kB
2022-10-11T15:18:08.224283Z	info	ads	EDS: PUSH INC for node:istio-ingressgateway-7bd4c94994-wq77w.istio-system resources:3 size:676B empty:0 cached:0/3
2022-10-11T15:18:08.224380Z	info	ads	LDS: PUSH for node:istio-ingressgateway-7bd4c94994-wq77w.istio-system resources:1 size:403B
2022-10-11T15:18:08.225262Z	info	ads	LDS: PUSH for node:ztunnel-w7skd.istio-system resources:4 size:46.9kB
2022-10-11T15:18:08.225535Z	info	ads	ECDS: PUSH for node:ztunnel-w7skd.istio-system resources:1 size:351B
2022-10-11T15:18:08.225658Z	info	ads	CDS: PUSH for node:istio-eastwestgateway-76f8655d4b-z6ndc.istio-system resources:34 size:37.1kB cached:13/16
2022-10-11T15:18:08.225852Z	info	ads	EDS: PUSH INC for node:istio-eastwestgateway-76f8655d4b-z6ndc.istio-system resources:3 size:676B empty:0 cached:0/3
2022-10-11T15:18:08.226163Z	info	ads	LDS: PUSH for node:istio-eastwestgateway-76f8655d4b-z6ndc.istio-system resources:4 size:12.4kB
2022-10-11T15:18:08.239540Z	info	ads	EDS: PUSH request for node:istio-eastwestgateway-76f8655d4b-z6ndc.istio-system resources:16 size:1.5kB empty:0 cached:0/16 filtered:16
2022-10-11T15:18:21.504326Z	info	model	reloading network gateways
2022-10-11T15:18:21.504382Z	info	model	gateways changed, triggering push
2022-10-11T15:18:21.604797Z	info	ads	Push debounce stable[22] 3 for reason networks and 2 more reasons: 100.253019ms since last change, 100.268151ms since last push, full=true
2022-10-11T15:18:21.606070Z	info	ads	XDS: Pushing:2022-10-11T15:18:21Z/20 Services:8 ConnectedEndpoints:4 Version:2022-10-11T15:18:21Z/20
2022-10-11T15:18:21.606629Z	info	ads	CDS: PUSH for node:ztunnel-g4x4p.istio-system resources:22 size:10.8kB
2022-10-11T15:18:21.606870Z	info	ads	EDS: PUSH for node:ztunnel-g4x4p.istio-system resources:17 size:2.6kB
2022-10-11T15:18:21.607155Z	info	ads	LDS: PUSH for node:ztunnel-g4x4p.istio-system resources:4 size:9.2kB
2022-10-11T15:18:21.607211Z	info	ads	ECDS: PUSH for node:ztunnel-g4x4p.istio-system resources:1 size:157B
2022-10-11T15:18:21.607651Z	info	ads	CDS: PUSH for node:ztunnel-w7skd.istio-system resources:25 size:12.4kB
2022-10-11T15:18:21.609022Z	info	ads	CDS: PUSH for node:istio-eastwestgateway-76f8655d4b-z6ndc.istio-system resources:34 size:37.1kB cached:0/16
2022-10-11T15:18:21.609240Z	info	ads	EDS: PUSH for node:ztunnel-w7skd.istio-system resources:17 size:2.6kB
2022-10-11T15:18:21.609947Z	info	ads	LDS: PUSH for node:ztunnel-w7skd.istio-system resources:4 size:46.9kB
2022-10-11T15:18:21.610207Z	info	ads	ECDS: PUSH for node:ztunnel-w7skd.istio-system resources:1 size:351B
2022-10-11T15:18:21.610871Z	info	ads	EDS: PUSH for node:istio-eastwestgateway-76f8655d4b-z6ndc.istio-system resources:32 size:5.0kB empty:0 cached:0/32
2022-10-11T15:18:21.612561Z	info	ads	CDS: PUSH for node:istio-ingressgateway-7bd4c94994-wq77w.istio-system resources:18 size:28.7kB cached:0/16
2022-10-11T15:18:21.612946Z	info	ads	LDS: PUSH for node:istio-eastwestgateway-76f8655d4b-z6ndc.istio-system resources:4 size:12.4kB
2022-10-11T15:18:21.613670Z	info	ads	EDS: PUSH for node:istio-ingressgateway-7bd4c94994-wq77w.istio-system resources:16 size:3.5kB empty:0 cached:0/16
2022-10-11T15:18:21.613893Z	info	ads	LDS: PUSH for node:istio-ingressgateway-7bd4c94994-wq77w.istio-system resources:1 size:403B
2022-10-11T15:19:22.679120Z	warn	kube	error on get mysql-10.128.15.202-vm-network/test: workloadentries.networking.istio.io "mysql-10.128.15.202-vm-network" not found	controller=crd-controller
2022-10-11T15:19:22.696517Z	info	wle	auto-registered WorkloadEntry test/mysql-10.128.15.202-vm-network
2022-10-11T15:19:22.696632Z	info	ads	ADS: new connection for node:daniel-ambient-vm.test-5
2022-10-11T15:19:22.697683Z	info	ads	CDS: PUSH request for node:daniel-ambient-vm.test resources:20 size:29.8kB cached:0/16
2022-10-11T15:19:22.715763Z	info	ads	EDS: PUSH request for node:daniel-ambient-vm.test resources:16 size:1.5kB empty:0 cached:0/16
2022-10-11T15:19:22.763100Z	info	ads	LDS: PUSH request for node:daniel-ambient-vm.test resources:19 size:33.8kB
2022-10-11T15:19:22.763448Z	info	ads	NDS: PUSH request for node:daniel-ambient-vm.test resources:1 size:812B
2022-10-11T15:19:22.785733Z	info	ads	RDS: PUSH request for node:daniel-ambient-vm.test resources:7 size:4.5kB cached:0/7
2022-10-11T15:20:00.541644Z	info	ads	Push debounce stable[23] 3 for reason ambient and 2 more reasons: 100.699823ms since last change, 136.684507ms since last push, full=true
2022-10-11T15:20:00.542910Z	info	ads	XDS: Pushing:2022-10-11T15:20:00Z/21 Services:8 ConnectedEndpoints:5 Version:2022-10-11T15:20:00Z/21
2022-10-11T15:20:00.544454Z	info	ads	CDS: PUSH for node:istio-ingressgateway-7bd4c94994-wq77w.istio-system resources:18 size:28.7kB cached:0/16
2022-10-11T15:20:00.544984Z	info	ads	EDS: PUSH for node:istio-ingressgateway-7bd4c94994-wq77w.istio-system resources:16 size:3.4kB empty:0 cached:0/16
2022-10-11T15:20:00.545343Z	info	ads	LDS: PUSH for node:istio-ingressgateway-7bd4c94994-wq77w.istio-system resources:1 size:403B
2022-10-11T15:20:00.545719Z	info	ads	CDS: PUSH for node:ztunnel-w7skd.istio-system resources:25 size:12.4kB
2022-10-11T15:20:00.546093Z	info	ads	EDS: PUSH for node:ztunnel-w7skd.istio-system resources:17 size:2.8kB
2022-10-11T15:20:00.546677Z	info	ads	CDS: PUSH for node:daniel-ambient-vm.test resources:20 size:29.8kB cached:0/16
2022-10-11T15:20:00.547254Z	info	ads	LDS: PUSH for node:ztunnel-w7skd.istio-system resources:4 size:46.9kB
2022-10-11T15:20:00.547247Z	info	ads	EDS: PUSH for node:daniel-ambient-vm.test resources:16 size:1.5kB empty:0 cached:0/16
2022-10-11T15:20:00.547501Z	info	ads	ECDS: PUSH for node:ztunnel-w7skd.istio-system resources:1 size:351B
2022-10-11T15:20:00.547894Z	info	ads	CDS: PUSH for node:ztunnel-g4x4p.istio-system resources:22 size:10.8kB
2022-10-11T15:20:00.548162Z	info	ads	EDS: PUSH for node:ztunnel-g4x4p.istio-system resources:17 size:2.8kB
2022-10-11T15:20:00.548404Z	info	ads	LDS: PUSH for node:ztunnel-g4x4p.istio-system resources:4 size:9.2kB
2022-10-11T15:20:00.548490Z	info	ads	ECDS: PUSH for node:ztunnel-g4x4p.istio-system resources:1 size:157B
2022-10-11T15:20:00.548718Z	info	ads	LDS: PUSH for node:daniel-ambient-vm.test resources:19 size:33.8kB
2022-10-11T15:20:00.544983Z	info	ads	CDS: PUSH for node:istio-eastwestgateway-76f8655d4b-z6ndc.istio-system resources:34 size:37.1kB cached:0/16
2022-10-11T15:20:00.549103Z	info	ads	RDS: PUSH for node:daniel-ambient-vm.test resources:7 size:4.5kB cached:0/7
2022-10-11T15:20:00.549486Z	info	ads	NDS: PUSH for node:daniel-ambient-vm.test resources:1 size:812B
2022-10-11T15:20:00.550290Z	info	ads	EDS: PUSH for node:istio-eastwestgateway-76f8655d4b-z6ndc.istio-system resources:32 size:4.9kB empty:0 cached:0/32
2022-10-11T15:20:00.550671Z	info	ads	LDS: PUSH for node:istio-eastwestgateway-76f8655d4b-z6ndc.istio-system resources:4 size:12.4kB
2022-10-11T15:20:01.043995Z	info	ads	Incremental push, service helloworld.sample.svc.cluster.local at shard Kubernetes/cluster1 has no endpoints
2022-10-11T15:20:01.144972Z	info	ads	Push debounce stable[24] 2 for config ServiceEntry/sample/helloworld.sample.svc.cluster.local: 100.878769ms since last change, 175.773933ms since last push, full=true
2022-10-11T15:20:01.146214Z	info	ads	XDS: Pushing:2022-10-11T15:20:01Z/22 Services:7 ConnectedEndpoints:5 Version:2022-10-11T15:20:01Z/22
2022-10-11T15:20:01.147086Z	info	ads	CDS: PUSH for node:istio-eastwestgateway-76f8655d4b-z6ndc.istio-system resources:32 size:34.9kB cached:15/15
2022-10-11T15:20:01.147146Z	info	ads	EDS: PUSH INC for node:istio-eastwestgateway-76f8655d4b-z6ndc.istio-system resources:2 size:107B empty:2 cached:0/2
2022-10-11T15:20:01.147409Z	info	ads	LDS: PUSH for node:istio-eastwestgateway-76f8655d4b-z6ndc.istio-system resources:4 size:11.7kB
2022-10-11T15:20:01.147691Z	info	ads	CDS: PUSH for node:daniel-ambient-vm.test resources:19 size:28.2kB cached:15/15
2022-10-11T15:20:01.147730Z	info	ads	EDS: PUSH INC for node:daniel-ambient-vm.test resources:1 size:52B empty:1 cached:0/1
2022-10-11T15:20:01.148323Z	info	ads	CDS: PUSH for node:istio-ingressgateway-7bd4c94994-wq77w.istio-system resources:17 size:27.1kB cached:15/15
2022-10-11T15:20:01.148475Z	info	ads	EDS: PUSH INC for node:istio-ingressgateway-7bd4c94994-wq77w.istio-system resources:1 size:52B empty:1 cached:0/1
2022-10-11T15:20:01.148621Z	info	ads	LDS: PUSH for node:istio-ingressgateway-7bd4c94994-wq77w.istio-system resources:1 size:403B
2022-10-11T15:20:01.149144Z	info	ads	CDS: PUSH for node:ztunnel-g4x4p.istio-system resources:21 size:10.2kB
2022-10-11T15:20:01.149320Z	info	ads	CDS: PUSH for node:ztunnel-w7skd.istio-system resources:24 size:11.8kB
2022-10-11T15:20:01.149472Z	info	ads	EDS: PUSH for node:ztunnel-w7skd.istio-system resources:17 size:2.5kB
2022-10-11T15:20:01.148491Z	info	ads	LDS: PUSH for node:daniel-ambient-vm.test resources:18 size:31.1kB
2022-10-11T15:20:01.149892Z	info	ads	RDS: PUSH for node:daniel-ambient-vm.test resources:7 size:4.0kB cached:5/7
2022-10-11T15:20:01.150028Z	info	ads	NDS: PUSH for node:daniel-ambient-vm.test resources:1 size:727B
2022-10-11T15:20:01.149472Z	info	ads	EDS: PUSH for node:ztunnel-g4x4p.istio-system resources:17 size:2.5kB
2022-10-11T15:20:01.150473Z	info	ads	LDS: PUSH for node:ztunnel-w7skd.istio-system resources:4 size:44.9kB
2022-10-11T15:20:01.150524Z	info	ads	ECDS: PUSH for node:ztunnel-w7skd.istio-system resources:1 size:351B
2022-10-11T15:20:01.150661Z	info	ads	LDS: PUSH for node:ztunnel-g4x4p.istio-system resources:4 size:9.2kB
2022-10-11T15:20:01.150752Z	info	ads	ECDS: PUSH for node:ztunnel-g4x4p.istio-system resources:1 size:157B
2022-10-11T15:20:01.153567Z	info	ads	EDS: PUSH request for node:ztunnel-g4x4p.istio-system resources:0 size:0B filtered:16
2022-10-11T15:20:01.167015Z	info	ads	EDS: PUSH request for node:ztunnel-w7skd.istio-system resources:0 size:0B filtered:16
2022-10-11T15:20:31.390030Z	info	ads	Push debounce stable[25] 6 for reason ambient and 5 more reasons: 101.027044ms since last change, 192.617245ms since last push, full=true
2022-10-11T15:20:31.391438Z	info	ads	XDS: Pushing:2022-10-11T15:20:31Z/23 Services:7 ConnectedEndpoints:5 Version:2022-10-11T15:20:31Z/23
2022-10-11T15:20:31.392786Z	info	ads	CDS: PUSH for node:daniel-ambient-vm.test resources:19 size:28.2kB cached:0/15
2022-10-11T15:20:31.393219Z	info	ads	EDS: PUSH for node:daniel-ambient-vm.test resources:15 size:1.4kB empty:0 cached:0/15
2022-10-11T15:20:31.393994Z	info	ads	LDS: PUSH for node:daniel-ambient-vm.test resources:18 size:31.1kB
2022-10-11T15:20:31.394268Z	info	ads	RDS: PUSH for node:daniel-ambient-vm.test resources:7 size:4.0kB cached:0/7
2022-10-11T15:20:31.394517Z	info	ads	NDS: PUSH for node:daniel-ambient-vm.test resources:1 size:727B
2022-10-11T15:20:31.394754Z	info	ads	CDS: PUSH for node:ztunnel-g4x4p.istio-system resources:5 size:301B
2022-10-11T15:20:31.394916Z	info	ads	EDS: PUSH for node:ztunnel-g4x4p.istio-system resources:16 size:2.4kB
2022-10-11T15:20:31.396284Z	info	ads	LDS: PUSH for node:ztunnel-g4x4p.istio-system resources:3 size:7.9kB
2022-10-11T15:20:31.396398Z	info	ads	ECDS: PUSH for node:ztunnel-g4x4p.istio-system resources:1 size:157B
2022-10-11T15:20:31.395674Z	info	ads	CDS: PUSH for node:istio-ingressgateway-7bd4c94994-wq77w.istio-system resources:17 size:27.1kB cached:0/15
2022-10-11T15:20:31.397035Z	info	ads	EDS: PUSH for node:istio-ingressgateway-7bd4c94994-wq77w.istio-system resources:15 size:3.2kB empty:0 cached:0/15
2022-10-11T15:20:31.397095Z	info	ads	LDS: PUSH for node:istio-ingressgateway-7bd4c94994-wq77w.istio-system resources:1 size:403B
2022-10-11T15:20:31.395886Z	info	ads	CDS: PUSH for node:ztunnel-w7skd.istio-system resources:5 size:301B
2022-10-11T15:20:31.397274Z	info	ads	EDS: PUSH for node:ztunnel-w7skd.istio-system resources:16 size:2.4kB
2022-10-11T15:20:31.397433Z	info	ads	CDS: PUSH for node:istio-eastwestgateway-76f8655d4b-z6ndc.istio-system resources:32 size:34.9kB cached:0/15
2022-10-11T15:20:31.397436Z	info	ads	LDS: PUSH for node:ztunnel-w7skd.istio-system resources:3 size:7.9kB
2022-10-11T15:20:31.397885Z	info	ads	ECDS: PUSH for node:ztunnel-w7skd.istio-system resources:1 size:157B
2022-10-11T15:20:31.398420Z	info	ads	EDS: PUSH for node:istio-eastwestgateway-76f8655d4b-z6ndc.istio-system resources:30 size:4.6kB empty:0 cached:0/30
2022-10-11T15:20:31.398836Z	info	ads	LDS: PUSH for node:istio-eastwestgateway-76f8655d4b-z6ndc.istio-system resources:4 size:11.7kB
2022-10-11T15:20:40.342933Z	error	controllers	error handling /sample, and retry budget exceeded: error when creating configmap istio-ca-root-cert: namespaces "sample" not found	controller=namespace controller
2022-10-11T15:20:50.925027Z	info	ads	Incremental push, service helloworld.sample.svc.cluster.local at shard Kubernetes/cluster1 has no endpoints
2022-10-11T15:20:51.026029Z	info	ads	Push debounce stable[26] 2 for config ServiceEntry/sample/helloworld.sample.svc.cluster.local: 100.92979ms since last change, 113.151888ms since last push, full=true
2022-10-11T15:20:51.027185Z	info	ads	XDS: Pushing:2022-10-11T15:20:51Z/24 Services:8 ConnectedEndpoints:5 Version:2022-10-11T15:20:51Z/24
2022-10-11T15:20:51.027587Z	info	ads	CDS: PUSH for node:ztunnel-w7skd.istio-system resources:5 size:301B
2022-10-11T15:20:51.027745Z	info	ads	CDS: PUSH for node:daniel-ambient-vm.test resources:20 size:29.7kB cached:15/16
2022-10-11T15:20:51.028000Z	info	ads	LDS: PUSH for node:ztunnel-w7skd.istio-system resources:3 size:7.9kB
2022-10-11T15:20:51.028128Z	info	ads	ECDS: PUSH for node:ztunnel-w7skd.istio-system resources:1 size:157B
2022-10-11T15:20:51.028610Z	info	ads	CDS: PUSH for node:ztunnel-g4x4p.istio-system resources:5 size:301B
2022-10-11T15:20:51.028744Z	info	ads	LDS: PUSH for node:daniel-ambient-vm.test resources:19 size:33.8kB
2022-10-11T15:20:51.028965Z	info	ads	LDS: PUSH for node:ztunnel-g4x4p.istio-system resources:3 size:7.9kB
2022-10-11T15:20:51.029049Z	info	ads	ECDS: PUSH for node:ztunnel-g4x4p.istio-system resources:1 size:157B
2022-10-11T15:20:51.029318Z	info	ads	CDS: PUSH for node:istio-ingressgateway-7bd4c94994-wq77w.istio-system resources:18 size:28.6kB cached:15/16
2022-10-11T15:20:51.029411Z	info	ads	LDS: PUSH for node:istio-ingressgateway-7bd4c94994-wq77w.istio-system resources:1 size:403B
2022-10-11T15:20:51.029588Z	info	ads	RDS: PUSH for node:daniel-ambient-vm.test resources:6 size:3.9kB cached:5/6
2022-10-11T15:20:51.029665Z	info	ads	NDS: PUSH for node:daniel-ambient-vm.test resources:1 size:812B
2022-10-11T15:20:51.030897Z	info	ads	CDS: PUSH for node:istio-eastwestgateway-76f8655d4b-z6ndc.istio-system resources:34 size:37.0kB cached:15/16
2022-10-11T15:20:51.031352Z	info	ads	LDS: PUSH for node:istio-eastwestgateway-76f8655d4b-z6ndc.istio-system resources:4 size:12.4kB
2022-10-11T15:20:51.037626Z	info	ads	EDS: PUSH request for node:daniel-ambient-vm.test resources:1 size:52B empty:1 cached:0/1 filtered:15
2022-10-11T15:20:51.038064Z	info	ads	RDS: PUSH request for node:daniel-ambient-vm.test resources:1 size:567B cached:0/1 filtered:6
2022-10-11T15:20:51.038851Z	info	ads	EDS: PUSH request for node:istio-ingressgateway-7bd4c94994-wq77w.istio-system resources:1 size:52B empty:1 cached:0/1 filtered:15
2022-10-11T15:20:51.045381Z	info	ads	EDS: PUSH request for node:istio-eastwestgateway-76f8655d4b-z6ndc.istio-system resources:2 size:107B empty:2 cached:0/2 filtered:30
2022-10-11T15:20:51.088506Z	info	Sidecar injection request for sample/helloworld-v1-77cb56d4b4-***** (actual name not yet known)
2022-10-11T15:20:51.199336Z	info	ads	Incremental push, service helloworld.sample.svc.cluster.local at shard Kubernetes/cluster1 has no endpoints
2022-10-11T15:20:51.245228Z	info	Sidecar injection request for sample/helloworld-v2-79bf565586-***** (actual name not yet known)
2022-10-11T15:20:51.299751Z	info	ads	Push debounce stable[27] 1 for config ServiceEntry/sample/helloworld.sample.svc.cluster.local: 100.354773ms since last change, 100.35457ms since last push, full=false
2022-10-11T15:20:51.299854Z	info	ads	XDS: Incremental Pushing:2022-10-11T15:20:51Z/24 ConnectedEndpoints:5 Version:2022-10-11T15:20:51Z/24
2022-10-11T15:20:51.347320Z	info	ads	Incremental push, service helloworld.sample.svc.cluster.local at shard Kubernetes/cluster1 has no endpoints
2022-10-11T15:20:51.448302Z	info	ads	Push debounce stable[28] 1 for config ServiceEntry/sample/helloworld.sample.svc.cluster.local: 100.92214ms since last change, 100.921946ms since last push, full=false
2022-10-11T15:20:51.448524Z	info	ads	XDS: Incremental Pushing:2022-10-11T15:20:51Z/24 ConnectedEndpoints:5 Version:2022-10-11T15:20:51Z/24
2022-10-11T15:20:52.264777Z	info	ads	Incremental push, service helloworld.sample.svc.cluster.local at shard Kubernetes/cluster1 has no endpoints
2022-10-11T15:20:52.365127Z	info	ads	Push debounce stable[29] 1 for config ServiceEntry/sample/helloworld.sample.svc.cluster.local: 100.281059ms since last change, 100.2809ms since last push, full=false
2022-10-11T15:20:52.365225Z	info	ads	XDS: Incremental Pushing:2022-10-11T15:20:51Z/24 ConnectedEndpoints:5 Version:2022-10-11T15:20:51Z/24
2022-10-11T15:20:53.319778Z	info	ads	Incremental push, service helloworld.sample.svc.cluster.local at shard Kubernetes/cluster1 has no endpoints
2022-10-11T15:20:53.420770Z	info	ads	Push debounce stable[30] 1 for config ServiceEntry/sample/helloworld.sample.svc.cluster.local: 100.853888ms since last change, 100.853286ms since last push, full=false
2022-10-11T15:20:53.420892Z	info	ads	XDS: Incremental Pushing:2022-10-11T15:20:51Z/24 ConnectedEndpoints:5 Version:2022-10-11T15:20:51Z/24
2022-10-11T15:20:54.167889Z	info	ads	ADS: new connection for node:helloworld-v2-79bf565586-z9hsr.sample-6
2022-10-11T15:20:54.168908Z	info	ads	CDS: PUSH request for node:helloworld-v2-79bf565586-z9hsr.sample resources:22 size:30.4kB cached:0/16
2022-10-11T15:20:54.322560Z	info	ads	ADS: new connection for node:helloworld-v1-77cb56d4b4-fqgbb.sample-7
2022-10-11T15:20:54.323515Z	info	ads	CDS: PUSH request for node:helloworld-v1-77cb56d4b4-fqgbb.sample resources:22 size:30.4kB cached:0/16
2022-10-11T15:20:54.380913Z	info	ads	EDS: PUSH request for node:helloworld-v1-77cb56d4b4-fqgbb.sample resources:16 size:3.2kB empty:0 cached:16/16
2022-10-11T15:20:54.419945Z	info	ads	LDS: PUSH request for node:helloworld-v1-77cb56d4b4-fqgbb.sample resources:20 size:40.6kB
2022-10-11T15:20:54.469953Z	info	ads	RDS: PUSH request for node:helloworld-v1-77cb56d4b4-fqgbb.sample resources:7 size:4.5kB cached:0/7
2022-10-11T15:20:54.569018Z	info	ads	EDS: PUSH request for node:helloworld-v2-79bf565586-z9hsr.sample resources:16 size:3.2kB empty:0 cached:16/16
2022-10-11T15:20:54.581084Z	info	ads	LDS: PUSH request for node:helloworld-v2-79bf565586-z9hsr.sample resources:20 size:40.6kB
2022-10-11T15:20:54.615275Z	info	ads	RDS: PUSH request for node:helloworld-v2-79bf565586-z9hsr.sample resources:7 size:4.5kB cached:0/7
2022-10-11T15:20:55.299101Z	info	ads	CDS: PUSH for node:helloworld-v2-79bf565586-z9hsr.sample resources:22 size:30.4kB cached:0/16
2022-10-11T15:20:55.299224Z	info	ads	EDS: PUSH for node:helloworld-v2-79bf565586-z9hsr.sample resources:16 size:3.2kB empty:0 cached:16/16
2022-10-11T15:20:55.300390Z	info	ads	LDS: PUSH for node:helloworld-v2-79bf565586-z9hsr.sample resources:20 size:40.6kB
2022-10-11T15:20:55.300660Z	info	ads	RDS: PUSH for node:helloworld-v2-79bf565586-z9hsr.sample resources:7 size:4.5kB cached:0/7
2022-10-11T15:20:55.357397Z	info	ads	Full push, new service sample/helloworld.sample.svc.cluster.local
2022-10-11T15:20:55.364969Z	info	ads	CDS: PUSH for node:helloworld-v1-77cb56d4b4-fqgbb.sample resources:22 size:30.4kB cached:15/16
2022-10-11T15:20:55.365450Z	info	ads	EDS: PUSH for node:helloworld-v1-77cb56d4b4-fqgbb.sample resources:16 size:3.5kB empty:0 cached:15/16
2022-10-11T15:20:55.366449Z	info	ads	LDS: PUSH for node:helloworld-v1-77cb56d4b4-fqgbb.sample resources:20 size:40.6kB
2022-10-11T15:20:55.366943Z	info	ads	RDS: PUSH for node:helloworld-v1-77cb56d4b4-fqgbb.sample resources:7 size:4.5kB cached:4/7
2022-10-11T15:20:55.495501Z	info	ads	Push debounce stable[31] 2 for config ServiceEntry/sample/helloworld.sample.svc.cluster.local: 100.777473ms since last change, 138.042172ms since last push, full=true
2022-10-11T15:20:55.496622Z	info	ads	XDS: Pushing:2022-10-11T15:20:55Z/25 Services:8 ConnectedEndpoints:7 Version:2022-10-11T15:20:55Z/25
2022-10-11T15:20:55.497206Z	info	ads	CDS: PUSH for node:ztunnel-g4x4p.istio-system resources:5 size:301B
2022-10-11T15:20:55.497343Z	info	ads	CDS: PUSH for node:helloworld-v1-77cb56d4b4-fqgbb.sample resources:22 size:30.5kB cached:15/16
2022-10-11T15:20:55.497432Z	info	ads	LDS: PUSH for node:ztunnel-g4x4p.istio-system resources:3 size:7.9kB
2022-10-11T15:20:55.497473Z	info	ads	ECDS: PUSH for node:ztunnel-g4x4p.istio-system resources:1 size:157B
2022-10-11T15:20:55.497671Z	info	ads	CDS: PUSH for node:ztunnel-w7skd.istio-system resources:5 size:301B
2022-10-11T15:20:55.497753Z	info	ads	EDS: PUSH INC for node:helloworld-v1-77cb56d4b4-fqgbb.sample resources:1 size:569B empty:0 cached:0/1
2022-10-11T15:20:55.497844Z	info	ads	LDS: PUSH for node:ztunnel-w7skd.istio-system resources:3 size:7.9kB
2022-10-11T15:20:55.497880Z	info	ads	ECDS: PUSH for node:ztunnel-w7skd.istio-system resources:1 size:157B
2022-10-11T15:20:55.498191Z	info	ads	CDS: PUSH for node:istio-ingressgateway-7bd4c94994-wq77w.istio-system resources:18 size:28.7kB cached:15/16
2022-10-11T15:20:55.498235Z	info	ads	EDS: PUSH INC for node:istio-ingressgateway-7bd4c94994-wq77w.istio-system resources:1 size:569B empty:0 cached:1/1
2022-10-11T15:20:55.498289Z	info	ads	LDS: PUSH for node:istio-ingressgateway-7bd4c94994-wq77w.istio-system resources:1 size:403B
2022-10-11T15:20:55.498861Z	info	ads	CDS: PUSH for node:daniel-ambient-vm.test resources:20 size:29.8kB cached:15/16
2022-10-11T15:20:55.498994Z	info	ads	EDS: PUSH INC for node:daniel-ambient-vm.test resources:1 size:214B empty:0 cached:0/1
2022-10-11T15:20:55.500459Z	info	ads	LDS: PUSH for node:helloworld-v1-77cb56d4b4-fqgbb.sample resources:20 size:40.6kB
2022-10-11T15:20:55.501351Z	info	ads	LDS: PUSH for node:daniel-ambient-vm.test resources:19 size:33.8kB
2022-10-11T15:20:55.501688Z	info	ads	RDS: PUSH for node:daniel-ambient-vm.test resources:7 size:4.5kB cached:6/7
2022-10-11T15:20:55.502025Z	info	ads	NDS: PUSH for node:daniel-ambient-vm.test resources:1 size:812B
2022-10-11T15:20:55.502455Z	info	ads	CDS: PUSH for node:helloworld-v2-79bf565586-z9hsr.sample resources:22 size:30.5kB cached:16/16
2022-10-11T15:20:55.502612Z	info	ads	EDS: PUSH INC for node:helloworld-v2-79bf565586-z9hsr.sample resources:1 size:569B empty:0 cached:1/1
2022-10-11T15:20:55.503682Z	info	ads	CDS: PUSH for node:istio-eastwestgateway-76f8655d4b-z6ndc.istio-system resources:34 size:37.1kB cached:15/16
2022-10-11T15:20:55.504702Z	info	ads	EDS: PUSH INC for node:istio-eastwestgateway-76f8655d4b-z6ndc.istio-system resources:2 size:1.1kB empty:0 cached:0/2
2022-10-11T15:20:55.505180Z	info	ads	LDS: PUSH for node:helloworld-v2-79bf565586-z9hsr.sample resources:20 size:40.6kB
2022-10-11T15:20:55.507136Z	info	ads	RDS: PUSH for node:helloworld-v2-79bf565586-z9hsr.sample resources:7 size:4.5kB cached:7/7
2022-10-11T15:20:55.507337Z	info	ads	RDS: PUSH for node:helloworld-v1-77cb56d4b4-fqgbb.sample resources:7 size:4.5kB cached:6/7
2022-10-11T15:20:55.505246Z	info	ads	LDS: PUSH for node:istio-eastwestgateway-76f8655d4b-z6ndc.istio-system resources:4 size:12.4kB
2022-10-11T15:29:59.662267Z	info	ads	ADS: "10.72.0.9:45192" daniel-ambient-vm.test-5 terminated
2022-10-11T15:30:09.695601Z	info	wle	cleaned up auto-registered WorkloadEntry test/mysql-10.128.15.202-vm-network
2022-10-11T15:30:44.084186Z	warn	kube	error on get mysql-10.128.15.202-vm-network/test: workloadentries.networking.istio.io "mysql-10.128.15.202-vm-network" not found	controller=crd-controller
2022-10-11T15:30:44.095620Z	info	wle	auto-registered WorkloadEntry test/mysql-10.128.15.202-vm-network
2022-10-11T15:30:44.095696Z	info	ads	ADS: new connection for node:daniel-ambient-vm.test-8
2022-10-11T15:30:44.096107Z	info	ads	CDS: PUSH request for node:daniel-ambient-vm.test resources:20 size:29.8kB cached:16/16
2022-10-11T15:30:44.097220Z	info	ads	CDS: PUSH for node:daniel-ambient-vm.test resources:20 size:29.8kB cached:16/16
2022-10-11T15:30:44.131486Z	info	ads	EDS: PUSH request for node:daniel-ambient-vm.test resources:16 size:1.6kB empty:0 cached:16/16
2022-10-11T15:30:44.163576Z	info	ads	LDS: PUSH request for node:daniel-ambient-vm.test resources:19 size:33.8kB
2022-10-11T15:30:44.163665Z	info	ads	NDS: PUSH request for node:daniel-ambient-vm.test resources:1 size:812B
2022-10-11T15:30:44.185193Z	info	ads	RDS: PUSH request for node:daniel-ambient-vm.test resources:7 size:4.5kB cached:7/7
2022-10-11T15:40:31.305947Z	info	ads	Incremental push, service helloworld.ambient.svc.cluster.local at shard Kubernetes/cluster1 has no endpoints
2022-10-11T15:40:31.406952Z	info	ads	Push debounce stable[32] 2 for config ServiceEntry/ambient/helloworld.ambient.svc.cluster.local: 100.818618ms since last change, 136.141642ms since last push, full=true
2022-10-11T15:40:31.408308Z	info	ads	XDS: Pushing:2022-10-11T15:40:31Z/26 Services:9 ConnectedEndpoints:7 Version:2022-10-11T15:40:31Z/26
2022-10-11T15:40:31.408744Z	info	ads	CDS: PUSH for node:ztunnel-w7skd.istio-system resources:5 size:301B
2022-10-11T15:40:31.409078Z	info	ads	LDS: PUSH for node:ztunnel-w7skd.istio-system resources:3 size:7.9kB
2022-10-11T15:40:31.409145Z	info	ads	ECDS: PUSH for node:ztunnel-w7skd.istio-system resources:1 size:157B
2022-10-11T15:40:31.409228Z	info	ads	CDS: PUSH for node:helloworld-v1-77cb56d4b4-fqgbb.sample resources:23 size:32.1kB cached:16/17
2022-10-11T15:40:31.409487Z	info	ads	CDS: PUSH for node:ztunnel-g4x4p.istio-system resources:5 size:301B
2022-10-11T15:40:31.409709Z	info	ads	LDS: PUSH for node:ztunnel-g4x4p.istio-system resources:3 size:7.9kB
2022-10-11T15:40:31.409761Z	info	ads	ECDS: PUSH for node:ztunnel-g4x4p.istio-system resources:1 size:157B
2022-10-11T15:40:31.410518Z	info	ads	CDS: PUSH for node:daniel-ambient-vm.test resources:21 size:31.4kB cached:16/17
2022-10-11T15:40:31.410995Z	info	ads	CDS: PUSH for node:helloworld-v2-79bf565586-z9hsr.sample resources:23 size:32.1kB cached:17/17
2022-10-11T15:40:31.411413Z	info	ads	LDS: PUSH for node:daniel-ambient-vm.test resources:19 size:33.8kB
2022-10-11T15:40:31.412027Z	info	ads	LDS: PUSH for node:helloworld-v2-79bf565586-z9hsr.sample resources:20 size:40.6kB
2022-10-11T15:40:31.412343Z	info	ads	CDS: PUSH for node:istio-ingressgateway-7bd4c94994-wq77w.istio-system resources:19 size:30.3kB cached:16/17
2022-10-11T15:40:31.412421Z	info	ads	LDS: PUSH for node:istio-ingressgateway-7bd4c94994-wq77w.istio-system resources:1 size:403B
2022-10-11T15:40:31.412554Z	info	ads	RDS: PUSH for node:helloworld-v2-79bf565586-z9hsr.sample resources:7 size:5.0kB cached:6/7
2022-10-11T15:40:31.413007Z	info	ads	RDS: PUSH for node:daniel-ambient-vm.test resources:7 size:5.0kB cached:6/7
2022-10-11T15:40:31.413178Z	info	ads	NDS: PUSH for node:daniel-ambient-vm.test resources:1 size:899B
2022-10-11T15:40:31.410519Z	info	ads	LDS: PUSH for node:helloworld-v1-77cb56d4b4-fqgbb.sample resources:20 size:40.6kB
2022-10-11T15:40:31.413581Z	info	ads	RDS: PUSH for node:helloworld-v1-77cb56d4b4-fqgbb.sample resources:7 size:5.0kB cached:7/7
2022-10-11T15:40:31.413785Z	info	ads	CDS: PUSH for node:istio-eastwestgateway-76f8655d4b-z6ndc.istio-system resources:36 size:39.1kB cached:16/17
2022-10-11T15:40:31.414181Z	info	ads	LDS: PUSH for node:istio-eastwestgateway-76f8655d4b-z6ndc.istio-system resources:4 size:13.0kB
2022-10-11T15:40:31.418897Z	info	ads	EDS: PUSH request for node:daniel-ambient-vm.test resources:1 size:53B empty:1 cached:0/1 filtered:16
2022-10-11T15:40:31.433140Z	info	ads	EDS: PUSH request for node:helloworld-v2-79bf565586-z9hsr.sample resources:1 size:53B empty:1 cached:0/1 filtered:16
2022-10-11T15:40:31.435231Z	info	ads	EDS: PUSH request for node:helloworld-v1-77cb56d4b4-fqgbb.sample resources:1 size:53B empty:0 cached:1/1 filtered:16
2022-10-11T15:40:31.438435Z	info	ads	EDS: PUSH request for node:istio-ingressgateway-7bd4c94994-wq77w.istio-system resources:1 size:53B empty:0 cached:1/1 filtered:16
2022-10-11T15:40:31.445680Z	info	ads	EDS: PUSH request for node:istio-eastwestgateway-76f8655d4b-z6ndc.istio-system resources:2 size:109B empty:2 cached:0/2 filtered:32
2022-10-11T15:40:31.588201Z	info	ads	Incremental push, service helloworld.ambient.svc.cluster.local at shard Kubernetes/cluster1 has no endpoints
2022-10-11T15:40:31.892084Z	info	ads	Push debounce stable[33] 7 for reason endpoint and 6 more reasons: 100.575128ms since last change, 303.795251ms since last push, full=true
2022-10-11T15:40:31.893358Z	info	ads	XDS: Pushing:2022-10-11T15:40:31Z/27 Services:9 ConnectedEndpoints:7 Version:2022-10-11T15:40:31Z/27
2022-10-11T15:40:31.893800Z	info	ads	CDS: PUSH for node:ztunnel-w7skd.istio-system resources:5 size:301B
2022-10-11T15:40:31.894198Z	info	ads	LDS: PUSH for node:ztunnel-w7skd.istio-system resources:3 size:7.9kB
2022-10-11T15:40:31.894333Z	info	ads	ECDS: PUSH for node:ztunnel-w7skd.istio-system resources:1 size:157B
2022-10-11T15:40:31.894711Z	info	ads	CDS: PUSH for node:helloworld-v1-77cb56d4b4-fqgbb.sample resources:23 size:32.1kB cached:0/17
2022-10-11T15:40:31.895474Z	info	ads	EDS: PUSH for node:helloworld-v1-77cb56d4b4-fqgbb.sample resources:17 size:3.8kB empty:1 cached:0/17
2022-10-11T15:40:31.897771Z	info	ads	LDS: PUSH for node:helloworld-v1-77cb56d4b4-fqgbb.sample resources:20 size:40.6kB
2022-10-11T15:40:31.898054Z	info	ads	CDS: PUSH for node:istio-eastwestgateway-76f8655d4b-z6ndc.istio-system resources:36 size:39.1kB cached:0/17
2022-10-11T15:40:31.896408Z	info	ads	CDS: PUSH for node:helloworld-v2-79bf565586-z9hsr.sample resources:23 size:32.1kB cached:17/17
2022-10-11T15:40:31.898808Z	info	ads	EDS: PUSH for node:helloworld-v2-79bf565586-z9hsr.sample resources:17 size:3.8kB empty:0 cached:17/17
2022-10-11T15:40:31.899570Z	info	ads	CDS: PUSH for node:daniel-ambient-vm.test resources:21 size:31.4kB cached:0/17
2022-10-11T15:40:31.900226Z	info	ads	EDS: PUSH for node:daniel-ambient-vm.test resources:17 size:1.6kB empty:1 cached:0/17
2022-10-11T15:40:31.900307Z	info	ads	LDS: PUSH for node:helloworld-v2-79bf565586-z9hsr.sample resources:20 size:40.6kB
2022-10-11T15:40:31.900468Z	info	ads	RDS: PUSH for node:helloworld-v2-79bf565586-z9hsr.sample resources:7 size:5.0kB cached:5/7
2022-10-11T15:40:31.898264Z	info	ads	RDS: PUSH for node:helloworld-v1-77cb56d4b4-fqgbb.sample resources:7 size:5.0kB cached:0/7
2022-10-11T15:40:31.896581Z	info	ads	CDS: PUSH for node:istio-ingressgateway-7bd4c94994-wq77w.istio-system resources:19 size:30.3kB cached:0/17
2022-10-11T15:40:31.894708Z	info	ads	CDS: PUSH for node:ztunnel-g4x4p.istio-system resources:5 size:301B
2022-10-11T15:40:31.901254Z	info	ads	LDS: PUSH for node:ztunnel-g4x4p.istio-system resources:3 size:7.9kB
2022-10-11T15:40:31.901365Z	info	ads	ECDS: PUSH for node:ztunnel-g4x4p.istio-system resources:1 size:157B
2022-10-11T15:40:31.901586Z	info	ads	EDS: PUSH for node:istio-ingressgateway-7bd4c94994-wq77w.istio-system resources:17 size:3.8kB empty:0 cached:17/17
2022-10-11T15:40:31.901719Z	info	ads	LDS: PUSH for node:istio-ingressgateway-7bd4c94994-wq77w.istio-system resources:1 size:403B
2022-10-11T15:40:31.903087Z	info	ads	EDS: PUSH for node:istio-eastwestgateway-76f8655d4b-z6ndc.istio-system resources:34 size:5.9kB empty:2 cached:0/34
2022-10-11T15:40:31.903462Z	info	ads	LDS: PUSH for node:istio-eastwestgateway-76f8655d4b-z6ndc.istio-system resources:4 size:13.0kB
2022-10-11T15:40:31.903980Z	info	ads	LDS: PUSH for node:daniel-ambient-vm.test resources:19 size:33.8kB
2022-10-11T15:40:31.904330Z	info	ads	RDS: PUSH for node:daniel-ambient-vm.test resources:7 size:5.0kB cached:0/7
2022-10-11T15:40:31.904420Z	info	ads	NDS: PUSH for node:daniel-ambient-vm.test resources:1 size:899B
2022-10-11T15:40:31.944310Z	info	ads	Incremental push, service sleep.ambient.svc.cluster.local at shard Kubernetes/cluster1 has no endpoints
2022-10-11T15:40:32.045449Z	info	ads	Push debounce stable[34] 2 for config ServiceEntry/ambient/sleep.ambient.svc.cluster.local: 101.071835ms since last change, 116.509694ms since last push, full=true
2022-10-11T15:40:32.046461Z	info	ads	XDS: Pushing:2022-10-11T15:40:32Z/28 Services:10 ConnectedEndpoints:7 Version:2022-10-11T15:40:32Z/28
2022-10-11T15:40:32.047126Z	info	ads	CDS: PUSH for node:istio-ingressgateway-7bd4c94994-wq77w.istio-system resources:20 size:31.9kB cached:17/18
2022-10-11T15:40:32.047305Z	info	ads	LDS: PUSH for node:istio-ingressgateway-7bd4c94994-wq77w.istio-system resources:1 size:403B
2022-10-11T15:40:32.047240Z	info	ads	CDS: PUSH for node:helloworld-v2-79bf565586-z9hsr.sample resources:24 size:33.6kB cached:17/18
2022-10-11T15:40:32.047762Z	info	ads	CDS: PUSH for node:helloworld-v1-77cb56d4b4-fqgbb.sample resources:24 size:33.6kB cached:18/18
2022-10-11T15:40:32.048610Z	info	ads	LDS: PUSH for node:helloworld-v1-77cb56d4b4-fqgbb.sample resources:20 size:40.6kB
2022-10-11T15:40:32.048693Z	info	ads	LDS: PUSH for node:helloworld-v2-79bf565586-z9hsr.sample resources:20 size:40.6kB
2022-10-11T15:40:32.049128Z	info	ads	RDS: PUSH for node:helloworld-v1-77cb56d4b4-fqgbb.sample resources:7 size:5.5kB cached:6/7
2022-10-11T15:40:32.049396Z	info	ads	CDS: PUSH for node:ztunnel-g4x4p.istio-system resources:5 size:301B
2022-10-11T15:40:32.049680Z	info	ads	LDS: PUSH for node:ztunnel-g4x4p.istio-system resources:3 size:7.9kB
2022-10-11T15:40:32.049773Z	info	ads	ECDS: PUSH for node:ztunnel-g4x4p.istio-system resources:1 size:157B
2022-10-11T15:40:32.049948Z	info	ads	CDS: PUSH for node:ztunnel-w7skd.istio-system resources:5 size:301B
2022-10-11T15:40:32.050128Z	info	ads	LDS: PUSH for node:ztunnel-w7skd.istio-system resources:3 size:7.9kB
2022-10-11T15:40:32.050185Z	info	ads	ECDS: PUSH for node:ztunnel-w7skd.istio-system resources:1 size:157B
2022-10-11T15:40:32.050375Z	info	ads	CDS: PUSH for node:istio-eastwestgateway-76f8655d4b-z6ndc.istio-system resources:38 size:41.1kB cached:17/18
2022-10-11T15:40:32.050782Z	info	ads	LDS: PUSH for node:istio-eastwestgateway-76f8655d4b-z6ndc.istio-system resources:4 size:13.6kB
2022-10-11T15:40:32.050905Z	info	ads	CDS: PUSH for node:daniel-ambient-vm.test resources:22 size:32.9kB cached:17/18
2022-10-11T15:40:32.051144Z	info	ads	RDS: PUSH for node:helloworld-v2-79bf565586-z9hsr.sample resources:7 size:5.5kB cached:7/7
2022-10-11T15:40:32.051842Z	info	ads	LDS: PUSH for node:daniel-ambient-vm.test resources:19 size:33.8kB
2022-10-11T15:40:32.052089Z	info	ads	RDS: PUSH for node:daniel-ambient-vm.test resources:7 size:5.5kB cached:5/7
2022-10-11T15:40:32.052245Z	info	ads	NDS: PUSH for node:daniel-ambient-vm.test resources:1 size:976B
2022-10-11T15:40:32.057738Z	info	ads	EDS: PUSH request for node:daniel-ambient-vm.test resources:1 size:46B empty:1 cached:0/1 filtered:17
2022-10-11T15:40:32.066204Z	info	ads	EDS: PUSH request for node:helloworld-v2-79bf565586-z9hsr.sample resources:1 size:46B empty:1 cached:0/1 filtered:17
2022-10-11T15:40:32.084527Z	info	ads	EDS: PUSH request for node:istio-ingressgateway-7bd4c94994-wq77w.istio-system resources:1 size:46B empty:0 cached:1/1 filtered:17
2022-10-11T15:40:32.086687Z	info	ads	EDS: PUSH request for node:helloworld-v1-77cb56d4b4-fqgbb.sample resources:1 size:46B empty:0 cached:1/1 filtered:17
2022-10-11T15:40:32.088363Z	info	ads	EDS: PUSH request for node:istio-eastwestgateway-76f8655d4b-z6ndc.istio-system resources:2 size:95B empty:2 cached:0/2 filtered:34
2022-10-11T15:40:32.165633Z	info	ads	Incremental push, service sleep.ambient.svc.cluster.local at shard Kubernetes/cluster1 has no endpoints
2022-10-11T15:40:32.357640Z	info	ads	Push debounce stable[35] 4 for reason ambient and 3 more reasons: 100.249899ms since last change, 205.151088ms since last push, full=true
2022-10-11T15:40:32.358809Z	info	ads	XDS: Pushing:2022-10-11T15:40:32Z/29 Services:10 ConnectedEndpoints:7 Version:2022-10-11T15:40:32Z/29
2022-10-11T15:40:32.359246Z	info	ads	CDS: PUSH for node:ztunnel-w7skd.istio-system resources:5 size:301B
2022-10-11T15:40:32.359511Z	info	ads	LDS: PUSH for node:ztunnel-w7skd.istio-system resources:3 size:7.9kB
2022-10-11T15:40:32.359553Z	info	ads	ECDS: PUSH for node:ztunnel-w7skd.istio-system resources:1 size:157B
2022-10-11T15:40:32.360844Z	info	ads	CDS: PUSH for node:helloworld-v1-77cb56d4b4-fqgbb.sample resources:24 size:33.6kB cached:0/18
2022-10-11T15:40:32.361191Z	info	ads	CDS: PUSH for node:ztunnel-g4x4p.istio-system resources:5 size:301B
2022-10-11T15:40:32.361371Z	info	ads	LDS: PUSH for node:ztunnel-g4x4p.istio-system resources:3 size:7.9kB
2022-10-11T15:40:32.361398Z	info	ads	ECDS: PUSH for node:ztunnel-g4x4p.istio-system resources:1 size:157B
2022-10-11T15:40:32.361712Z	info	ads	CDS: PUSH for node:istio-eastwestgateway-76f8655d4b-z6ndc.istio-system resources:38 size:41.1kB cached:0/18
2022-10-11T15:40:32.362499Z	info	ads	CDS: PUSH for node:helloworld-v2-79bf565586-z9hsr.sample resources:24 size:33.6kB cached:17/18
2022-10-11T15:40:32.362726Z	info	ads	EDS: PUSH for node:istio-eastwestgateway-76f8655d4b-z6ndc.istio-system resources:36 size:6.0kB empty:4 cached:0/36
2022-10-11T15:40:32.362794Z	info	ads	CDS: PUSH for node:daniel-ambient-vm.test resources:22 size:32.9kB cached:0/18
2022-10-11T15:40:32.363071Z	info	ads	LDS: PUSH for node:istio-eastwestgateway-76f8655d4b-z6ndc.istio-system resources:4 size:13.6kB
2022-10-11T15:40:32.363671Z	info	ads	EDS: PUSH for node:helloworld-v2-79bf565586-z9hsr.sample resources:18 size:3.9kB empty:1 cached:14/18
2022-10-11T15:40:32.363745Z	info	ads	CDS: PUSH for node:istio-ingressgateway-7bd4c94994-wq77w.istio-system resources:20 size:31.9kB cached:0/18
2022-10-11T15:40:32.363831Z	info	ads	EDS: PUSH for node:istio-ingressgateway-7bd4c94994-wq77w.istio-system resources:18 size:3.9kB empty:0 cached:18/18
2022-10-11T15:40:32.363869Z	info	ads	LDS: PUSH for node:istio-ingressgateway-7bd4c94994-wq77w.istio-system resources:1 size:403B
2022-10-11T15:40:32.363990Z	info	ads	EDS: PUSH for node:daniel-ambient-vm.test resources:18 size:1.7kB empty:2 cached:0/18
2022-10-11T15:40:32.364307Z	info	ads	EDS: PUSH for node:helloworld-v1-77cb56d4b4-fqgbb.sample resources:18 size:3.9kB empty:1 cached:4/18
2022-10-11T15:40:32.364730Z	info	ads	LDS: PUSH for node:helloworld-v2-79bf565586-z9hsr.sample resources:20 size:40.6kB
2022-10-11T15:40:32.364994Z	info	ads	RDS: PUSH for node:helloworld-v2-79bf565586-z9hsr.sample resources:7 size:5.5kB cached:0/7
2022-10-11T15:40:32.365121Z	info	ads	LDS: PUSH for node:helloworld-v1-77cb56d4b4-fqgbb.sample resources:20 size:40.6kB
2022-10-11T15:40:32.365235Z	info	ads	RDS: PUSH for node:helloworld-v1-77cb56d4b4-fqgbb.sample resources:7 size:5.5kB cached:5/7
2022-10-11T15:40:32.365573Z	info	ads	LDS: PUSH for node:daniel-ambient-vm.test resources:19 size:33.8kB
2022-10-11T15:40:32.365791Z	info	ads	RDS: PUSH for node:daniel-ambient-vm.test resources:7 size:5.5kB cached:0/7
2022-10-11T15:40:32.365865Z	info	ads	NDS: PUSH for node:daniel-ambient-vm.test resources:1 size:976B
2022-10-11T15:40:32.952904Z	info	ads	Incremental push, service sleep.ambient.svc.cluster.local at shard Kubernetes/cluster1 has no endpoints
2022-10-11T15:40:33.053284Z	info	ads	Push debounce stable[36] 1 for config ServiceEntry/ambient/sleep.ambient.svc.cluster.local: 100.277564ms since last change, 100.27728ms since last push, full=false
2022-10-11T15:40:33.053414Z	info	ads	XDS: Incremental Pushing:2022-10-11T15:40:32Z/29 ConnectedEndpoints:7 Version:2022-10-11T15:40:32Z/29
2022-10-11T15:40:33.480849Z	info	ads	Full push, new service ambient/helloworld.ambient.svc.cluster.local
2022-10-11T15:40:33.610285Z	info	ads	Push debounce stable[37] 4 for reason ambient and 3 more reasons: 100.726527ms since last change, 151.085113ms since last push, full=true
2022-10-11T15:40:33.611776Z	info	ads	XDS: Pushing:2022-10-11T15:40:33Z/30 Services:10 ConnectedEndpoints:7 Version:2022-10-11T15:40:33Z/30
2022-10-11T15:40:33.612412Z	info	ads	CDS: PUSH for node:ztunnel-g4x4p.istio-system resources:24 size:12.0kB
2022-10-11T15:40:33.612712Z	info	ads	LDS: PUSH for node:ztunnel-g4x4p.istio-system resources:4 size:9.2kB
2022-10-11T15:40:33.612755Z	info	ads	ECDS: PUSH for node:ztunnel-g4x4p.istio-system resources:1 size:157B
2022-10-11T15:40:33.613232Z	info	ads	CDS: PUSH for node:ztunnel-w7skd.istio-system resources:27 size:13.6kB
2022-10-11T15:40:33.614188Z	info	ads	LDS: PUSH for node:ztunnel-w7skd.istio-system resources:4 size:50.9kB
2022-10-11T15:40:33.614431Z	info	ads	ECDS: PUSH for node:ztunnel-w7skd.istio-system resources:1 size:355B
2022-10-11T15:40:33.615479Z	info	ads	CDS: PUSH for node:istio-ingressgateway-7bd4c94994-wq77w.istio-system resources:20 size:32.0kB cached:0/18
2022-10-11T15:40:33.616174Z	info	ads	EDS: PUSH for node:istio-ingressgateway-7bd4c94994-wq77w.istio-system resources:18 size:4.4kB empty:1 cached:0/18
2022-10-11T15:40:33.616229Z	info	ads	LDS: PUSH for node:istio-ingressgateway-7bd4c94994-wq77w.istio-system resources:1 size:403B
2022-10-11T15:40:33.617492Z	info	ads	CDS: PUSH for node:daniel-ambient-vm.test resources:22 size:33.0kB cached:0/18
2022-10-11T15:40:33.617941Z	info	ads	EDS: PUSH for node:daniel-ambient-vm.test resources:18 size:1.7kB empty:1 cached:0/18
2022-10-11T15:40:33.618281Z	info	ads	CDS: PUSH for node:istio-eastwestgateway-76f8655d4b-z6ndc.istio-system resources:38 size:41.2kB cached:0/18
2022-10-11T15:40:33.618853Z	info	ads	LDS: PUSH for node:daniel-ambient-vm.test resources:19 size:33.8kB
2022-10-11T15:40:33.619391Z	info	ads	RDS: PUSH for node:daniel-ambient-vm.test resources:7 size:5.5kB cached:0/7
2022-10-11T15:40:33.619447Z	info	ads	NDS: PUSH for node:daniel-ambient-vm.test resources:1 size:976B
2022-10-11T15:40:33.619519Z	info	ads	CDS: PUSH for node:helloworld-v1-77cb56d4b4-fqgbb.sample resources:24 size:33.7kB cached:0/18
2022-10-11T15:40:33.619626Z	info	ads	EDS: PUSH for node:helloworld-v1-77cb56d4b4-fqgbb.sample resources:18 size:4.4kB empty:0 cached:18/18
2022-10-11T15:40:33.619959Z	info	ads	EDS: PUSH for node:istio-eastwestgateway-76f8655d4b-z6ndc.istio-system resources:36 size:6.5kB empty:2 cached:0/36
2022-10-11T15:40:33.620229Z	info	ads	LDS: PUSH for node:istio-eastwestgateway-76f8655d4b-z6ndc.istio-system resources:4 size:13.6kB
2022-10-11T15:40:33.620243Z	info	ads	CDS: PUSH for node:helloworld-v2-79bf565586-z9hsr.sample resources:24 size:33.7kB cached:18/18
2022-10-11T15:40:33.620342Z	info	ads	EDS: PUSH for node:helloworld-v2-79bf565586-z9hsr.sample resources:18 size:4.4kB empty:0 cached:18/18
2022-10-11T15:40:33.621891Z	info	ads	LDS: PUSH for node:helloworld-v2-79bf565586-z9hsr.sample resources:20 size:40.6kB
2022-10-11T15:40:33.622363Z	info	ads	RDS: PUSH for node:helloworld-v2-79bf565586-z9hsr.sample resources:7 size:5.5kB cached:0/7
2022-10-11T15:40:33.622461Z	info	ads	LDS: PUSH for node:helloworld-v1-77cb56d4b4-fqgbb.sample resources:20 size:40.6kB
2022-10-11T15:40:33.622643Z	info	ads	RDS: PUSH for node:helloworld-v1-77cb56d4b4-fqgbb.sample resources:7 size:5.5kB cached:5/7
2022-10-11T15:40:33.642423Z	warn	ambientgen	no endpoint shards for ambient/sleep
2022-10-11T15:40:33.642940Z	info	ads	EDS: PUSH request for node:ztunnel-g4x4p.istio-system resources:19 size:3.7kB
2022-10-11T15:40:33.695495Z	warn	ambientgen	no endpoint shards for ambient/sleep
2022-10-11T15:40:33.696006Z	info	ads	EDS: PUSH request for node:ztunnel-w7skd.istio-system resources:19 size:3.7kB
2022-10-11T15:40:34.439259Z	info	ads	Full push, new service ambient/sleep.ambient.svc.cluster.local
2022-10-11T15:40:34.539702Z	info	ads	Push debounce stable[38] 2 for reason ambient and 1 more reasons: 100.356094ms since last change, 129.757852ms since last push, full=true
2022-10-11T15:40:34.541391Z	info	ads	XDS: Pushing:2022-10-11T15:40:34Z/31 Services:10 ConnectedEndpoints:7 Version:2022-10-11T15:40:34Z/31
2022-10-11T15:40:34.542746Z	info	ads	CDS: PUSH for node:ztunnel-g4x4p.istio-system resources:46 size:25.3kB
2022-10-11T15:40:34.543193Z	info	ads	EDS: PUSH for node:ztunnel-g4x4p.istio-system resources:19 size:3.9kB
2022-10-11T15:40:34.544188Z	info	ads	LDS: PUSH for node:ztunnel-g4x4p.istio-system resources:5 size:44.2kB
2022-10-11T15:40:34.542783Z	info	ads	CDS: PUSH for node:helloworld-v1-77cb56d4b4-fqgbb.sample resources:24 size:33.8kB cached:0/18
2022-10-11T15:40:34.544559Z	info	ads	CDS: PUSH for node:istio-eastwestgateway-76f8655d4b-z6ndc.istio-system resources:38 size:41.3kB cached:0/18
2022-10-11T15:40:34.545724Z	info	ads	CDS: PUSH for node:daniel-ambient-vm.test resources:22 size:33.1kB cached:0/18
2022-10-11T15:40:34.545932Z	info	ads	CDS: PUSH for node:ztunnel-w7skd.istio-system resources:46 size:25.3kB
2022-10-11T15:40:34.546296Z	info	ads	EDS: PUSH for node:daniel-ambient-vm.test resources:18 size:1.8kB empty:0 cached:0/18
2022-10-11T15:40:34.546686Z	info	ads	ECDS: PUSH for node:ztunnel-g4x4p.istio-system resources:1 size:234B
2022-10-11T15:40:34.547322Z	info	ads	LDS: PUSH for node:daniel-ambient-vm.test resources:19 size:33.8kB
2022-10-11T15:40:34.547639Z	info	ads	CDS: PUSH for node:helloworld-v2-79bf565586-z9hsr.sample resources:24 size:33.8kB cached:18/18
2022-10-11T15:40:34.548238Z	info	ads	RDS: PUSH for node:daniel-ambient-vm.test resources:7 size:5.5kB cached:0/7
2022-10-11T15:40:34.548344Z	info	ads	NDS: PUSH for node:daniel-ambient-vm.test resources:1 size:976B
2022-10-11T15:40:34.548544Z	info	ads	EDS: PUSH for node:ztunnel-w7skd.istio-system resources:19 size:3.9kB
2022-10-11T15:40:34.549086Z	info	ads	CDS: PUSH for node:istio-ingressgateway-7bd4c94994-wq77w.istio-system resources:20 size:32.0kB cached:0/18
2022-10-11T15:40:34.549676Z	info	ads	LDS: PUSH for node:ztunnel-w7skd.istio-system resources:5 size:53.7kB
2022-10-11T15:40:34.549751Z	info	ads	ECDS: PUSH for node:ztunnel-w7skd.istio-system resources:1 size:355B
2022-10-11T15:40:34.550035Z	info	ads	EDS: PUSH for node:helloworld-v1-77cb56d4b4-fqgbb.sample resources:18 size:4.6kB empty:0 cached:0/18
2022-10-11T15:40:34.550850Z	info	ads	EDS: PUSH for node:istio-eastwestgateway-76f8655d4b-z6ndc.istio-system resources:36 size:6.8kB empty:0 cached:0/36
2022-10-11T15:40:34.551391Z	info	ads	EDS: PUSH for node:helloworld-v2-79bf565586-z9hsr.sample resources:18 size:4.6kB empty:0 cached:17/18
2022-10-11T15:40:34.551698Z	info	ads	LDS: PUSH for node:istio-eastwestgateway-76f8655d4b-z6ndc.istio-system resources:4 size:13.6kB
2022-10-11T15:40:34.551013Z	info	ads	LDS: PUSH for node:helloworld-v1-77cb56d4b4-fqgbb.sample resources:20 size:40.6kB
2022-10-11T15:40:34.552300Z	info	ads	RDS: PUSH for node:helloworld-v1-77cb56d4b4-fqgbb.sample resources:7 size:5.5kB cached:0/7
2022-10-11T15:40:34.552327Z	info	ads	LDS: PUSH for node:helloworld-v2-79bf565586-z9hsr.sample resources:20 size:40.6kB
2022-10-11T15:40:34.552540Z	info	ads	EDS: PUSH for node:istio-ingressgateway-7bd4c94994-wq77w.istio-system resources:18 size:4.6kB empty:0 cached:18/18
2022-10-11T15:40:34.552917Z	info	ads	RDS: PUSH for node:helloworld-v2-79bf565586-z9hsr.sample resources:7 size:5.5kB cached:5/7
2022-10-11T15:40:34.552920Z	info	ads	LDS: PUSH for node:istio-ingressgateway-7bd4c94994-wq77w.istio-system resources:1 size:403B
2022-10-11T15:40:34.570542Z	info	ads	EDS: PUSH request for node:ztunnel-g4x4p.istio-system resources:19 size:3.8kB filtered:19
2022-10-11T15:40:34.580953Z	info	ads	EDS: PUSH request for node:ztunnel-w7skd.istio-system resources:19 size:3.8kB filtered:19

